<?xml version="1.0" encoding="UTF-8"?>
<!-- Generated by org.testng.reporters.JUnitXMLReporter -->
<testsuite ignored="2" hostname="MadhaviPoreddy" failures="0" tests="1" name="Default test" time="7.143" errors="0" timestamp="2025-04-28T04:18:01 EDT">
  <testcase classname="com.dsalgo.automation.tests.ArrayPageTest" name="arrayPythonLinkTryEdit" time="1.036"/>
  <testcase classname="com.dsalgo.automation.tests.ArrayPageTest" name="arrayPythonLink" time="0.0">
    <ignored/>
  </testcase> <!-- arrayPythonLink -->
  <testcase classname="com.dsalgo.automation.tests.ArrayPageTest" name="checkArrayLandingPage" time="0.0">
    <ignored/>
  </testcase> <!-- checkArrayLandingPage -->
</testsuite> <!-- Default test -->
