<?xml version="1.0" encoding="UTF-8"?>
<!-- Generated by org.testng.reporters.JUnitXMLReporter -->
<testsuite ignored="20" hostname="MadhaviPoreddy" failures="1" tests="6" name="Default test" time="178.527" errors="0" timestamp="2025-05-02T21:05:15 EDT">
  <testcase classname="com.dsalgo.automation.tests.ArrayPageTest" name="testSearchPractieceCode" time="1.615"/>
  <testcase classname="com.dsalgo.automation.tests.ArrayPageTest" name="testSearchPractieceCode" time="0.746"/>
  <testcase classname="com.dsalgo.automation.tests.ArrayPageTest" name="testSearchPractieceCode" time="0.818"/>
  <testcase classname="com.dsalgo.automation.tests.ArrayPageTest" name="testSearchPractieceCode" time="3.869">
    <failure type="org.openqa.selenium.NoSuchElementException" message="no such element: Unable to locate element: {&amp;quot;method&amp;quot;:&amp;quot;xpath&amp;quot;,&amp;quot;selector&amp;quot;:&amp;quot;//pre[text()=&amp;quot;Error occurred during submission&amp;quot;]&amp;quot;}
  (Session info: chrome=135.0.7049.115)
For documentation on this error, please visit: https://www.selenium.dev/documentation/webdriver/troubleshooting/errors#no-such-element-exception
Build info: version: &amp;apos;4.31.0&amp;apos;, revision: &amp;apos;1ef9f18787*&amp;apos;
System info: os.name: &amp;apos;Windows 11&amp;apos;, os.arch: &amp;apos;amd64&amp;apos;, os.version: &amp;apos;10.0&amp;apos;, java.version: &amp;apos;21.0.6&amp;apos;
Driver info: org.openqa.selenium.chrome.ChromeDriver
Command: [3bfb23424bd8df56510aeb6ff3b9535d, findElement {value=//pre[text()=&amp;quot;Error occurred during submission&amp;quot;], using=xpath}]
Capabilities {acceptInsecureCerts: false, browserName: chrome, browserVersion: 135.0.7049.115, chrome: {chromedriverVersion: 135.0.7049.114 (63fd8a7d9d0..., userDataDir: C:\Users\mpore\AppData\Loca...}, fedcm:accounts: true, goog:chromeOptions: {debuggerAddress: localhost:51298}, networkConnectionEnabled: false, pageLoadStrategy: normal, platformName: windows, proxy: Proxy(), se:cdp: ws://localhost:51298/devtoo..., se:cdpVersion: 135.0.7049.115, setWindowRect: true, strictFileInteractability: false, timeouts: {implicit: 0, pageLoad: 300000, script: 30000}, unhandledPromptBehavior: dismiss and notify, webauthn:extension:credBlob: true, webauthn:extension:largeBlob: true, webauthn:extension:minPinLength: true, webauthn:extension:prf: true, webauthn:virtualAuthenticators: true}
Session ID: 3bfb23424bd8df56510aeb6ff3b9535d">
      <![CDATA[org.openqa.selenium.NoSuchElementException: no such element: Unable to locate element: {"method":"xpath","selector":"//pre[text()="Error occurred during submission"]"}
  (Session info: chrome=135.0.7049.115)
For documentation on this error, please visit: https://www.selenium.dev/documentation/webdriver/troubleshooting/errors#no-such-element-exception
Build info: version: '4.31.0', revision: '1ef9f18787*'
System info: os.name: 'Windows 11', os.arch: 'amd64', os.version: '10.0', java.version: '21.0.6'
Driver info: org.openqa.selenium.chrome.ChromeDriver
Command: [3bfb23424bd8df56510aeb6ff3b9535d, findElement {value=//pre[text()="Error occurred during submission"], using=xpath}]
Capabilities {acceptInsecureCerts: false, browserName: chrome, browserVersion: 135.0.7049.115, chrome: {chromedriverVersion: 135.0.7049.114 (63fd8a7d9d0..., userDataDir: C:\Users\mpore\AppData\Loca...}, fedcm:accounts: true, goog:chromeOptions: {debuggerAddress: localhost:51298}, networkConnectionEnabled: false, pageLoadStrategy: normal, platformName: windows, proxy: Proxy(), se:cdp: ws://localhost:51298/devtoo..., se:cdpVersion: 135.0.7049.115, setWindowRect: true, strictFileInteractability: false, timeouts: {implicit: 0, pageLoad: 300000, script: 30000}, unhandledPromptBehavior: dismiss and notify, webauthn:extension:credBlob: true, webauthn:extension:largeBlob: true, webauthn:extension:minPinLength: true, webauthn:extension:prf: true, webauthn:virtualAuthenticators: true}
Session ID: 3bfb23424bd8df56510aeb6ff3b9535d
at java.base/jdk.internal.reflect.DirectConstructorHandleAccessor.newInstance(DirectConstructorHandleAccessor.java:62)
at java.base/java.lang.reflect.Constructor.newInstanceWithCaller(Constructor.java:502)
at java.base/java.lang.reflect.Constructor.newInstance(Constructor.java:486)
at org.openqa.selenium.remote.ErrorCodec.decode(ErrorCodec.java:167)
at org.openqa.selenium.remote.codec.w3c.W3CHttpResponseCodec.decode(W3CHttpResponseCodec.java:138)
at org.openqa.selenium.remote.codec.w3c.W3CHttpResponseCodec.decode(W3CHttpResponseCodec.java:50)
at org.openqa.selenium.remote.HttpCommandExecutor.execute(HttpCommandExecutor.java:215)
at org.openqa.selenium.remote.service.DriverCommandExecutor.invokeExecute(DriverCommandExecutor.java:216)
at org.openqa.selenium.remote.service.DriverCommandExecutor.execute(DriverCommandExecutor.java:174)
at org.openqa.selenium.remote.RemoteWebDriver.execute(RemoteWebDriver.java:545)
at org.openqa.selenium.remote.ElementLocation$ElementFinder$2.findElement(ElementLocation.java:165)
at org.openqa.selenium.remote.ElementLocation.findElement(ElementLocation.java:59)
at org.openqa.selenium.remote.RemoteWebDriver.findElement(RemoteWebDriver.java:368)
at org.openqa.selenium.remote.RemoteWebDriver.findElement(RemoteWebDriver.java:362)
at org.openqa.selenium.support.pagefactory.DefaultElementLocator.findElement(DefaultElementLocator.java:68)
at org.openqa.selenium.support.pagefactory.internal.LocatingElementHandler.invoke(LocatingElementHandler.java:38)
at jdk.proxy2/jdk.proxy2.$Proxy30.getText(Unknown Source)
at com.dsalgo.automation.pages.ArrayPage.verifyOutputError(ArrayPage.java:105)
at com.dsalgo.automation.tests.ArrayPageTest.testSearchPractieceCode(ArrayPageTest.java:113)
at java.base/jdk.internal.reflect.DirectMethodHandleAccessor.invoke(DirectMethodHandleAccessor.java:103)
at java.base/java.lang.reflect.Method.invoke(Method.java:580)
at org.testng.internal.invokers.MethodInvocationHelper.invokeMethod(MethodInvocationHelper.java:141)
at org.testng.internal.invokers.TestInvoker.invokeMethod(TestInvoker.java:687)
at org.testng.internal.invokers.TestInvoker.invokeTestMethod(TestInvoker.java:230)
at org.testng.internal.invokers.MethodRunner.runInSequence(MethodRunner.java:63)
at org.testng.internal.invokers.TestInvoker$MethodInvocationAgent.invoke(TestInvoker.java:995)
at org.testng.internal.invokers.TestInvoker.invokeTestMethods(TestInvoker.java:203)
at org.testng.internal.invokers.TestMethodWorker.invokeTestMethods(TestMethodWorker.java:154)
at org.testng.internal.invokers.TestMethodWorker.run(TestMethodWorker.java:134)
at java.base/java.util.ArrayList.forEach(ArrayList.java:1596)
at org.testng.TestRunner.privateRun(TestRunner.java:741)
at org.testng.TestRunner.run(TestRunner.java:616)
at org.testng.SuiteRunner.runTest(SuiteRunner.java:421)
at org.testng.SuiteRunner.runSequentially(SuiteRunner.java:413)
at org.testng.SuiteRunner.privateRun(SuiteRunner.java:373)
at org.testng.SuiteRunner.run(SuiteRunner.java:312)
at org.testng.SuiteRunnerWorker.runSuite(SuiteRunnerWorker.java:52)
at org.testng.SuiteRunnerWorker.run(SuiteRunnerWorker.java:95)
at org.testng.TestNG.runSuitesSequentially(TestNG.java:1274)
at org.testng.TestNG.runSuitesLocally(TestNG.java:1208)
at org.testng.TestNG.runSuites(TestNG.java:1112)
at org.testng.TestNG.run(TestNG.java:1079)
at org.testng.remote.AbstractRemoteTestNG.run(AbstractRemoteTestNG.java:115)
at org.testng.remote.RemoteTestNG.initAndRun(RemoteTestNG.java:293)
at org.testng.remote.RemoteTestNG.main(RemoteTestNG.java:91)
]]>
    </failure>
  </testcase> <!-- testSearchPractieceCode -->
  <testcase classname="com.dsalgo.automation.tests.ArrayPageTest" name="testSearchPractieceCode" time="1.281"/>
  <testcase classname="com.dsalgo.automation.tests.ArrayPageTest" name="testSearchPractieceCode" time="1.329"/>
  <testcase classname="com.dsalgo.automation.tests.ArrayPageTest" name="applicationOfArraryLink" time="0.0">
    <ignored/>
  </testcase> <!-- applicationOfArraryLink -->
  <testcase classname="com.dsalgo.automation.tests.ArrayPageTest" name="arrayUsingListTryEdit" time="0.0">
    <ignored/>
  </testcase> <!-- arrayUsingListTryEdit -->
  <testcase classname="com.dsalgo.automation.tests.ArrayPageTest" name="checkArrayLandingPage" time="0.0">
    <ignored/>
  </testcase> <!-- checkArrayLandingPage -->
  <testcase classname="com.dsalgo.automation.tests.ArrayPageTest" name="arrayUsingList" time="0.0">
    <ignored/>
  </testcase> <!-- arrayUsingList -->
  <testcase classname="com.dsalgo.automation.tests.ArrayPageTest" name="testMaxConsecutivePractieceCodeSubmit" time="0.0">
    <ignored/>
  </testcase> <!-- testMaxConsecutivePractieceCodeSubmit -->
  <testcase classname="com.dsalgo.automation.tests.ArrayPageTest" name="applicationOfArraryTryEdit" time="0.0">
    <ignored/>
  </testcase> <!-- applicationOfArraryTryEdit -->
  <testcase classname="com.dsalgo.automation.tests.ArrayPageTest" name="arrayUsingListfromLeftMenu" time="0.0">
    <ignored/>
  </testcase> <!-- arrayUsingListfromLeftMenu -->
  <testcase classname="com.dsalgo.automation.tests.ArrayPageTest" name="testcodeEditor" time="0.0">
    <ignored/>
  </testcase> <!-- testcodeEditor -->
  <testcase classname="com.dsalgo.automation.tests.ArrayPageTest" name="arrayPythonLinkTryEdit" time="0.0">
    <ignored/>
  </testcase> <!-- arrayPythonLinkTryEdit -->
  <testcase classname="com.dsalgo.automation.tests.ArrayPageTest" name="testSoertedArrayPractieceCodeRun" time="0.0">
    <ignored/>
  </testcase> <!-- testSoertedArrayPractieceCodeRun -->
  <testcase classname="com.dsalgo.automation.tests.ArrayPageTest" name="basicOperinListTryEdit" time="0.0">
    <ignored/>
  </testcase> <!-- basicOperinListTryEdit -->
  <testcase classname="com.dsalgo.automation.tests.ArrayPageTest" name="arrayPractieceQue" time="0.0">
    <ignored/>
  </testcase> <!-- arrayPractieceQue -->
  <testcase classname="com.dsalgo.automation.tests.ArrayPageTest" name="findWithEvenDigitPractieceQue" time="0.0">
    <ignored/>
  </testcase> <!-- findWithEvenDigitPractieceQue -->
  <testcase classname="com.dsalgo.automation.tests.ArrayPageTest" name="testMaxConsecutivePractieceCodeRun" time="0.0">
    <ignored/>
  </testcase> <!-- testMaxConsecutivePractieceCodeRun -->
  <testcase classname="com.dsalgo.automation.tests.ArrayPageTest" name="maxPractieceQPractieceQue" time="0.0">
    <ignored/>
  </testcase> <!-- maxPractieceQPractieceQue -->
  <testcase classname="com.dsalgo.automation.tests.ArrayPageTest" name="arrayPythonLink" time="0.0">
    <ignored/>
  </testcase> <!-- arrayPythonLink -->
  <testcase classname="com.dsalgo.automation.tests.ArrayPageTest" name="searchTheArrayPractieceQue" time="0.0">
    <ignored/>
  </testcase> <!-- searchTheArrayPractieceQue -->
  <testcase classname="com.dsalgo.automation.tests.ArrayPageTest" name="testFindEvenPractieceCodeRun" time="0.0">
    <ignored/>
  </testcase> <!-- testFindEvenPractieceCodeRun -->
  <testcase classname="com.dsalgo.automation.tests.ArrayPageTest" name="squaredOfSortedArrayPractieceQue" time="0.0">
    <ignored/>
  </testcase> <!-- squaredOfSortedArrayPractieceQue -->
  <testcase classname="com.dsalgo.automation.tests.ArrayPageTest" name="arrayBasicOperinListLink" time="0.0">
    <ignored/>
  </testcase> <!-- arrayBasicOperinListLink -->
</testsuite> <!-- Default test -->
