<?xml version="1.0" encoding="UTF-8"?>
<!-- Generated by org.testng.reporters.JUnitXMLReporter -->
<testsuite ignored="0" hostname="rajas-imac.lan" failures="3" tests="36" name="CrossBrowserTests-Chrome" time="142.36" errors="0" timestamp="2025-05-01T22:54:39 PDT">
  <testcase classname="com.dsalgo.automation.tests.HomePageTest" name="checkLogoHomeRedirection" time="3.967"/>
  <testcase classname="com.dsalgo.automation.tests.HomePageTest" name="checkRegister" time="2.689"/>
  <testcase classname="com.dsalgo.automation.tests.HomePageTest" name="checkSignin" time="1.11"/>
  <testcase classname="com.dsalgo.automation.tests.LoginPageTest" name="testInvalidLogin" time="11.537"/>
  <testcase classname="com.dsalgo.automation.tests.LoginPageTest" name="testInvalidLogin" time="5.156"/>
  <testcase classname="com.dsalgo.automation.tests.DataStructureTest" name="practiceQues" time="17.459">
    <failure type="java.lang.AssertionError" message="The Practice Questions page is unexpectedly blank! expected [true] but found [false]">
      <![CDATA[java.lang.AssertionError: The Practice Questions page is unexpectedly blank! expected [true] but found [false]
at com.dsalgo.automation.tests.DataStructureTest.practiceQues(DataStructureTest.java:94)
at java.base/java.util.concurrent.Executors$RunnableAdapter.call(Executors.java:572)
at java.base/java.util.concurrent.FutureTask.run(FutureTask.java:317)
at java.base/java.util.concurrent.ThreadPoolExecutor.runWorker(ThreadPoolExecutor.java:1144)
at java.base/java.util.concurrent.ThreadPoolExecutor$Worker.run(ThreadPoolExecutor.java:642)
at java.base/java.lang.Thread.run(Thread.java:1575)
... Removed 14 stack frames]]>
    </failure>
  </testcase> <!-- practiceQues -->
  <testcase classname="com.dsalgo.automation.tests.LoginPageTest" name="testInvalidLogin" time="2.973"/>
  <testcase classname="com.dsalgo.automation.tests.HomePageTest" name="testEachDropdownOptionWithLogin" time="11.477"/>
  <testcase classname="com.dsalgo.automation.tests.LoginPageTest" name="testInvalidLogin" time="3.003"/>
  <testcase classname="com.dsalgo.automation.tests.HomePageTest" name="testEachDropdownOptionWithLogin" time="5.338"/>
  <testcase classname="com.dsalgo.automation.tests.LoginPageTest" name="testValidLogin" time="3.023"/>
  <testcase classname="com.dsalgo.automation.tests.HomePageTest" name="testEachDropdownOptionWithLogin" time="4.219"/>
  <testcase classname="com.dsalgo.automation.tests.HomePageTest" name="testEachDropdownOptionWithLogin" time="3.06"/>
  <testcase classname="com.dsalgo.automation.tests.DataStructureTest" name="testValidInvalidPythonCode" time="17.206"/>
  <testcase classname="com.dsalgo.automation.tests.HomePageTest" name="testEachDropdownOptionWithLogin" time="14.259"/>
  <testcase classname="com.dsalgo.automation.tests.HomePageTest" name="testEachDropdownOptionWithLogin" time="6.943"/>
  <testcase classname="com.dsalgo.automation.tests.HomePageTest" name="testEachDropdownOptionWithoutLogin" time="3.012"/>
  <testcase classname="com.dsalgo.automation.tests.DataStructureTest" name="testValidInvalidPythonCode" time="23.129"/>
  <testcase classname="com.dsalgo.automation.tests.HomePageTest" name="testEachDropdownOptionWithoutLogin" time="3.667"/>
  <testcase classname="com.dsalgo.automation.tests.HomePageTest" name="testEachDropdownOptionWithoutLogin" time="1.576"/>
  <testcase classname="com.dsalgo.automation.tests.HomePageTest" name="testEachDropdownOptionWithoutLogin" time="1.143"/>
  <testcase classname="com.dsalgo.automation.tests.HomePageTest" name="testEachDropdownOptionWithoutLogin" time="1.024"/>
  <testcase classname="com.dsalgo.automation.tests.HomePageTest" name="testEachDropdownOptionWithoutLogin" time="1.183"/>
  <testcase classname="com.dsalgo.automation.tests.HomePageTest" name="testGetStartedButtonsWithoutLogin" time="1.338"/>
  <testcase classname="com.dsalgo.automation.tests.HomePageTest" name="testGetStartedButtonsWithoutLogin" time="0.987"/>
  <testcase classname="com.dsalgo.automation.tests.GraphPageTest" name="graphValidInvalidPythonCode" time="26.171"/>
  <testcase classname="com.dsalgo.automation.tests.HomePageTest" name="testGetStartedButtonsWithoutLogin" time="1.52"/>
  <testcase classname="com.dsalgo.automation.tests.HomePageTest" name="testGetStartedButtonsWithoutLogin" time="1.238"/>
  <testcase classname="com.dsalgo.automation.tests.HomePageTest" name="testGetStartedButtonsWithoutLogin" time="1.016"/>
  <testcase classname="com.dsalgo.automation.tests.HomePageTest" name="testGetStartedButtonsWithoutLogin" time="0.907"/>
  <testcase classname="com.dsalgo.automation.tests.HomePageTest" name="testGetStartedButtonsWithoutLogin" time="0.97"/>
  <testcase classname="com.dsalgo.automation.tests.HomePageTest" name="verifyCustomDropdownOptions" time="0.334">
    <failure type="java.lang.AssertionError" message="Dropdown options mismatch.: lists don&amp;apos;t have the same size expected [7] but found [6]">
      <![CDATA[java.lang.AssertionError: Dropdown options mismatch.: lists don't have the same size expected [7] but found [6]
at com.dsalgo.automation.tests.HomePageTest.verifyCustomDropdownOptions(HomePageTest.java:64)
at java.base/java.util.concurrent.Executors$RunnableAdapter.call(Executors.java:572)
at java.base/java.util.concurrent.FutureTask.run(FutureTask.java:317)
at java.base/java.util.concurrent.ThreadPoolExecutor.runWorker(ThreadPoolExecutor.java:1144)
at java.base/java.util.concurrent.ThreadPoolExecutor$Worker.run(ThreadPoolExecutor.java:642)
at java.base/java.lang.Thread.run(Thread.java:1575)
... Removed 18 stack frames]]>
    </failure>
  </testcase> <!-- verifyCustomDropdownOptions -->
  <testcase classname="com.dsalgo.automation.tests.GraphPageTest" name="graphValidInvalidPythonCode" time="10.381"/>
  <testcase classname="com.dsalgo.automation.tests.GraphPageTest" name="graphrepValidInvalidPythonCode" time="3.694"/>
  <testcase classname="com.dsalgo.automation.tests.GraphPageTest" name="graphrepValidInvalidPythonCode" time="3.059"/>
  <testcase classname="com.dsalgo.automation.tests.GraphPageTest" name="testGraphRepPageLayout" time="2.944">
    <failure type="java.lang.AssertionError" message="Image and paragraph are overlapping on the Graph Representations page! expected [false] but found [true]">
      <![CDATA[java.lang.AssertionError: Image and paragraph are overlapping on the Graph Representations page! expected [false] but found [true]
at com.dsalgo.automation.tests.GraphPageTest.testGraphRepPageLayout(GraphPageTest.java:100)
at java.base/java.util.concurrent.Executors$RunnableAdapter.call(Executors.java:572)
at java.base/java.util.concurrent.FutureTask.run(FutureTask.java:317)
at java.base/java.util.concurrent.ThreadPoolExecutor.runWorker(ThreadPoolExecutor.java:1144)
at java.base/java.util.concurrent.ThreadPoolExecutor$Worker.run(ThreadPoolExecutor.java:642)
at java.base/java.lang.Thread.run(Thread.java:1575)
... Removed 14 stack frames]]>
    </failure>
  </testcase> <!-- testGraphRepPageLayout -->
</testsuite> <!-- CrossBrowserTests-Chrome -->
