<?xml version="1.0" encoding="UTF-8"?>
<!-- Generated by org.testng.reporters.JUnitXMLReporter -->
<testsuite ignored="0" hostname="MadhaviPoreddy" failures="36" tests="291" name="CrossBrowserTests-Chrome" time="412.171" errors="0" timestamp="2025-05-05T21:35:34 EDT">
  <testcase classname="com.dsalgo.automation.tests.HomePageTest" name="checkLogoHomeRedirection" time="0.234"/>
  <testcase classname="com.dsalgo.automation.tests.HomePageTest" name="checkRegister" time="0.182"/>
  <testcase classname="com.dsalgo.automation.tests.HomePageTest" name="checkSignin" time="0.19"/>
  <testcase classname="com.dsalgo.automation.tests.LoginPageTest" name="testInvalidLogin" time="0.8"/>
  <testcase classname="com.dsalgo.automation.tests.DataStructureTest" name="practiceQues" time="2.071">
    <skipped/>
  </testcase> <!-- practiceQues -->
  <testcase classname="com.dsalgo.automation.tests.LoginPageTest" name="testInvalidLogin" time="0.533"/>
  <testcase classname="com.dsalgo.automation.tests.HomePageTest" name="testEachDropdownOptionWithLogin" time="1.982"/>
  <testcase classname="com.dsalgo.automation.tests.LoginPageTest" name="testInvalidLogin" time="0.937"/>
  <testcase classname="com.dsalgo.automation.tests.DataStructureTest" name="practiceQues" time="1.665">
    <skipped/>
  </testcase> <!-- practiceQues -->
  <testcase classname="com.dsalgo.automation.tests.LoginPageTest" name="testInvalidLogin" time="1.125"/>
  <testcase classname="com.dsalgo.automation.tests.HomePageTest" name="testEachDropdownOptionWithLogin" time="2.094"/>
  <testcase classname="com.dsalgo.automation.tests.LoginPageTest" name="testValidLogin" time="1.68"/>
  <testcase classname="com.dsalgo.automation.tests.DataStructureTest" name="practiceQues" time="2.358">
    <failure type="java.lang.AssertionError" message="The Practice Questions page is unexpectedly blank! expected [true] but found [false]">
      <![CDATA[java.lang.AssertionError: The Practice Questions page is unexpectedly blank! expected [true] but found [false]
at com.dsalgo.automation.tests.DataStructureTest.practiceQues(DataStructureTest.java:108)
at java.base/java.util.concurrent.Executors$RunnableAdapter.call(Executors.java:572)
at java.base/java.util.concurrent.FutureTask.run(FutureTask.java:317)
at java.base/java.util.concurrent.ThreadPoolExecutor.runWorker(ThreadPoolExecutor.java:1144)
at java.base/java.util.concurrent.ThreadPoolExecutor$Worker.run(ThreadPoolExecutor.java:642)
at java.base/java.lang.Thread.run(Thread.java:1583)
... Removed 14 stack frames]]>
    </failure>
  </testcase> <!-- practiceQues -->
  <testcase classname="com.dsalgo.automation.tests.HomePageTest" name="testEachDropdownOptionWithLogin" time="2.758"/>
  <testcase classname="com.dsalgo.automation.tests.DataStructureTest" name="testDisplayAssessment" time="3.214"/>
  <testcase classname="com.dsalgo.automation.tests.HomePageTest" name="testEachDropdownOptionWithLogin" time="2.751"/>
  <testcase classname="com.dsalgo.automation.tests.GraphPageTest" name="graphValidInvalidPythonCode" time="3.83"/>
  <testcase classname="com.dsalgo.automation.tests.DataStructureTest" name="testDisplayDatastructure" time="1.812"/>
  <testcase classname="com.dsalgo.automation.tests.HomePageTest" name="testEachDropdownOptionWithLogin" time="2.466"/>
  <testcase classname="com.dsalgo.automation.tests.GraphPageTest" name="graphValidInvalidPythonCode" time="2.399"/>
  <testcase classname="com.dsalgo.automation.tests.HomePageTest" name="testEachDropdownOptionWithLogin" time="2.249"/>
  <testcase classname="com.dsalgo.automation.tests.DataStructureTest" name="testDisplayTimeCom" time="2.281"/>
  <testcase classname="com.dsalgo.automation.tests.HomePageTest" name="testEachDropdownOptionWithoutLogin" time="0.683"/>
  <testcase classname="com.dsalgo.automation.tests.HomePageTest" name="testEachDropdownOptionWithoutLogin" time="0.458"/>
  <testcase classname="com.dsalgo.automation.tests.GraphPageTest" name="graphrepValidInvalidPythonCode" time="2.333"/>
  <testcase classname="com.dsalgo.automation.tests.HomePageTest" name="testEachDropdownOptionWithoutLogin" time="0.599"/>
  <testcase classname="com.dsalgo.automation.tests.HomePageTest" name="testEachDropdownOptionWithoutLogin" time="0.412"/>
  <testcase classname="com.dsalgo.automation.tests.HomePageTest" name="testEachDropdownOptionWithoutLogin" time="0.678"/>
  <testcase classname="com.dsalgo.automation.tests.GraphPageTest" name="graphrepValidInvalidPythonCode" time="1.7"/>
  <testcase classname="com.dsalgo.automation.tests.HomePageTest" name="testEachDropdownOptionWithoutLogin" time="0.67"/>
  <testcase classname="com.dsalgo.automation.tests.DataStructureTest" name="testNumpyninjaLogo" time="4.576">
    <skipped/>
  </testcase> <!-- testNumpyninjaLogo -->
  <testcase classname="com.dsalgo.automation.tests.HomePageTest" name="testGetStartedButtonsWithoutLogin" time="0.677"/>
  <testcase classname="com.dsalgo.automation.tests.GraphPageTest" name="testGraphAssessmentPage" time="2.182"/>
  <testcase classname="com.dsalgo.automation.tests.GraphPageTest" name="testGraphPageDisplayed" time="1.347"/>
  <testcase classname="com.dsalgo.automation.tests.DataStructureTest" name="testNumpyninjaLogo" time="4.914">
    <skipped/>
  </testcase> <!-- testNumpyninjaLogo -->
  <testcase classname="com.dsalgo.automation.tests.GraphPageTest" name="testGraphRepAssessment" time="1.924"/>
  <testcase classname="com.dsalgo.automation.tests.GraphPageTest" name="testGraphRepPage" time="1.543"/>
  <testcase classname="com.dsalgo.automation.tests.GraphPageTest" name="testGraphRepPageLayout" time="1.546">
    <skipped/>
  </testcase> <!-- testGraphRepPageLayout -->
  <testcase classname="com.dsalgo.automation.tests.DataStructureTest" name="testNumpyninjaLogo" time="4.599">
    <failure type="java.lang.AssertionError" message="Failed to navigate to Home Page expected [true] but found [false]">
      <![CDATA[java.lang.AssertionError: Failed to navigate to Home Page expected [true] but found [false]
at com.dsalgo.automation.tests.DataStructureTest.testNumpyninjaLogo(DataStructureTest.java:55)
at java.base/java.util.concurrent.Executors$RunnableAdapter.call(Executors.java:572)
at java.base/java.util.concurrent.FutureTask.run(FutureTask.java:317)
at java.base/java.util.concurrent.ThreadPoolExecutor.runWorker(ThreadPoolExecutor.java:1144)
at java.base/java.util.concurrent.ThreadPoolExecutor$Worker.run(ThreadPoolExecutor.java:642)
at java.base/java.lang.Thread.run(Thread.java:1583)
... Removed 14 stack frames]]>
    </failure>
  </testcase> <!-- testNumpyninjaLogo -->
  <testcase classname="com.dsalgo.automation.tests.GraphPageTest" name="testGraphRepPageLayout" time="1.604">
    <skipped/>
  </testcase> <!-- testGraphRepPageLayout -->
  <testcase classname="com.dsalgo.automation.tests.HomePageTest" name="testGetStartedButtonsWithoutLogin" time="13.192"/>
  <testcase classname="com.dsalgo.automation.tests.DataStructureTest" name="testValidInvalidPythonCode" time="2.213"/>
  <testcase classname="com.dsalgo.automation.tests.HomePageTest" name="testGetStartedButtonsWithoutLogin" time="0.463"/>
  <testcase classname="com.dsalgo.automation.tests.HomePageTest" name="testGetStartedButtonsWithoutLogin" time="0.644"/>
  <testcase classname="com.dsalgo.automation.tests.HomePageTest" name="testGetStartedButtonsWithoutLogin" time="0.521"/>
  <testcase classname="com.dsalgo.automation.tests.GraphPageTest" name="testGraphRepPageLayout" time="2.167">
    <failure type="java.lang.AssertionError" message="Image and paragraph are overlapping on the Graph Representations page! expected [false] but found [true]">
      <![CDATA[java.lang.AssertionError: Image and paragraph are overlapping on the Graph Representations page! expected [false] but found [true]
at com.dsalgo.automation.tests.GraphPageTest.testGraphRepPageLayout(GraphPageTest.java:109)
at java.base/java.util.concurrent.Executors$RunnableAdapter.call(Executors.java:572)
at java.base/java.util.concurrent.FutureTask.run(FutureTask.java:317)
at java.base/java.util.concurrent.ThreadPoolExecutor.runWorker(ThreadPoolExecutor.java:1144)
at java.base/java.util.concurrent.ThreadPoolExecutor$Worker.run(ThreadPoolExecutor.java:642)
at java.base/java.lang.Thread.run(Thread.java:1583)
... Removed 14 stack frames]]>
    </failure>
  </testcase> <!-- testGraphRepPageLayout -->
  <testcase classname="com.dsalgo.automation.tests.DataStructureTest" name="testValidInvalidPythonCode" time="2.331"/>
  <testcase classname="com.dsalgo.automation.tests.HomePageTest" name="testGetStartedButtonsWithoutLogin" time="0.605"/>
  <testcase classname="com.dsalgo.automation.tests.HomePageTest" name="testGetStartedButtonsWithoutLogin" time="0.608"/>
  <testcase classname="com.dsalgo.automation.tests.HomePageTest" name="verifyCustomDropdownOptions" time="0.203">
    <skipped/>
  </testcase> <!-- verifyCustomDropdownOptions -->
  <testcase classname="com.dsalgo.automation.tests.GraphPageTest" name="testGraphSubModuleDisp" time="1.916"/>
  <testcase classname="com.dsalgo.automation.tests.HomePageTest" name="verifyCustomDropdownOptions" time="0.198">
    <skipped/>
  </testcase> <!-- verifyCustomDropdownOptions -->
  <testcase classname="com.dsalgo.automation.tests.HomePageTest" name="verifyCustomDropdownOptions" time="0.156">
    <failure type="java.lang.AssertionError" message="Dropdown options mismatch. Data Structure Introduction is not available: lists don&amp;apos;t have the same size expected [7] but found [6]">
      <![CDATA[java.lang.AssertionError: Dropdown options mismatch. Data Structure Introduction is not available: lists don't have the same size expected [7] but found [6]
at com.dsalgo.automation.tests.HomePageTest.verifyCustomDropdownOptions(HomePageTest.java:62)
at java.base/java.util.concurrent.Executors$RunnableAdapter.call(Executors.java:572)
at java.base/java.util.concurrent.FutureTask.run(FutureTask.java:317)
at java.base/java.util.concurrent.ThreadPoolExecutor.runWorker(ThreadPoolExecutor.java:1144)
at java.base/java.util.concurrent.ThreadPoolExecutor$Worker.run(ThreadPoolExecutor.java:642)
at java.base/java.lang.Thread.run(Thread.java:1583)
... Removed 18 stack frames]]>
    </failure>
  </testcase> <!-- verifyCustomDropdownOptions -->
  <testcase classname="com.dsalgo.automation.tests.ArrayPageTest" name="applicationOfArraryLink" time="0.348"/>
  <testcase classname="com.dsalgo.automation.tests.StackPageTest" name="checkStackLandingPage" time="0.037"/>
  <testcase classname="com.dsalgo.automation.tests.ArrayPageTest" name="applicationOfArraryTryEdit" time="1.656"/>
  <testcase classname="com.dsalgo.automation.tests.StackPageTest" name="operationsInStackLink" time="0.448"/>
  <testcase classname="com.dsalgo.automation.tests.ArrayPageTest" name="arrayBasicOperinListLink" time="0.461"/>
  <testcase classname="com.dsalgo.automation.tests.LinkedListPageTest" name="TypesOfLL_DoublyLinkedListLink" time="5.424">
    <skipped/>
  </testcase> <!-- TypesOfLL_DoublyLinkedListLink -->
  <testcase classname="com.dsalgo.automation.tests.StackPageTest" name="operationsInStackLinkTryEdit" time="0.816"/>
  <testcase classname="com.dsalgo.automation.tests.ArrayPageTest" name="arrayPractieceQue" time="0.61"/>
  <testcase classname="com.dsalgo.automation.tests.StackPageTest" name="stackApplications" time="0.249"/>
  <testcase classname="com.dsalgo.automation.tests.ArrayPageTest" name="arrayPythonLink" time="0.766"/>
  <testcase classname="com.dsalgo.automation.tests.StackPageTest" name="stackApplicationsTryEdit" time="0.879"/>
  <testcase classname="com.dsalgo.automation.tests.LinkedListPageTest" name="TypesOfLL_DoublyLinkedListLink" time="4.232">
    <skipped/>
  </testcase> <!-- TypesOfLL_DoublyLinkedListLink -->
  <testcase classname="com.dsalgo.automation.tests.StackPageTest" name="stackImplementation" time="0.294"/>
  <testcase classname="com.dsalgo.automation.tests.ArrayPageTest" name="arrayPythonLinkTryEdit" time="0.658"/>
  <testcase classname="com.dsalgo.automation.tests.ArrayPageTest" name="arrayUsingList" time="0.359"/>
  <testcase classname="com.dsalgo.automation.tests.StackPageTest" name="stackImplementationTryEdit" time="0.48"/>
  <testcase classname="com.dsalgo.automation.tests.LinkedListPageTest" name="TypesOfLL_DoublyLinkedListLink" time="4.891">
    <failure type="java.lang.AssertionError" message="Test Case Failed: Error page is displayed when clicked on the link expected [Doubly Linked List] but found [www.javatpoint.com]">
      <![CDATA[java.lang.AssertionError: Test Case Failed: Error page is displayed when clicked on the link expected [Doubly Linked List] but found [www.javatpoint.com]
at com.dsalgo.automation.tests.LinkedListPageTest.TypesOfLL_DoublyLinkedListLink(LinkedListPageTest.java:151)
at java.base/java.util.concurrent.Executors$RunnableAdapter.call(Executors.java:572)
at java.base/java.util.concurrent.FutureTask.run(FutureTask.java:317)
at java.base/java.util.concurrent.ThreadPoolExecutor.runWorker(ThreadPoolExecutor.java:1144)
at java.base/java.util.concurrent.ThreadPoolExecutor$Worker.run(ThreadPoolExecutor.java:642)
at java.base/java.lang.Thread.run(Thread.java:1583)
... Removed 16 stack frames]]>
    </failure>
  </testcase> <!-- TypesOfLL_DoublyLinkedListLink -->
  <testcase classname="com.dsalgo.automation.tests.StackPageTest" name="stackPracticeLink" time="0.64"/>
  <testcase classname="com.dsalgo.automation.tests.ArrayPageTest" name="arrayUsingListTryEdit" time="0.654"/>
  <testcase classname="com.dsalgo.automation.tests.StackPageTest" name="testcodeEditor" time="0.707"/>
  <testcase classname="com.dsalgo.automation.tests.ArrayPageTest" name="arrayUsingListfromLeftMenu" time="0.606"/>
  <testcase classname="com.dsalgo.automation.tests.StackPageTest" name="testcodeEditor" time="0.613"/>
  <testcase classname="com.dsalgo.automation.tests.ArrayPageTest" name="basicOperinListTryEdit" time="0.71"/>
  <testcase classname="com.dsalgo.automation.tests.ArrayPageTest" name="checkArrayLandingPage" time="0.043"/>
  <testcase classname="com.dsalgo.automation.tests.StackPageTest" name="testcodeEditor" time="0.65"/>
  <testcase classname="com.dsalgo.automation.tests.ArrayPageTest" name="findWithEvenDigitPractieceQue" time="0.899"/>
  <testcase classname="com.dsalgo.automation.tests.LinkedListPageTest" name="TypesOfLL_LinkedListLink" time="9.708">
    <skipped/>
  </testcase> <!-- TypesOfLL_LinkedListLink -->
  <testcase classname="com.dsalgo.automation.tests.QueuePageTest" name="verifyImplOfQueueInPyPage" time="0.325"/>
  <testcase classname="com.dsalgo.automation.tests.ArrayPageTest" name="maxPractieceQPractieceQue" time="1.169"/>
  <testcase classname="com.dsalgo.automation.tests.QueuePageTest" name="verifyImplOfQueueInPyPracticeQ" time="0.656">
    <skipped/>
  </testcase> <!-- verifyImplOfQueueInPyPracticeQ -->
  <testcase classname="com.dsalgo.automation.tests.QueuePageTest" name="verifyImplOfQueueInPyPracticeQ" time="0.553">
    <skipped/>
  </testcase> <!-- verifyImplOfQueueInPyPracticeQ -->
  <testcase classname="com.dsalgo.automation.tests.ArrayPageTest" name="searchTheArrayPractieceQue" time="0.752"/>
  <testcase classname="com.dsalgo.automation.tests.LinkedListPageTest" name="TypesOfLL_LinkedListLink" time="5.493">
    <skipped/>
  </testcase> <!-- TypesOfLL_LinkedListLink -->
  <testcase classname="com.dsalgo.automation.tests.QueuePageTest" name="verifyImplOfQueueInPyPracticeQ" time="0.529">
    <failure type="java.lang.AssertionError" message="expected [true] but found [false]">
      <![CDATA[java.lang.AssertionError: expected [true] but found [false]
at com.dsalgo.automation.tests.QueuePageTest.verifyPracticeQuestion(QueuePageTest.java:131)
at com.dsalgo.automation.tests.QueuePageTest.verifyImplOfQueueInPyPracticeQ(QueuePageTest.java:58)
at java.base/java.util.concurrent.Executors$RunnableAdapter.call(Executors.java:572)
at java.base/java.util.concurrent.FutureTask.run(FutureTask.java:317)
at java.base/java.util.concurrent.ThreadPoolExecutor.runWorker(ThreadPoolExecutor.java:1144)
at java.base/java.util.concurrent.ThreadPoolExecutor$Worker.run(ThreadPoolExecutor.java:642)
at java.base/java.lang.Thread.run(Thread.java:1583)
... Removed 15 stack frames]]>
    </failure>
  </testcase> <!-- verifyImplOfQueueInPyPracticeQ -->
  <testcase classname="com.dsalgo.automation.tests.ArrayPageTest" name="squaredOfSortedArrayPractieceQue" time="1.077"/>
  <testcase classname="com.dsalgo.automation.tests.QueuePageTest" name="verifyImplOfQueueInPyCodeEditor" time="1.474"/>
  <testcase classname="com.dsalgo.automation.tests.ArrayPageTest" name="testFindEvenPractieceCodeRun" time="0.871"/>
  <testcase classname="com.dsalgo.automation.tests.QueuePageTest" name="verifyImplOfQueueInPyCodeEditor" time="0.558"/>
  <testcase classname="com.dsalgo.automation.tests.ArrayPageTest" name="testFindEvenPractieceCodeRun" time="0.885">
    <skipped/>
  </testcase> <!-- testFindEvenPractieceCodeRun -->
  <testcase classname="com.dsalgo.automation.tests.QueuePageTest" name="verifyImplOfQueueInPyCodeEditor" time="0.812"/>
  <testcase classname="com.dsalgo.automation.tests.ArrayPageTest" name="testFindEvenPractieceCodeRun" time="1.083">
    <skipped/>
  </testcase> <!-- testFindEvenPractieceCodeRun -->
  <testcase classname="com.dsalgo.automation.tests.LinkedListPageTest" name="TypesOfLL_LinkedListLink" time="9.184">
    <failure type="java.lang.AssertionError" message="Test Case Failed: Error page is displayed when clicked on the link expected [Linked List] but found [www.javatpoint.com]">
      <![CDATA[java.lang.AssertionError: Test Case Failed: Error page is displayed when clicked on the link expected [Linked List] but found [www.javatpoint.com]
at com.dsalgo.automation.tests.LinkedListPageTest.TypesOfLL_LinkedListLink(LinkedListPageTest.java:143)
at java.base/java.util.concurrent.Executors$RunnableAdapter.call(Executors.java:572)
at java.base/java.util.concurrent.FutureTask.run(FutureTask.java:317)
at java.base/java.util.concurrent.ThreadPoolExecutor.runWorker(ThreadPoolExecutor.java:1144)
at java.base/java.util.concurrent.ThreadPoolExecutor$Worker.run(ThreadPoolExecutor.java:642)
at java.base/java.lang.Thread.run(Thread.java:1583)
... Removed 16 stack frames]]>
    </failure>
  </testcase> <!-- TypesOfLL_LinkedListLink -->
  <testcase classname="com.dsalgo.automation.tests.QueuePageTest" name="verifyImplUsngCollctnDqPage" time="0.353"/>
  <testcase classname="com.dsalgo.automation.tests.ArrayPageTest" name="testFindEvenPractieceCodeRun" time="1.05">
    <failure type="java.lang.AssertionError" message="TestCase Failed: Output is mismatched : Submission Successful expected [Submission Successful] but found []">
      <![CDATA[java.lang.AssertionError: TestCase Failed: Output is mismatched : Submission Successful expected [Submission Successful] but found []
at com.dsalgo.automation.tests.ArrayPageTest.verifyResult(ArrayPageTest.java:342)
at com.dsalgo.automation.tests.ArrayPageTest.testFindEvenPractieceCodeRun(ArrayPageTest.java:143)
at java.base/java.util.concurrent.Executors$RunnableAdapter.call(Executors.java:572)
at java.base/java.util.concurrent.FutureTask.run(FutureTask.java:317)
at java.base/java.util.concurrent.ThreadPoolExecutor.runWorker(ThreadPoolExecutor.java:1144)
at java.base/java.util.concurrent.ThreadPoolExecutor$Worker.run(ThreadPoolExecutor.java:642)
at java.base/java.lang.Thread.run(Thread.java:1583)
... Removed 16 stack frames]]>
    </failure>
  </testcase> <!-- testFindEvenPractieceCodeRun -->
  <testcase classname="com.dsalgo.automation.tests.QueuePageTest" name="verifyImplUsngCollctnDqPracticeQ" time="0.499">
    <skipped/>
  </testcase> <!-- verifyImplUsngCollctnDqPracticeQ -->
  <testcase classname="com.dsalgo.automation.tests.QueuePageTest" name="verifyImplUsngCollctnDqPracticeQ" time="0.641">
    <skipped/>
  </testcase> <!-- verifyImplUsngCollctnDqPracticeQ -->
  <testcase classname="com.dsalgo.automation.tests.LinkedListPageTest" name="TypesOfLL_SinglyLinkedListLink" time="5.084">
    <skipped/>
  </testcase> <!-- TypesOfLL_SinglyLinkedListLink -->
  <testcase classname="com.dsalgo.automation.tests.ArrayPageTest" name="testMaxConsecutivePractieceCodeRun" time="1.332"/>
  <testcase classname="com.dsalgo.automation.tests.QueuePageTest" name="verifyImplUsngCollctnDqPracticeQ" time="0.45">
    <failure type="java.lang.AssertionError" message="expected [true] but found [false]">
      <![CDATA[java.lang.AssertionError: expected [true] but found [false]
at com.dsalgo.automation.tests.QueuePageTest.verifyPracticeQuestion(QueuePageTest.java:131)
at com.dsalgo.automation.tests.QueuePageTest.verifyImplUsngCollctnDqPracticeQ(QueuePageTest.java:78)
at java.base/java.util.concurrent.Executors$RunnableAdapter.call(Executors.java:572)
at java.base/java.util.concurrent.FutureTask.run(FutureTask.java:317)
at java.base/java.util.concurrent.ThreadPoolExecutor.runWorker(ThreadPoolExecutor.java:1144)
at java.base/java.util.concurrent.ThreadPoolExecutor$Worker.run(ThreadPoolExecutor.java:642)
at java.base/java.lang.Thread.run(Thread.java:1583)
... Removed 15 stack frames]]>
    </failure>
  </testcase> <!-- verifyImplUsngCollctnDqPracticeQ -->
  <testcase classname="com.dsalgo.automation.tests.ArrayPageTest" name="testMaxConsecutivePractieceCodeRun" time="1.439">
    <skipped/>
  </testcase> <!-- testMaxConsecutivePractieceCodeRun -->
  <testcase classname="com.dsalgo.automation.tests.QueuePageTest" name="verifyImplUsngCollctnDqCodeEditor" time="0.77"/>
  <testcase classname="com.dsalgo.automation.tests.QueuePageTest" name="verifyImplUsngCollctnDqCodeEditor" time="0.92"/>
  <testcase classname="com.dsalgo.automation.tests.LinkedListPageTest" name="TypesOfLL_SinglyLinkedListLink" time="5.171">
    <skipped/>
  </testcase> <!-- TypesOfLL_SinglyLinkedListLink -->
  <testcase classname="com.dsalgo.automation.tests.ArrayPageTest" name="testMaxConsecutivePractieceCodeRun" time="1.866">
    <skipped/>
  </testcase> <!-- testMaxConsecutivePractieceCodeRun -->
  <testcase classname="com.dsalgo.automation.tests.QueuePageTest" name="verifyImplUsngCollctnDqCodeEditor" time="0.995"/>
  <testcase classname="com.dsalgo.automation.tests.ArrayPageTest" name="testMaxConsecutivePractieceCodeRun" time="1.108">
    <failure type="java.lang.AssertionError" message="TestCase Failed: Output is mismatched : Some Tests failed. Please review code expected [Some Tests failed. Please review code] but found []">
      <![CDATA[java.lang.AssertionError: TestCase Failed: Output is mismatched : Some Tests failed. Please review code expected [Some Tests failed. Please review code] but found []
at com.dsalgo.automation.tests.ArrayPageTest.verifyResult(ArrayPageTest.java:342)
at com.dsalgo.automation.tests.ArrayPageTest.testMaxConsecutivePractieceCodeRun(ArrayPageTest.java:117)
at java.base/java.util.concurrent.Executors$RunnableAdapter.call(Executors.java:572)
at java.base/java.util.concurrent.FutureTask.run(FutureTask.java:317)
at java.base/java.util.concurrent.ThreadPoolExecutor.runWorker(ThreadPoolExecutor.java:1144)
at java.base/java.util.concurrent.ThreadPoolExecutor$Worker.run(ThreadPoolExecutor.java:642)
at java.base/java.lang.Thread.run(Thread.java:1583)
... Removed 16 stack frames]]>
    </failure>
  </testcase> <!-- testMaxConsecutivePractieceCodeRun -->
  <testcase classname="com.dsalgo.automation.tests.QueuePageTest" name="verifyImplUsngArrayPage" time="0.35"/>
  <testcase classname="com.dsalgo.automation.tests.ArrayPageTest" name="testSearchPractieceCodeRun1" time="0.994"/>
  <testcase classname="com.dsalgo.automation.tests.LinkedListPageTest" name="TypesOfLL_SinglyLinkedListLink" time="5.366">
    <failure type="java.lang.AssertionError" message="Test Case Failed: Error page is displayed when clicked on the link expected [Singly Linked List] but found [www.javatpoint.com]">
      <![CDATA[java.lang.AssertionError: Test Case Failed: Error page is displayed when clicked on the link expected [Singly Linked List] but found [www.javatpoint.com]
at com.dsalgo.automation.tests.LinkedListPageTest.TypesOfLL_SinglyLinkedListLink(LinkedListPageTest.java:135)
at java.base/java.util.concurrent.Executors$RunnableAdapter.call(Executors.java:572)
at java.base/java.util.concurrent.FutureTask.run(FutureTask.java:317)
at java.base/java.util.concurrent.ThreadPoolExecutor.runWorker(ThreadPoolExecutor.java:1144)
at java.base/java.util.concurrent.ThreadPoolExecutor$Worker.run(ThreadPoolExecutor.java:642)
at java.base/java.lang.Thread.run(Thread.java:1583)
... Removed 16 stack frames]]>
    </failure>
  </testcase> <!-- TypesOfLL_SinglyLinkedListLink -->
  <testcase classname="com.dsalgo.automation.tests.QueuePageTest" name="verifyImplUsngArrayPracticeQ" time="0.554">
    <skipped/>
  </testcase> <!-- verifyImplUsngArrayPracticeQ -->
  <testcase classname="com.dsalgo.automation.tests.QueuePageTest" name="verifyImplUsngArrayPracticeQ" time="0.82">
    <skipped/>
  </testcase> <!-- verifyImplUsngArrayPracticeQ -->
  <testcase classname="com.dsalgo.automation.tests.ArrayPageTest" name="testSearchPractieceCodeRun1" time="1.395"/>
  <testcase classname="com.dsalgo.automation.tests.QueuePageTest" name="verifyImplUsngArrayPracticeQ" time="0.708">
    <failure type="java.lang.AssertionError" message="expected [true] but found [false]">
      <![CDATA[java.lang.AssertionError: expected [true] but found [false]
at com.dsalgo.automation.tests.QueuePageTest.verifyPracticeQuestion(QueuePageTest.java:131)
at com.dsalgo.automation.tests.QueuePageTest.verifyImplUsngArrayPracticeQ(QueuePageTest.java:98)
at java.base/java.util.concurrent.Executors$RunnableAdapter.call(Executors.java:572)
at java.base/java.util.concurrent.FutureTask.run(FutureTask.java:317)
at java.base/java.util.concurrent.ThreadPoolExecutor.runWorker(ThreadPoolExecutor.java:1144)
at java.base/java.util.concurrent.ThreadPoolExecutor$Worker.run(ThreadPoolExecutor.java:642)
at java.base/java.lang.Thread.run(Thread.java:1583)
... Removed 15 stack frames]]>
    </failure>
  </testcase> <!-- verifyImplUsngArrayPracticeQ -->
  <testcase classname="com.dsalgo.automation.tests.ArrayPageTest" name="testSearchPractieceCodeRun1" time="1.177"/>
  <testcase classname="com.dsalgo.automation.tests.LinkedListPageTest" name="TypesOfLL_TypesofLinkedListLink" time="5.243">
    <skipped/>
  </testcase> <!-- TypesOfLL_TypesofLinkedListLink -->
  <testcase classname="com.dsalgo.automation.tests.QueuePageTest" name="verifyImplUsngArrayCodeEditor" time="0.838"/>
  <testcase classname="com.dsalgo.automation.tests.ArrayPageTest" name="testSearchPractieceCodeRun1" time="1.023">
    <skipped/>
  </testcase> <!-- testSearchPractieceCodeRun1 -->
  <testcase classname="com.dsalgo.automation.tests.QueuePageTest" name="verifyImplUsngArrayCodeEditor" time="0.589"/>
  <testcase classname="com.dsalgo.automation.tests.ArrayPageTest" name="testSearchPractieceCodeRun1" time="0.99">
    <skipped/>
  </testcase> <!-- testSearchPractieceCodeRun1 -->
  <testcase classname="com.dsalgo.automation.tests.QueuePageTest" name="verifyImplUsngArrayCodeEditor" time="0.788"/>
  <testcase classname="com.dsalgo.automation.tests.LinkedListPageTest" name="TypesOfLL_TypesofLinkedListLink" time="5.03">
    <skipped/>
  </testcase> <!-- TypesOfLL_TypesofLinkedListLink -->
  <testcase classname="com.dsalgo.automation.tests.QueuePageTest" name="verifyQueueOperationsPage" time="0.294"/>
  <testcase classname="com.dsalgo.automation.tests.ArrayPageTest" name="testSearchPractieceCodeRun1" time="0.936">
    <failure type="java.lang.AssertionError" message="TestCase Failed: Output is mismatched : Submission Successful expected [Submission Successful] but found []">
      <![CDATA[java.lang.AssertionError: TestCase Failed: Output is mismatched : Submission Successful expected [Submission Successful] but found []
at com.dsalgo.automation.tests.ArrayPageTest.verifyResult(ArrayPageTest.java:342)
at com.dsalgo.automation.tests.ArrayPageTest.testSearchPractieceCodeRun1(ArrayPageTest.java:80)
at java.base/java.util.concurrent.Executors$RunnableAdapter.call(Executors.java:572)
at java.base/java.util.concurrent.FutureTask.run(FutureTask.java:317)
at java.base/java.util.concurrent.ThreadPoolExecutor.runWorker(ThreadPoolExecutor.java:1144)
at java.base/java.util.concurrent.ThreadPoolExecutor$Worker.run(ThreadPoolExecutor.java:642)
at java.base/java.lang.Thread.run(Thread.java:1583)
... Removed 16 stack frames]]>
    </failure>
  </testcase> <!-- testSearchPractieceCodeRun1 -->
  <testcase classname="com.dsalgo.automation.tests.QueuePageTest" name="verifyQueueOperationsPracticeQ" time="0.681">
    <skipped/>
  </testcase> <!-- verifyQueueOperationsPracticeQ -->
  <testcase classname="com.dsalgo.automation.tests.ArrayPageTest" name="testSearchPractieceCodeRun1" time="1.511"/>
  <testcase classname="com.dsalgo.automation.tests.QueuePageTest" name="verifyQueueOperationsPracticeQ" time="0.456">
    <skipped/>
  </testcase> <!-- verifyQueueOperationsPracticeQ -->
  <testcase classname="com.dsalgo.automation.tests.LinkedListPageTest" name="TypesOfLL_TypesofLinkedListLink" time="5.006">
    <failure type="java.lang.AssertionError" message="Test Case Failed: Error page is displayed when clicked on the link expected [Types of Linked List] but found [www.javatpoint.com]">
      <![CDATA[java.lang.AssertionError: Test Case Failed: Error page is displayed when clicked on the link expected [Types of Linked List] but found [www.javatpoint.com]
at com.dsalgo.automation.tests.LinkedListPageTest.TypesOfLL_TypesofLinkedListLink(LinkedListPageTest.java:159)
at java.base/java.util.concurrent.Executors$RunnableAdapter.call(Executors.java:572)
at java.base/java.util.concurrent.FutureTask.run(FutureTask.java:317)
at java.base/java.util.concurrent.ThreadPoolExecutor.runWorker(ThreadPoolExecutor.java:1144)
at java.base/java.util.concurrent.ThreadPoolExecutor$Worker.run(ThreadPoolExecutor.java:642)
at java.base/java.lang.Thread.run(Thread.java:1583)
... Removed 16 stack frames]]>
    </failure>
  </testcase> <!-- TypesOfLL_TypesofLinkedListLink -->
  <testcase classname="com.dsalgo.automation.tests.LinkedListPageTest" name="checkLinkedListLandingPage" time="0.037"/>
  <testcase classname="com.dsalgo.automation.tests.QueuePageTest" name="verifyQueueOperationsPracticeQ" time="0.667">
    <failure type="java.lang.AssertionError" message="expected [true] but found [false]">
      <![CDATA[java.lang.AssertionError: expected [true] but found [false]
at com.dsalgo.automation.tests.QueuePageTest.verifyPracticeQuestion(QueuePageTest.java:131)
at com.dsalgo.automation.tests.QueuePageTest.verifyQueueOperationsPracticeQ(QueuePageTest.java:119)
at java.base/java.util.concurrent.Executors$RunnableAdapter.call(Executors.java:572)
at java.base/java.util.concurrent.FutureTask.run(FutureTask.java:317)
at java.base/java.util.concurrent.ThreadPoolExecutor.runWorker(ThreadPoolExecutor.java:1144)
at java.base/java.util.concurrent.ThreadPoolExecutor$Worker.run(ThreadPoolExecutor.java:642)
at java.base/java.lang.Thread.run(Thread.java:1583)
... Removed 15 stack frames]]>
    </failure>
  </testcase> <!-- verifyQueueOperationsPracticeQ -->
  <testcase classname="com.dsalgo.automation.tests.ArrayPageTest" name="testSearchPractieceCodeRun1" time="1.676"/>
  <testcase classname="com.dsalgo.automation.tests.LinkedListPageTest" name="creatingLinkedList" time="0.377"/>
  <testcase classname="com.dsalgo.automation.tests.QueuePageTest" name="verifyQueueOperationsCodeEditor" time="0.817"/>
  <testcase classname="com.dsalgo.automation.tests.ArrayPageTest" name="testSoertedArrayPractieceCodeRun" time="1.45"/>
  <testcase classname="com.dsalgo.automation.tests.QueuePageTest" name="verifyQueueOperationsCodeEditor" time="0.591"/>
  <testcase classname="com.dsalgo.automation.tests.LinkedListPageTest" name="creatingLinkedListTryEdit" time="1.741"/>
  <testcase classname="com.dsalgo.automation.tests.ArrayPageTest" name="testSoertedArrayPractieceCodeRun" time="1.891">
    <skipped/>
  </testcase> <!-- testSoertedArrayPractieceCodeRun -->
  <testcase classname="com.dsalgo.automation.tests.QueuePageTest" name="verifyQueueOperationsCodeEditor" time="0.529"/>
  <testcase classname="com.dsalgo.automation.tests.LinkedListPageTest" name="deletionLink" time="0.381"/>
  <testcase classname="com.dsalgo.automation.tests.ArrayPageTest" name="testSoertedArrayPractieceCodeRun" time="1.359">
    <skipped/>
  </testcase> <!-- testSoertedArrayPractieceCodeRun -->
  <testcase classname="com.dsalgo.automation.tests.TreePageTest" name="VerifyOverviewOfTree" time="0.371"/>
  <testcase classname="com.dsalgo.automation.tests.LinkedListPageTest" name="deletionTryEdit" time="0.866"/>
  <testcase classname="com.dsalgo.automation.tests.TreePageTest" name="VerifyOverviewOfTreeImage" time="0.244"/>
  <testcase classname="com.dsalgo.automation.tests.LinkedListPageTest" name="implementLinkedList" time="0.381"/>
  <testcase classname="com.dsalgo.automation.tests.ArrayPageTest" name="testSoertedArrayPractieceCodeRun" time="1.451">
    <failure type="java.lang.AssertionError" message="Test Case Failed: Actual output is not same as expected output: Submission Successful expected [Submission Successful] but found [No tests were collected]">
      <![CDATA[java.lang.AssertionError: Test Case Failed: Actual output is not same as expected output: Submission Successful expected [Submission Successful] but found [No tests were collected]
at com.dsalgo.automation.tests.ArrayPageTest.verifyBlankOutputError(ArrayPageTest.java:361)
at com.dsalgo.automation.tests.ArrayPageTest.testSoertedArrayPractieceCodeRun(ArrayPageTest.java:173)
at java.base/java.util.concurrent.Executors$RunnableAdapter.call(Executors.java:572)
at java.base/java.util.concurrent.FutureTask.run(FutureTask.java:317)
at java.base/java.util.concurrent.ThreadPoolExecutor.runWorker(ThreadPoolExecutor.java:1144)
at java.base/java.util.concurrent.ThreadPoolExecutor$Worker.run(ThreadPoolExecutor.java:642)
at java.base/java.lang.Thread.run(Thread.java:1583)
... Removed 16 stack frames]]>
    </failure>
  </testcase> <!-- testSoertedArrayPractieceCodeRun -->
  <testcase classname="com.dsalgo.automation.tests.TreePageTest" name="verifyOverviewOfTreePracticeQ" time="0.759">
    <skipped/>
  </testcase> <!-- verifyOverviewOfTreePracticeQ -->
  <testcase classname="com.dsalgo.automation.tests.LinkedListPageTest" name="implementLinkedListTryEdit" time="0.647"/>
  <testcase classname="com.dsalgo.automation.tests.TreePageTest" name="verifyOverviewOfTreePracticeQ" time="0.432">
    <skipped/>
  </testcase> <!-- verifyOverviewOfTreePracticeQ -->
  <testcase classname="com.dsalgo.automation.tests.ArrayPageTest" name="testSoertedArrayPractieceCodeRun" time="1.212"/>
  <testcase classname="com.dsalgo.automation.tests.LinkedListPageTest" name="insertionLink" time="0.414"/>
  <testcase classname="com.dsalgo.automation.tests.TreePageTest" name="verifyOverviewOfTreePracticeQ" time="0.735">
    <failure type="java.lang.AssertionError" message="expected [true] but found [false]">
      <![CDATA[java.lang.AssertionError: expected [true] but found [false]
at com.dsalgo.automation.tests.TreePageTest.verifyPracticeQuestion(TreePageTest.java:439)
at com.dsalgo.automation.tests.TreePageTest.verifyOverviewOfTreePracticeQ(TreePageTest.java:76)
at java.base/java.util.concurrent.Executors$RunnableAdapter.call(Executors.java:572)
at java.base/java.util.concurrent.FutureTask.run(FutureTask.java:317)
at java.base/java.util.concurrent.ThreadPoolExecutor.runWorker(ThreadPoolExecutor.java:1144)
at java.base/java.util.concurrent.ThreadPoolExecutor$Worker.run(ThreadPoolExecutor.java:642)
at java.base/java.lang.Thread.run(Thread.java:1583)
... Removed 15 stack frames]]>
    </failure>
  </testcase> <!-- verifyOverviewOfTreePracticeQ -->
  <testcase classname="com.dsalgo.automation.tests.ArrayPageTest" name="testcodeEditor" time="1.16"/>
  <testcase classname="com.dsalgo.automation.tests.LinkedListPageTest" name="insertionTryEdit" time="0.601"/>
  <testcase classname="com.dsalgo.automation.tests.TreePageTest" name="verifyOverviewOfTreeCodeEditor" time="1.627"/>
  <testcase classname="com.dsalgo.automation.tests.LinkedListPageTest" name="linkedListIntroductionLink" time="0.349"/>
  <testcase classname="com.dsalgo.automation.tests.ArrayPageTest" name="testcodeEditor" time="0.74"/>
  <testcase classname="com.dsalgo.automation.tests.LinkedListPageTest" name="linkedListIntroductionTryEdit" time="0.6"/>
  <testcase classname="com.dsalgo.automation.tests.TreePageTest" name="verifyOverviewOfTreeCodeEditor" time="0.736"/>
  <testcase classname="com.dsalgo.automation.tests.ArrayPageTest" name="testcodeEditor" time="0.97"/>
  <testcase classname="com.dsalgo.automation.tests.TreePageTest" name="verifyOverviewOfTreeCodeEditor" time="0.709"/>
  <testcase classname="com.dsalgo.automation.tests.LinkedListPageTest" name="testcodeEditor" time="0.779"/>
  <testcase classname="com.dsalgo.automation.tests.RegisterPageTest" name="verifyRegister" time="0.401">
    <skipped/>
  </testcase> <!-- verifyRegister -->
  <testcase classname="com.dsalgo.automation.tests.RegisterPageTest" name="verifyRegister" time="0.337">
    <skipped/>
  </testcase> <!-- verifyRegister -->
  <testcase classname="com.dsalgo.automation.tests.TreePageTest" name="VerifyTerminologiesPage" time="0.449"/>
  <testcase classname="com.dsalgo.automation.tests.RegisterPageTest" name="verifyRegister" time="0.537">
    <failure type="java.lang.AssertionError" message="expected [New Account Created. You are logged in as abc@testers.com] but found [password_mismatch:The two password fields didn’t match.]">
      <![CDATA[java.lang.AssertionError: expected [New Account Created. You are logged in as abc@testers.com] but found [password_mismatch:The two password fields didn’t match.]
at com.dsalgo.automation.tests.RegisterPageTest.verifyValidRegister(RegisterPageTest.java:150)
at com.dsalgo.automation.tests.RegisterPageTest.verifyRegister(RegisterPageTest.java:53)
at java.base/java.util.concurrent.Executors$RunnableAdapter.call(Executors.java:572)
at java.base/java.util.concurrent.FutureTask.run(FutureTask.java:317)
at java.base/java.util.concurrent.ThreadPoolExecutor.runWorker(ThreadPoolExecutor.java:1144)
at java.base/java.util.concurrent.ThreadPoolExecutor$Worker.run(ThreadPoolExecutor.java:642)
at java.base/java.lang.Thread.run(Thread.java:1583)
... Removed 17 stack frames]]>
    </failure>
  </testcase> <!-- verifyRegister -->
  <testcase classname="com.dsalgo.automation.tests.LinkedListPageTest" name="testcodeEditor" time="1.179"/>
  <testcase classname="com.dsalgo.automation.tests.RegisterPageTest" name="verifyRegister" time="0.286"/>
  <testcase classname="com.dsalgo.automation.tests.RegisterPageTest" name="verifyRegister" time="0.213"/>
  <testcase classname="com.dsalgo.automation.tests.RegisterPageTest" name="verifyRegister" time="0.335">
    <skipped/>
  </testcase> <!-- verifyRegister -->
  <testcase classname="com.dsalgo.automation.tests.TreePageTest" name="VerifyTerminologiesPageTable" time="0.296">
    <skipped/>
  </testcase> <!-- VerifyTerminologiesPageTable -->
  <testcase classname="com.dsalgo.automation.tests.RegisterPageTest" name="verifyRegister" time="0.569">
    <skipped/>
  </testcase> <!-- verifyRegister -->
  <testcase classname="com.dsalgo.automation.tests.LinkedListPageTest" name="testcodeEditor" time="0.702"/>
  <testcase classname="com.dsalgo.automation.tests.RegisterPageTest" name="verifyRegister" time="0.349">
    <failure type="java.lang.AssertionError" message="Test failed: Incorrect error message displayed.">
      <![CDATA[java.lang.AssertionError: Test failed: Incorrect error message displayed.
at com.dsalgo.automation.tests.RegisterPageTest.verifyDisplayMessage(RegisterPageTest.java:188)
at com.dsalgo.automation.tests.RegisterPageTest.verifyRegister(RegisterPageTest.java:68)
at java.base/java.util.concurrent.Executors$RunnableAdapter.call(Executors.java:572)
at java.base/java.util.concurrent.FutureTask.run(FutureTask.java:317)
at java.base/java.util.concurrent.ThreadPoolExecutor.runWorker(ThreadPoolExecutor.java:1144)
at java.base/java.util.concurrent.ThreadPoolExecutor$Worker.run(ThreadPoolExecutor.java:642)
at java.base/java.lang.Thread.run(Thread.java:1583)
... Removed 11 stack frames]]>
    </failure>
  </testcase> <!-- verifyRegister -->
  <testcase classname="com.dsalgo.automation.tests.TreePageTest" name="VerifyTerminologiesPageTable" time="0.322">
    <skipped/>
  </testcase> <!-- VerifyTerminologiesPageTable -->
  <testcase classname="com.dsalgo.automation.tests.RegisterPageTest" name="verifyRegister" time="0.232"/>
  <testcase classname="com.dsalgo.automation.tests.RegisterPageTest" name="verifyRegister" time="0.229"/>
  <testcase classname="com.dsalgo.automation.tests.RegisterPageTest" name="verifyRegister" time="0.353">
    <skipped/>
  </testcase> <!-- verifyRegister -->
  <testcase classname="com.dsalgo.automation.tests.LinkedListPageTest" name="traversalLink" time="0.476"/>
  <testcase classname="com.dsalgo.automation.tests.RegisterPageTest" name="verifyRegister" time="0.386">
    <skipped/>
  </testcase> <!-- verifyRegister -->
  <testcase classname="com.dsalgo.automation.tests.TreePageTest" name="VerifyTerminologiesPageTable" time="0.322">
    <failure type="java.lang.AssertionError" message="Test failed: Column Value is blank">
      <![CDATA[java.lang.AssertionError: Test failed: Column Value is blank
at com.dsalgo.automation.tests.TreePageTest.VerifyTerminologiesPageTable(TreePageTest.java:102)
at java.base/java.util.concurrent.Executors$RunnableAdapter.call(Executors.java:572)
at java.base/java.util.concurrent.FutureTask.run(FutureTask.java:317)
at java.base/java.util.concurrent.ThreadPoolExecutor.runWorker(ThreadPoolExecutor.java:1144)
at java.base/java.util.concurrent.ThreadPoolExecutor$Worker.run(ThreadPoolExecutor.java:642)
at java.base/java.lang.Thread.run(Thread.java:1583)
... Removed 11 stack frames]]>
    </failure>
  </testcase> <!-- VerifyTerminologiesPageTable -->
  <testcase classname="com.dsalgo.automation.tests.RegisterPageTest" name="verifyRegister" time="0.359">
    <failure type="java.lang.AssertionError" message="Test failed: Incorrect error message displayed.">
      <![CDATA[java.lang.AssertionError: Test failed: Incorrect error message displayed.
at com.dsalgo.automation.tests.RegisterPageTest.verifyDisplayMessage(RegisterPageTest.java:188)
at com.dsalgo.automation.tests.RegisterPageTest.verifyRegister(RegisterPageTest.java:83)
at java.base/java.util.concurrent.Executors$RunnableAdapter.call(Executors.java:572)
at java.base/java.util.concurrent.FutureTask.run(FutureTask.java:317)
at java.base/java.util.concurrent.ThreadPoolExecutor.runWorker(ThreadPoolExecutor.java:1144)
at java.base/java.util.concurrent.ThreadPoolExecutor$Worker.run(ThreadPoolExecutor.java:642)
at java.base/java.lang.Thread.run(Thread.java:1583)
... Removed 11 stack frames]]>
    </failure>
  </testcase> <!-- verifyRegister -->
  <testcase classname="com.dsalgo.automation.tests.RegisterPageTest" name="verifyRegister" time="0.344">
    <skipped/>
  </testcase> <!-- verifyRegister -->
  <testcase classname="com.dsalgo.automation.tests.LinkedListPageTest" name="traversalTryEdit" time="0.509"/>
  <testcase classname="com.dsalgo.automation.tests.RegisterPageTest" name="verifyRegister" time="0.412">
    <skipped/>
  </testcase> <!-- verifyRegister -->
  <testcase classname="com.dsalgo.automation.tests.TreePageTest" name="verifyTerminologiesPracticeQ" time="0.561">
    <skipped/>
  </testcase> <!-- verifyTerminologiesPracticeQ -->
  <testcase classname="com.dsalgo.automation.tests.RegisterPageTest" name="verifyRegister" time="0.342">
    <failure type="java.lang.AssertionError" message="Test failed: Incorrect error message displayed.">
      <![CDATA[java.lang.AssertionError: Test failed: Incorrect error message displayed.
at com.dsalgo.automation.tests.RegisterPageTest.verifyDisplayMessage(RegisterPageTest.java:188)
at com.dsalgo.automation.tests.RegisterPageTest.verifyRegister(RegisterPageTest.java:88)
at java.base/java.util.concurrent.Executors$RunnableAdapter.call(Executors.java:572)
at java.base/java.util.concurrent.FutureTask.run(FutureTask.java:317)
at java.base/java.util.concurrent.ThreadPoolExecutor.runWorker(ThreadPoolExecutor.java:1144)
at java.base/java.util.concurrent.ThreadPoolExecutor$Worker.run(ThreadPoolExecutor.java:642)
at java.base/java.lang.Thread.run(Thread.java:1583)
... Removed 11 stack frames]]>
    </failure>
  </testcase> <!-- verifyRegister -->
  <testcase classname="com.dsalgo.automation.tests.LinkedListPageTest" name="typesOfListLink" time="0.257"/>
  <testcase classname="com.dsalgo.automation.tests.RegisterPageTest" name="verifyRegister" time="0.394">
    <skipped/>
  </testcase> <!-- verifyRegister -->
  <testcase classname="com.dsalgo.automation.tests.RegisterPageTest" name="verifyRegister" time="0.346">
    <skipped/>
  </testcase> <!-- verifyRegister -->
  <testcase classname="com.dsalgo.automation.tests.TreePageTest" name="verifyTerminologiesPracticeQ" time="0.554">
    <skipped/>
  </testcase> <!-- verifyTerminologiesPracticeQ -->
  <testcase classname="com.dsalgo.automation.tests.RegisterPageTest" name="verifyRegister" time="0.429">
    <failure type="java.lang.AssertionError" message="Test failed: Incorrect error message displayed.">
      <![CDATA[java.lang.AssertionError: Test failed: Incorrect error message displayed.
at com.dsalgo.automation.tests.RegisterPageTest.verifyDisplayMessage(RegisterPageTest.java:188)
at com.dsalgo.automation.tests.RegisterPageTest.verifyRegister(RegisterPageTest.java:93)
at java.base/java.util.concurrent.Executors$RunnableAdapter.call(Executors.java:572)
at java.base/java.util.concurrent.FutureTask.run(FutureTask.java:317)
at java.base/java.util.concurrent.ThreadPoolExecutor.runWorker(ThreadPoolExecutor.java:1144)
at java.base/java.util.concurrent.ThreadPoolExecutor$Worker.run(ThreadPoolExecutor.java:642)
at java.base/java.lang.Thread.run(Thread.java:1583)
... Removed 11 stack frames]]>
    </failure>
  </testcase> <!-- verifyRegister -->
  <testcase classname="com.dsalgo.automation.tests.LinkedListPageTest" name="typesOfListTryEdit" time="0.56"/>
  <testcase classname="com.dsalgo.automation.tests.RegisterPageTest" name="verifyRegister" time="0.319">
    <skipped/>
  </testcase> <!-- verifyRegister -->
  <testcase classname="com.dsalgo.automation.tests.RegisterPageTest" name="verifyRegister" time="0.339">
    <skipped/>
  </testcase> <!-- verifyRegister -->
  <testcase classname="com.dsalgo.automation.tests.TreePageTest" name="verifyTerminologiesPracticeQ" time="0.474">
    <failure type="java.lang.AssertionError" message="expected [true] but found [false]">
      <![CDATA[java.lang.AssertionError: expected [true] but found [false]
at com.dsalgo.automation.tests.TreePageTest.verifyPracticeQuestion(TreePageTest.java:439)
at com.dsalgo.automation.tests.TreePageTest.verifyTerminologiesPracticeQ(TreePageTest.java:112)
at java.base/java.util.concurrent.Executors$RunnableAdapter.call(Executors.java:572)
at java.base/java.util.concurrent.FutureTask.run(FutureTask.java:317)
at java.base/java.util.concurrent.ThreadPoolExecutor.runWorker(ThreadPoolExecutor.java:1144)
at java.base/java.util.concurrent.ThreadPoolExecutor$Worker.run(ThreadPoolExecutor.java:642)
at java.base/java.lang.Thread.run(Thread.java:1583)
... Removed 15 stack frames]]>
    </failure>
  </testcase> <!-- verifyTerminologiesPracticeQ -->
  <testcase classname="com.dsalgo.automation.tests.RegisterPageTest" name="verifyRegister" time="0.306">
    <failure type="java.lang.AssertionError" message="Test failed: Incorrect error message displayed.">
      <![CDATA[java.lang.AssertionError: Test failed: Incorrect error message displayed.
at com.dsalgo.automation.tests.RegisterPageTest.verifyDisplayMessage(RegisterPageTest.java:188)
at com.dsalgo.automation.tests.RegisterPageTest.verifyRegister(RegisterPageTest.java:98)
at java.base/java.util.concurrent.Executors$RunnableAdapter.call(Executors.java:572)
at java.base/java.util.concurrent.FutureTask.run(FutureTask.java:317)
at java.base/java.util.concurrent.ThreadPoolExecutor.runWorker(ThreadPoolExecutor.java:1144)
at java.base/java.util.concurrent.ThreadPoolExecutor$Worker.run(ThreadPoolExecutor.java:642)
at java.base/java.lang.Thread.run(Thread.java:1583)
... Removed 11 stack frames]]>
    </failure>
  </testcase> <!-- verifyRegister -->
  <testcase classname="com.dsalgo.automation.tests.RegisterPageTest" name="verifyRegister" time="0.368"/>
  <testcase classname="com.dsalgo.automation.tests.TreePageTest" name="verifyTerminologiesCodeEditor" time="0.733"/>
  <testcase classname="com.dsalgo.automation.tests.RegisterPageTest" name="verifyRegister" time="1.161"/>
  <testcase classname="com.dsalgo.automation.tests.RegisterPageTest" name="verifyLoginLink" time="0.199"/>
  <testcase classname="com.dsalgo.automation.tests.RegisterPageTest" name="verifySignLink" time="0.151"/>
  <testcase classname="com.dsalgo.automation.tests.RegisterPageTest" name="verifyNumpyNinjaLink" time="0.186"/>
  <testcase classname="com.dsalgo.automation.tests.TreePageTest" name="verifyTerminologiesCodeEditor" time="0.665"/>
  <testcase classname="com.dsalgo.automation.tests.TreePageTest" name="verifyTerminologiesCodeEditor" time="0.619"/>
  <testcase classname="com.dsalgo.automation.tests.TreePageTest" name="verifyTypesofTreesPage" time="0.299"/>
  <testcase classname="com.dsalgo.automation.tests.TreePageTest" name="verifyTypesofTreesPracticeQ" time="0.499">
    <skipped/>
  </testcase> <!-- verifyTypesofTreesPracticeQ -->
  <testcase classname="com.dsalgo.automation.tests.TreePageTest" name="verifyTypesofTreesPracticeQ" time="0.452">
    <skipped/>
  </testcase> <!-- verifyTypesofTreesPracticeQ -->
  <testcase classname="com.dsalgo.automation.tests.TreePageTest" name="verifyTypesofTreesPracticeQ" time="0.53">
    <failure type="java.lang.AssertionError" message="expected [true] but found [false]">
      <![CDATA[java.lang.AssertionError: expected [true] but found [false]
at com.dsalgo.automation.tests.TreePageTest.verifyPracticeQuestion(TreePageTest.java:439)
at com.dsalgo.automation.tests.TreePageTest.verifyTypesofTreesPracticeQ(TreePageTest.java:132)
at java.base/java.util.concurrent.Executors$RunnableAdapter.call(Executors.java:572)
at java.base/java.util.concurrent.FutureTask.run(FutureTask.java:317)
at java.base/java.util.concurrent.ThreadPoolExecutor.runWorker(ThreadPoolExecutor.java:1144)
at java.base/java.util.concurrent.ThreadPoolExecutor$Worker.run(ThreadPoolExecutor.java:642)
at java.base/java.lang.Thread.run(Thread.java:1583)
... Removed 15 stack frames]]>
    </failure>
  </testcase> <!-- verifyTypesofTreesPracticeQ -->
  <testcase classname="com.dsalgo.automation.tests.TreePageTest" name="verifyTypesofTreesCodeEditor" time="0.536"/>
  <testcase classname="com.dsalgo.automation.tests.TreePageTest" name="verifyTypesofTreesCodeEditor" time="0.558"/>
  <testcase classname="com.dsalgo.automation.tests.TreePageTest" name="verifyTypesofTreesCodeEditor" time="0.472"/>
  <testcase classname="com.dsalgo.automation.tests.TreePageTest" name="verifyTreeTraversalsPage" time="0.288"/>
  <testcase classname="com.dsalgo.automation.tests.TreePageTest" name="verifyTreeTraversalsImage" time="0.242"/>
  <testcase classname="com.dsalgo.automation.tests.TreePageTest" name="verifyDepthFirstTraversalTypesTable" time="0.252"/>
  <testcase classname="com.dsalgo.automation.tests.TreePageTest" name="verifyTreeTraversalsPracticeQ" time="0.412">
    <skipped/>
  </testcase> <!-- verifyTreeTraversalsPracticeQ -->
  <testcase classname="com.dsalgo.automation.tests.TreePageTest" name="verifyTreeTraversalsPracticeQ" time="0.462">
    <skipped/>
  </testcase> <!-- verifyTreeTraversalsPracticeQ -->
  <testcase classname="com.dsalgo.automation.tests.TreePageTest" name="verifyTreeTraversalsPracticeQ" time="0.414">
    <failure type="java.lang.AssertionError" message="expected [true] but found [false]">
      <![CDATA[java.lang.AssertionError: expected [true] but found [false]
at com.dsalgo.automation.tests.TreePageTest.verifyPracticeQuestion(TreePageTest.java:439)
at com.dsalgo.automation.tests.TreePageTest.verifyTreeTraversalsPracticeQ(TreePageTest.java:168)
at java.base/java.util.concurrent.Executors$RunnableAdapter.call(Executors.java:572)
at java.base/java.util.concurrent.FutureTask.run(FutureTask.java:317)
at java.base/java.util.concurrent.ThreadPoolExecutor.runWorker(ThreadPoolExecutor.java:1144)
at java.base/java.util.concurrent.ThreadPoolExecutor$Worker.run(ThreadPoolExecutor.java:642)
at java.base/java.lang.Thread.run(Thread.java:1583)
... Removed 15 stack frames]]>
    </failure>
  </testcase> <!-- verifyTreeTraversalsPracticeQ -->
  <testcase classname="com.dsalgo.automation.tests.TreePageTest" name="verifyTreeTraversalsCodeEditor" time="0.517"/>
  <testcase classname="com.dsalgo.automation.tests.TreePageTest" name="verifyTreeTraversalsCodeEditor" time="0.515"/>
  <testcase classname="com.dsalgo.automation.tests.TreePageTest" name="verifyTreeTraversalsCodeEditor" time="0.524"/>
  <testcase classname="com.dsalgo.automation.tests.TreePageTest" name="verifyTraversalsIllustrationPage" time="0.296"/>
  <testcase classname="com.dsalgo.automation.tests.TreePageTest" name="verifyDepthFirstTraversalDiagram" time="0.234"/>
  <testcase classname="com.dsalgo.automation.tests.TreePageTest" name="verifyTraversalsIllustrationPracticeQ" time="0.382">
    <skipped/>
  </testcase> <!-- verifyTraversalsIllustrationPracticeQ -->
  <testcase classname="com.dsalgo.automation.tests.TreePageTest" name="verifyTraversalsIllustrationPracticeQ" time="0.45">
    <skipped/>
  </testcase> <!-- verifyTraversalsIllustrationPracticeQ -->
  <testcase classname="com.dsalgo.automation.tests.TreePageTest" name="verifyTraversalsIllustrationPracticeQ" time="0.44">
    <failure type="java.lang.AssertionError" message="expected [true] but found [false]">
      <![CDATA[java.lang.AssertionError: expected [true] but found [false]
at com.dsalgo.automation.tests.TreePageTest.verifyPracticeQuestion(TreePageTest.java:439)
at com.dsalgo.automation.tests.TreePageTest.verifyTraversalsIllustrationPracticeQ(TreePageTest.java:196)
at java.base/java.util.concurrent.Executors$RunnableAdapter.call(Executors.java:572)
at java.base/java.util.concurrent.FutureTask.run(FutureTask.java:317)
at java.base/java.util.concurrent.ThreadPoolExecutor.runWorker(ThreadPoolExecutor.java:1144)
at java.base/java.util.concurrent.ThreadPoolExecutor$Worker.run(ThreadPoolExecutor.java:642)
at java.base/java.lang.Thread.run(Thread.java:1583)
... Removed 15 stack frames]]>
    </failure>
  </testcase> <!-- verifyTraversalsIllustrationPracticeQ -->
  <testcase classname="com.dsalgo.automation.tests.TreePageTest" name="verifyTraversalsIllustrationCodeEditor" time="0.562"/>
  <testcase classname="com.dsalgo.automation.tests.TreePageTest" name="verifyTraversalsIllustrationCodeEditor" time="0.577"/>
  <testcase classname="com.dsalgo.automation.tests.TreePageTest" name="verifyTraversalsIllustrationCodeEditor" time="0.679"/>
  <testcase classname="com.dsalgo.automation.tests.TreePageTest" name="verifyBinaryTreesPage" time="0.292"/>
  <testcase classname="com.dsalgo.automation.tests.TreePageTest" name="verifyBinaryTreesDiagram" time="0.241"/>
  <testcase classname="com.dsalgo.automation.tests.TreePageTest" name="verifyBinaryTreesPracticeQ" time="0.525">
    <skipped/>
  </testcase> <!-- verifyBinaryTreesPracticeQ -->
  <testcase classname="com.dsalgo.automation.tests.TreePageTest" name="verifyBinaryTreesPracticeQ" time="0.444">
    <skipped/>
  </testcase> <!-- verifyBinaryTreesPracticeQ -->
  <testcase classname="com.dsalgo.automation.tests.TreePageTest" name="verifyBinaryTreesPracticeQ" time="0.492">
    <failure type="java.lang.AssertionError" message="expected [true] but found [false]">
      <![CDATA[java.lang.AssertionError: expected [true] but found [false]
at com.dsalgo.automation.tests.TreePageTest.verifyPracticeQuestion(TreePageTest.java:439)
at com.dsalgo.automation.tests.TreePageTest.verifyBinaryTreesPracticeQ(TreePageTest.java:224)
at java.base/java.util.concurrent.Executors$RunnableAdapter.call(Executors.java:572)
at java.base/java.util.concurrent.FutureTask.run(FutureTask.java:317)
at java.base/java.util.concurrent.ThreadPoolExecutor.runWorker(ThreadPoolExecutor.java:1144)
at java.base/java.util.concurrent.ThreadPoolExecutor$Worker.run(ThreadPoolExecutor.java:642)
at java.base/java.lang.Thread.run(Thread.java:1583)
... Removed 15 stack frames]]>
    </failure>
  </testcase> <!-- verifyBinaryTreesPracticeQ -->
  <testcase classname="com.dsalgo.automation.tests.TreePageTest" name="verifyBinaryTreesCodeEditor" time="0.528"/>
  <testcase classname="com.dsalgo.automation.tests.TreePageTest" name="verifyBinaryTreesCodeEditor" time="0.674"/>
  <testcase classname="com.dsalgo.automation.tests.TreePageTest" name="verifyBinaryTreesCodeEditor" time="0.5"/>
  <testcase classname="com.dsalgo.automation.tests.TreePageTest" name="verifyTypesOfBinaryTreesPage" time="0.327"/>
  <testcase classname="com.dsalgo.automation.tests.TreePageTest" name="verifyCompleteBinaryTreeDiagram" time="0.211"/>
  <testcase classname="com.dsalgo.automation.tests.TreePageTest" name="verifyFullBinaryTreeDiagram" time="0.223"/>
  <testcase classname="com.dsalgo.automation.tests.TreePageTest" name="verifyTypesOfBinaryTreesPracticeQ" time="0.442">
    <skipped/>
  </testcase> <!-- verifyTypesOfBinaryTreesPracticeQ -->
  <testcase classname="com.dsalgo.automation.tests.TreePageTest" name="verifyTypesOfBinaryTreesPracticeQ" time="0.437">
    <skipped/>
  </testcase> <!-- verifyTypesOfBinaryTreesPracticeQ -->
  <testcase classname="com.dsalgo.automation.tests.TreePageTest" name="verifyTypesOfBinaryTreesPracticeQ" time="0.412">
    <failure type="java.lang.AssertionError" message="expected [true] but found [false]">
      <![CDATA[java.lang.AssertionError: expected [true] but found [false]
at com.dsalgo.automation.tests.TreePageTest.verifyPracticeQuestion(TreePageTest.java:439)
at com.dsalgo.automation.tests.TreePageTest.verifyTypesOfBinaryTreesPracticeQ(TreePageTest.java:260)
at java.base/java.util.concurrent.Executors$RunnableAdapter.call(Executors.java:572)
at java.base/java.util.concurrent.FutureTask.run(FutureTask.java:317)
at java.base/java.util.concurrent.ThreadPoolExecutor.runWorker(ThreadPoolExecutor.java:1144)
at java.base/java.util.concurrent.ThreadPoolExecutor$Worker.run(ThreadPoolExecutor.java:642)
at java.base/java.lang.Thread.run(Thread.java:1583)
... Removed 15 stack frames]]>
    </failure>
  </testcase> <!-- verifyTypesOfBinaryTreesPracticeQ -->
  <testcase classname="com.dsalgo.automation.tests.TreePageTest" name="verifyTypesOfBinaryTreesCodeEditor" time="0.523"/>
  <testcase classname="com.dsalgo.automation.tests.TreePageTest" name="verifyTypesOfBinaryTreesCodeEditor" time="0.578"/>
  <testcase classname="com.dsalgo.automation.tests.TreePageTest" name="verifyTypesOfBinaryTreesCodeEditor" time="0.536"/>
  <testcase classname="com.dsalgo.automation.tests.TreePageTest" name="verifyImplementationInPython" time="0.254"/>
  <testcase classname="com.dsalgo.automation.tests.TreePageTest" name="verifyImplementationInPythonPracticeQ" time="0.425">
    <skipped/>
  </testcase> <!-- verifyImplementationInPythonPracticeQ -->
  <testcase classname="com.dsalgo.automation.tests.TreePageTest" name="verifyImplementationInPythonPracticeQ" time="0.624">
    <skipped/>
  </testcase> <!-- verifyImplementationInPythonPracticeQ -->
  <testcase classname="com.dsalgo.automation.tests.TreePageTest" name="verifyImplementationInPythonPracticeQ" time="0.447">
    <failure type="java.lang.AssertionError" message="expected [true] but found [false]">
      <![CDATA[java.lang.AssertionError: expected [true] but found [false]
at com.dsalgo.automation.tests.TreePageTest.verifyPracticeQuestion(TreePageTest.java:439)
at com.dsalgo.automation.tests.TreePageTest.verifyImplementationInPythonPracticeQ(TreePageTest.java:280)
at java.base/java.util.concurrent.Executors$RunnableAdapter.call(Executors.java:572)
at java.base/java.util.concurrent.FutureTask.run(FutureTask.java:317)
at java.base/java.util.concurrent.ThreadPoolExecutor.runWorker(ThreadPoolExecutor.java:1144)
at java.base/java.util.concurrent.ThreadPoolExecutor$Worker.run(ThreadPoolExecutor.java:642)
at java.base/java.lang.Thread.run(Thread.java:1583)
... Removed 15 stack frames]]>
    </failure>
  </testcase> <!-- verifyImplementationInPythonPracticeQ -->
  <testcase classname="com.dsalgo.automation.tests.TreePageTest" name="verifyImplementationInPythonCodeEditor" time="0.493"/>
  <testcase classname="com.dsalgo.automation.tests.TreePageTest" name="verifyImplementationInPythonCodeEditor" time="0.548"/>
  <testcase classname="com.dsalgo.automation.tests.TreePageTest" name="verifyImplementationInPythonCodeEditor" time="0.587"/>
  <testcase classname="com.dsalgo.automation.tests.TreePageTest" name="verifyBinaryTreeTraversalsPage" time="0.297"/>
  <testcase classname="com.dsalgo.automation.tests.TreePageTest" name="verifyBinaryTreeDatadiagram" time="0.279"/>
  <testcase classname="com.dsalgo.automation.tests.TreePageTest" name="verifyBinaryTreeTraversalsPracticeQ" time="0.398">
    <skipped/>
  </testcase> <!-- verifyBinaryTreeTraversalsPracticeQ -->
  <testcase classname="com.dsalgo.automation.tests.TreePageTest" name="verifyBinaryTreeTraversalsPracticeQ" time="0.372">
    <skipped/>
  </testcase> <!-- verifyBinaryTreeTraversalsPracticeQ -->
  <testcase classname="com.dsalgo.automation.tests.TreePageTest" name="verifyBinaryTreeTraversalsPracticeQ" time="0.397">
    <failure type="java.lang.AssertionError" message="expected [true] but found [false]">
      <![CDATA[java.lang.AssertionError: expected [true] but found [false]
at com.dsalgo.automation.tests.TreePageTest.verifyPracticeQuestion(TreePageTest.java:439)
at com.dsalgo.automation.tests.TreePageTest.verifyBinaryTreeTraversalsPracticeQ(TreePageTest.java:308)
at java.base/java.util.concurrent.Executors$RunnableAdapter.call(Executors.java:572)
at java.base/java.util.concurrent.FutureTask.run(FutureTask.java:317)
at java.base/java.util.concurrent.ThreadPoolExecutor.runWorker(ThreadPoolExecutor.java:1144)
at java.base/java.util.concurrent.ThreadPoolExecutor$Worker.run(ThreadPoolExecutor.java:642)
at java.base/java.lang.Thread.run(Thread.java:1583)
... Removed 15 stack frames]]>
    </failure>
  </testcase> <!-- verifyBinaryTreeTraversalsPracticeQ -->
  <testcase classname="com.dsalgo.automation.tests.TreePageTest" name="verifyBinaryTreeTraversalsCodeEditor" time="0.529"/>
  <testcase classname="com.dsalgo.automation.tests.TreePageTest" name="verifyBinaryTreeTraversalsCodeEditor" time="0.632"/>
  <testcase classname="com.dsalgo.automation.tests.TreePageTest" name="verifyBinaryTreeTraversalsCodeEditor" time="0.57"/>
  <testcase classname="com.dsalgo.automation.tests.TreePageTest" name="verifyImplementationOfBinaryTreesPage" time="0.462"/>
  <testcase classname="com.dsalgo.automation.tests.TreePageTest" name="verifyImplementationOfBinaryTreesPracticeQ" time="0.394">
    <skipped/>
  </testcase> <!-- verifyImplementationOfBinaryTreesPracticeQ -->
  <testcase classname="com.dsalgo.automation.tests.TreePageTest" name="verifyImplementationOfBinaryTreesPracticeQ" time="0.496">
    <skipped/>
  </testcase> <!-- verifyImplementationOfBinaryTreesPracticeQ -->
  <testcase classname="com.dsalgo.automation.tests.TreePageTest" name="verifyImplementationOfBinaryTreesPracticeQ" time="0.506">
    <failure type="java.lang.AssertionError" message="expected [true] but found [false]">
      <![CDATA[java.lang.AssertionError: expected [true] but found [false]
at com.dsalgo.automation.tests.TreePageTest.verifyPracticeQuestion(TreePageTest.java:439)
at com.dsalgo.automation.tests.TreePageTest.verifyImplementationOfBinaryTreesPracticeQ(TreePageTest.java:328)
at java.base/java.util.concurrent.Executors$RunnableAdapter.call(Executors.java:572)
at java.base/java.util.concurrent.FutureTask.run(FutureTask.java:317)
at java.base/java.util.concurrent.ThreadPoolExecutor.runWorker(ThreadPoolExecutor.java:1144)
at java.base/java.util.concurrent.ThreadPoolExecutor$Worker.run(ThreadPoolExecutor.java:642)
at java.base/java.lang.Thread.run(Thread.java:1583)
... Removed 15 stack frames]]>
    </failure>
  </testcase> <!-- verifyImplementationOfBinaryTreesPracticeQ -->
  <testcase classname="com.dsalgo.automation.tests.TreePageTest" name="verifyImplementationOfBinaryTreesCodeEditor" time="0.559"/>
  <testcase classname="com.dsalgo.automation.tests.TreePageTest" name="verifyImplementationOfBinaryTreesCodeEditor" time="0.552"/>
  <testcase classname="com.dsalgo.automation.tests.TreePageTest" name="verifyImplementationOfBinaryTreesCodeEditor" time="0.536"/>
  <testcase classname="com.dsalgo.automation.tests.TreePageTest" name="verifyApplicationsOfBinaryTreesPage" time="0.255"/>
  <testcase classname="com.dsalgo.automation.tests.TreePageTest" name="verifyApplicationsOfBinaryTreesPracticeQ" time="0.449">
    <skipped/>
  </testcase> <!-- verifyApplicationsOfBinaryTreesPracticeQ -->
  <testcase classname="com.dsalgo.automation.tests.TreePageTest" name="verifyApplicationsOfBinaryTreesPracticeQ" time="0.43">
    <skipped/>
  </testcase> <!-- verifyApplicationsOfBinaryTreesPracticeQ -->
  <testcase classname="com.dsalgo.automation.tests.TreePageTest" name="verifyApplicationsOfBinaryTreesPracticeQ" time="0.435">
    <failure type="java.lang.AssertionError" message="expected [true] but found [false]">
      <![CDATA[java.lang.AssertionError: expected [true] but found [false]
at com.dsalgo.automation.tests.TreePageTest.verifyPracticeQuestion(TreePageTest.java:439)
at com.dsalgo.automation.tests.TreePageTest.verifyApplicationsOfBinaryTreesPracticeQ(TreePageTest.java:348)
at java.base/java.util.concurrent.Executors$RunnableAdapter.call(Executors.java:572)
at java.base/java.util.concurrent.FutureTask.run(FutureTask.java:317)
at java.base/java.util.concurrent.ThreadPoolExecutor.runWorker(ThreadPoolExecutor.java:1144)
at java.base/java.util.concurrent.ThreadPoolExecutor$Worker.run(ThreadPoolExecutor.java:642)
at java.base/java.lang.Thread.run(Thread.java:1583)
... Removed 15 stack frames]]>
    </failure>
  </testcase> <!-- verifyApplicationsOfBinaryTreesPracticeQ -->
  <testcase classname="com.dsalgo.automation.tests.TreePageTest" name="verifyApplicationsOfBinaryTreesCodeEditor" time="0.587"/>
  <testcase classname="com.dsalgo.automation.tests.TreePageTest" name="verifyApplicationsOfBinaryTreesCodeEditor" time="0.496"/>
  <testcase classname="com.dsalgo.automation.tests.TreePageTest" name="verifyApplicationsOfBinaryTreesCodeEditor" time="0.535"/>
  <testcase classname="com.dsalgo.automation.tests.TreePageTest" name="verifyBinarySearchTreesPage" time="0.821"/>
  <testcase classname="com.dsalgo.automation.tests.TreePageTest" name="verifyBinarySearchTreeDiagram" time="0.232"/>
  <testcase classname="com.dsalgo.automation.tests.TreePageTest" name="verifyBinarySearchTreePracticeQ" time="0.489">
    <skipped/>
  </testcase> <!-- verifyBinarySearchTreePracticeQ -->
  <testcase classname="com.dsalgo.automation.tests.TreePageTest" name="verifyBinarySearchTreePracticeQ" time="0.455">
    <skipped/>
  </testcase> <!-- verifyBinarySearchTreePracticeQ -->
  <testcase classname="com.dsalgo.automation.tests.TreePageTest" name="verifyBinarySearchTreePracticeQ" time="0.431">
    <failure type="java.lang.AssertionError" message="expected [true] but found [false]">
      <![CDATA[java.lang.AssertionError: expected [true] but found [false]
at com.dsalgo.automation.tests.TreePageTest.verifyPracticeQuestion(TreePageTest.java:439)
at com.dsalgo.automation.tests.TreePageTest.verifyBinarySearchTreePracticeQ(TreePageTest.java:376)
at java.base/java.util.concurrent.Executors$RunnableAdapter.call(Executors.java:572)
at java.base/java.util.concurrent.FutureTask.run(FutureTask.java:317)
at java.base/java.util.concurrent.ThreadPoolExecutor.runWorker(ThreadPoolExecutor.java:1144)
at java.base/java.util.concurrent.ThreadPoolExecutor$Worker.run(ThreadPoolExecutor.java:642)
at java.base/java.lang.Thread.run(Thread.java:1583)
... Removed 15 stack frames]]>
    </failure>
  </testcase> <!-- verifyBinarySearchTreePracticeQ -->
  <testcase classname="com.dsalgo.automation.tests.TreePageTest" name="verifyBinarySearchTreeCodeEditor" time="0.59"/>
  <testcase classname="com.dsalgo.automation.tests.TreePageTest" name="verifyBinarySearchTreeCodeEditor" time="0.561"/>
  <testcase classname="com.dsalgo.automation.tests.TreePageTest" name="verifyBinarySearchTreeCodeEditor" time="0.607"/>
  <testcase classname="com.dsalgo.automation.tests.TreePageTest" name="verifyImplementationOfBSTPage" time="0.29"/>
  <testcase classname="com.dsalgo.automation.tests.TreePageTest" name="verifyImplementationOfBSTPracticeQ" time="0.445">
    <skipped/>
  </testcase> <!-- verifyImplementationOfBSTPracticeQ -->
  <testcase classname="com.dsalgo.automation.tests.TreePageTest" name="verifyImplementationOfBSTPracticeQ" time="0.472">
    <skipped/>
  </testcase> <!-- verifyImplementationOfBSTPracticeQ -->
  <testcase classname="com.dsalgo.automation.tests.TreePageTest" name="verifyImplementationOfBSTPracticeQ" time="0.406">
    <failure type="java.lang.AssertionError" message="expected [true] but found [false]">
      <![CDATA[java.lang.AssertionError: expected [true] but found [false]
at com.dsalgo.automation.tests.TreePageTest.verifyPracticeQuestion(TreePageTest.java:439)
at com.dsalgo.automation.tests.TreePageTest.verifyImplementationOfBSTPracticeQ(TreePageTest.java:397)
at java.base/java.util.concurrent.Executors$RunnableAdapter.call(Executors.java:572)
at java.base/java.util.concurrent.FutureTask.run(FutureTask.java:317)
at java.base/java.util.concurrent.ThreadPoolExecutor.runWorker(ThreadPoolExecutor.java:1144)
at java.base/java.util.concurrent.ThreadPoolExecutor$Worker.run(ThreadPoolExecutor.java:642)
at java.base/java.lang.Thread.run(Thread.java:1583)
... Removed 15 stack frames]]>
    </failure>
  </testcase> <!-- verifyImplementationOfBSTPracticeQ -->
  <testcase classname="com.dsalgo.automation.tests.TreePageTest" name="verifyImplementationOfBSTCodeEditor" time="0.585"/>
  <testcase classname="com.dsalgo.automation.tests.TreePageTest" name="verifyImplementationOfBSTCodeEditor" time="0.511"/>
  <testcase classname="com.dsalgo.automation.tests.TreePageTest" name="verifyImplementationOfBSTCodeEditor" time="0.49"/>
</testsuite> <!-- CrossBrowserTests-Chrome -->
