<?xml version="1.0" encoding="UTF-8"?>
<!-- Generated by org.testng.reporters.JUnitXMLReporter -->
<testsuite ignored="0" hostname="rajas-imac.lan" failures="3" tests="36" name="CrossBrowserTests-Edge" time="152.861" errors="0" timestamp="2025-05-02T10:19:24 PDT">
  <testcase classname="com.dsalgo.automation.tests.HomePageTest" name="checkLogoHomeRedirection" time="5.852"/>
  <testcase classname="com.dsalgo.automation.tests.LoginPageTest" name="testInvalidLogin" time="11.998"/>
  <testcase classname="com.dsalgo.automation.tests.HomePageTest" name="checkRegister" time="3.113"/>
  <testcase classname="com.dsalgo.automation.tests.HomePageTest" name="checkSignin" time="1.363"/>
  <testcase classname="com.dsalgo.automation.tests.LoginPageTest" name="testInvalidLogin" time="4.667"/>
  <testcase classname="com.dsalgo.automation.tests.LoginPageTest" name="testInvalidLogin" time="3.156"/>
  <testcase classname="com.dsalgo.automation.tests.DataStructureTest" name="practiceQues" time="23.266">
    <failure type="java.lang.AssertionError" message="The Practice Questions page is unexpectedly blank! expected [true] but found [false]">
      <![CDATA[java.lang.AssertionError: The Practice Questions page is unexpectedly blank! expected [true] but found [false]
at com.dsalgo.automation.tests.DataStructureTest.practiceQues(DataStructureTest.java:94)
at java.base/java.util.concurrent.Executors$RunnableAdapter.call(Executors.java:572)
at java.base/java.util.concurrent.FutureTask.run(FutureTask.java:317)
at java.base/java.util.concurrent.ThreadPoolExecutor.runWorker(ThreadPoolExecutor.java:1144)
at java.base/java.util.concurrent.ThreadPoolExecutor$Worker.run(ThreadPoolExecutor.java:642)
at java.base/java.lang.Thread.run(Thread.java:1575)
... Removed 14 stack frames]]>
    </failure>
  </testcase> <!-- practiceQues -->
  <testcase classname="com.dsalgo.automation.tests.LoginPageTest" name="testInvalidLogin" time="1.851"/>
  <testcase classname="com.dsalgo.automation.tests.HomePageTest" name="testEachDropdownOptionWithLogin" time="13.056"/>
  <testcase classname="com.dsalgo.automation.tests.LoginPageTest" name="testValidLogin" time="3.525"/>
  <testcase classname="com.dsalgo.automation.tests.HomePageTest" name="testEachDropdownOptionWithLogin" time="4.374"/>
  <testcase classname="com.dsalgo.automation.tests.HomePageTest" name="testEachDropdownOptionWithLogin" time="3.004"/>
  <testcase classname="com.dsalgo.automation.tests.HomePageTest" name="testEachDropdownOptionWithLogin" time="4.121"/>
  <testcase classname="com.dsalgo.automation.tests.DataStructureTest" name="testValidInvalidPythonCode" time="27.026"/>
  <testcase classname="com.dsalgo.automation.tests.HomePageTest" name="testEachDropdownOptionWithLogin" time="7.37"/>
  <testcase classname="com.dsalgo.automation.tests.HomePageTest" name="testEachDropdownOptionWithLogin" time="7.832"/>
  <testcase classname="com.dsalgo.automation.tests.DataStructureTest" name="testValidInvalidPythonCode" time="10.87"/>
  <testcase classname="com.dsalgo.automation.tests.HomePageTest" name="testEachDropdownOptionWithoutLogin" time="3.84"/>
  <testcase classname="com.dsalgo.automation.tests.HomePageTest" name="testEachDropdownOptionWithoutLogin" time="2.024"/>
  <testcase classname="com.dsalgo.automation.tests.HomePageTest" name="testEachDropdownOptionWithoutLogin" time="1.545"/>
  <testcase classname="com.dsalgo.automation.tests.HomePageTest" name="testEachDropdownOptionWithoutLogin" time="1.836"/>
  <testcase classname="com.dsalgo.automation.tests.HomePageTest" name="testEachDropdownOptionWithoutLogin" time="1.064"/>
  <testcase classname="com.dsalgo.automation.tests.HomePageTest" name="testEachDropdownOptionWithoutLogin" time="1.411"/>
  <testcase classname="com.dsalgo.automation.tests.HomePageTest" name="testGetStartedButtonsWithoutLogin" time="1.137"/>
  <testcase classname="com.dsalgo.automation.tests.HomePageTest" name="testGetStartedButtonsWithoutLogin" time="0.82"/>
  <testcase classname="com.dsalgo.automation.tests.HomePageTest" name="testGetStartedButtonsWithoutLogin" time="0.946"/>
  <testcase classname="com.dsalgo.automation.tests.HomePageTest" name="testGetStartedButtonsWithoutLogin" time="0.843"/>
  <testcase classname="com.dsalgo.automation.tests.GraphPageTest" name="graphValidInvalidPythonCode" time="37.242"/>
  <testcase classname="com.dsalgo.automation.tests.HomePageTest" name="testGetStartedButtonsWithoutLogin" time="1.236"/>
  <testcase classname="com.dsalgo.automation.tests.HomePageTest" name="testGetStartedButtonsWithoutLogin" time="0.911"/>
  <testcase classname="com.dsalgo.automation.tests.HomePageTest" name="testGetStartedButtonsWithoutLogin" time="1.099"/>
  <testcase classname="com.dsalgo.automation.tests.HomePageTest" name="verifyCustomDropdownOptions" time="0.162">
    <failure type="java.lang.AssertionError" message="Dropdown options mismatch.: lists don&amp;apos;t have the same size expected [7] but found [6]">
      <![CDATA[java.lang.AssertionError: Dropdown options mismatch.: lists don't have the same size expected [7] but found [6]
at com.dsalgo.automation.tests.HomePageTest.verifyCustomDropdownOptions(HomePageTest.java:64)
at java.base/java.util.concurrent.Executors$RunnableAdapter.call(Executors.java:572)
at java.base/java.util.concurrent.FutureTask.run(FutureTask.java:317)
at java.base/java.util.concurrent.ThreadPoolExecutor.runWorker(ThreadPoolExecutor.java:1144)
at java.base/java.util.concurrent.ThreadPoolExecutor$Worker.run(ThreadPoolExecutor.java:642)
at java.base/java.lang.Thread.run(Thread.java:1575)
... Removed 18 stack frames]]>
    </failure>
  </testcase> <!-- verifyCustomDropdownOptions -->
  <testcase classname="com.dsalgo.automation.tests.GraphPageTest" name="graphValidInvalidPythonCode" time="7.831"/>
  <testcase classname="com.dsalgo.automation.tests.GraphPageTest" name="graphrepValidInvalidPythonCode" time="4.38"/>
  <testcase classname="com.dsalgo.automation.tests.GraphPageTest" name="graphrepValidInvalidPythonCode" time="3.437"/>
  <testcase classname="com.dsalgo.automation.tests.GraphPageTest" name="testGraphRepPageLayout" time="2.813">
    <failure type="java.lang.AssertionError" message="Image and paragraph are overlapping on the Graph Representations page! expected [false] but found [true]">
      <![CDATA[java.lang.AssertionError: Image and paragraph are overlapping on the Graph Representations page! expected [false] but found [true]
at com.dsalgo.automation.tests.GraphPageTest.testGraphRepPageLayout(GraphPageTest.java:100)
at java.base/java.util.concurrent.Executors$RunnableAdapter.call(Executors.java:572)
at java.base/java.util.concurrent.FutureTask.run(FutureTask.java:317)
at java.base/java.util.concurrent.ThreadPoolExecutor.runWorker(ThreadPoolExecutor.java:1144)
at java.base/java.util.concurrent.ThreadPoolExecutor$Worker.run(ThreadPoolExecutor.java:642)
at java.base/java.lang.Thread.run(Thread.java:1575)
... Removed 14 stack frames]]>
    </failure>
  </testcase> <!-- testGraphRepPageLayout -->
</testsuite> <!-- CrossBrowserTests-Edge -->
