<?xml version="1.0" encoding="UTF-8"?>
<!-- Generated by org.testng.reporters.JUnitXMLReporter -->
<testsuite ignored="0" hostname="rajas-imac.lan" failures="3" tests="36" name="CrossBrowserTests-Firefox" time="67.857" errors="0" timestamp="2025-05-02T10:16:51 PDT">
  <testcase classname="com.dsalgo.automation.tests.HomePageTest" name="checkLogoHomeRedirection" time="0.86"/>
  <testcase classname="com.dsalgo.automation.tests.HomePageTest" name="checkRegister" time="1.399"/>
  <testcase classname="com.dsalgo.automation.tests.LoginPageTest" name="testInvalidLogin" time="2.141"/>
  <testcase classname="com.dsalgo.automation.tests.HomePageTest" name="checkSignin" time="0.416"/>
  <testcase classname="com.dsalgo.automation.tests.DataStructureTest" name="practiceQues" time="6.345">
    <failure type="java.lang.AssertionError" message="The Practice Questions page is unexpectedly blank! expected [true] but found [false]">
      <![CDATA[java.lang.AssertionError: The Practice Questions page is unexpectedly blank! expected [true] but found [false]
at com.dsalgo.automation.tests.DataStructureTest.practiceQues(DataStructureTest.java:94)
at java.base/java.util.concurrent.Executors$RunnableAdapter.call(Executors.java:572)
at java.base/java.util.concurrent.FutureTask.run(FutureTask.java:317)
at java.base/java.util.concurrent.ThreadPoolExecutor.runWorker(ThreadPoolExecutor.java:1144)
at java.base/java.util.concurrent.ThreadPoolExecutor$Worker.run(ThreadPoolExecutor.java:642)
at java.base/java.lang.Thread.run(Thread.java:1575)
... Removed 14 stack frames]]>
    </failure>
  </testcase> <!-- practiceQues -->
  <testcase classname="com.dsalgo.automation.tests.LoginPageTest" name="testInvalidLogin" time="1.382"/>
  <testcase classname="com.dsalgo.automation.tests.LoginPageTest" name="testInvalidLogin" time="1.211"/>
  <testcase classname="com.dsalgo.automation.tests.HomePageTest" name="testEachDropdownOptionWithLogin" time="4.402"/>
  <testcase classname="com.dsalgo.automation.tests.LoginPageTest" name="testInvalidLogin" time="1.135"/>
  <testcase classname="com.dsalgo.automation.tests.LoginPageTest" name="testValidLogin" time="2.049"/>
  <testcase classname="com.dsalgo.automation.tests.HomePageTest" name="testEachDropdownOptionWithLogin" time="3.592"/>
  <testcase classname="com.dsalgo.automation.tests.DataStructureTest" name="testValidInvalidPythonCode" time="5.795"/>
  <testcase classname="com.dsalgo.automation.tests.HomePageTest" name="testEachDropdownOptionWithLogin" time="4.762"/>
  <testcase classname="com.dsalgo.automation.tests.DataStructureTest" name="testValidInvalidPythonCode" time="5.674"/>
  <testcase classname="com.dsalgo.automation.tests.HomePageTest" name="testEachDropdownOptionWithLogin" time="5.176"/>
  <testcase classname="com.dsalgo.automation.tests.HomePageTest" name="testEachDropdownOptionWithLogin" time="3.597"/>
  <testcase classname="com.dsalgo.automation.tests.GraphPageTest" name="graphValidInvalidPythonCode" time="5.709"/>
  <testcase classname="com.dsalgo.automation.tests.HomePageTest" name="testEachDropdownOptionWithLogin" time="3.13"/>
  <testcase classname="com.dsalgo.automation.tests.HomePageTest" name="testEachDropdownOptionWithoutLogin" time="0.712"/>
  <testcase classname="com.dsalgo.automation.tests.HomePageTest" name="testEachDropdownOptionWithoutLogin" time="0.675"/>
  <testcase classname="com.dsalgo.automation.tests.HomePageTest" name="testEachDropdownOptionWithoutLogin" time="1.038"/>
  <testcase classname="com.dsalgo.automation.tests.GraphPageTest" name="graphValidInvalidPythonCode" time="3.417"/>
  <testcase classname="com.dsalgo.automation.tests.HomePageTest" name="testEachDropdownOptionWithoutLogin" time="0.87"/>
  <testcase classname="com.dsalgo.automation.tests.HomePageTest" name="testEachDropdownOptionWithoutLogin" time="0.875"/>
  <testcase classname="com.dsalgo.automation.tests.HomePageTest" name="testEachDropdownOptionWithoutLogin" time="0.654"/>
  <testcase classname="com.dsalgo.automation.tests.HomePageTest" name="testGetStartedButtonsWithoutLogin" time="0.672"/>
  <testcase classname="com.dsalgo.automation.tests.GraphPageTest" name="graphrepValidInvalidPythonCode" time="3.63"/>
  <testcase classname="com.dsalgo.automation.tests.HomePageTest" name="testGetStartedButtonsWithoutLogin" time="0.432"/>
  <testcase classname="com.dsalgo.automation.tests.HomePageTest" name="testGetStartedButtonsWithoutLogin" time="0.609"/>
  <testcase classname="com.dsalgo.automation.tests.HomePageTest" name="testGetStartedButtonsWithoutLogin" time="0.49"/>
  <testcase classname="com.dsalgo.automation.tests.HomePageTest" name="testGetStartedButtonsWithoutLogin" time="0.471"/>
  <testcase classname="com.dsalgo.automation.tests.GraphPageTest" name="graphrepValidInvalidPythonCode" time="3.186"/>
  <testcase classname="com.dsalgo.automation.tests.HomePageTest" name="testGetStartedButtonsWithoutLogin" time="0.492"/>
  <testcase classname="com.dsalgo.automation.tests.HomePageTest" name="testGetStartedButtonsWithoutLogin" time="0.61"/>
  <testcase classname="com.dsalgo.automation.tests.HomePageTest" name="verifyCustomDropdownOptions" time="0.325">
    <failure type="java.lang.AssertionError" message="Dropdown options mismatch.: lists don&amp;apos;t have the same size expected [7] but found [6]">
      <![CDATA[java.lang.AssertionError: Dropdown options mismatch.: lists don't have the same size expected [7] but found [6]
at com.dsalgo.automation.tests.HomePageTest.verifyCustomDropdownOptions(HomePageTest.java:64)
at java.base/java.util.concurrent.Executors$RunnableAdapter.call(Executors.java:572)
at java.base/java.util.concurrent.FutureTask.run(FutureTask.java:317)
at java.base/java.util.concurrent.ThreadPoolExecutor.runWorker(ThreadPoolExecutor.java:1144)
at java.base/java.util.concurrent.ThreadPoolExecutor$Worker.run(ThreadPoolExecutor.java:642)
at java.base/java.lang.Thread.run(Thread.java:1575)
... Removed 18 stack frames]]>
    </failure>
  </testcase> <!-- verifyCustomDropdownOptions -->
  <testcase classname="com.dsalgo.automation.tests.GraphPageTest" name="testGraphRepPageLayout" time="2.743">
    <failure type="java.lang.AssertionError" message="Image and paragraph are overlapping on the Graph Representations page! expected [false] but found [true]">
      <![CDATA[java.lang.AssertionError: Image and paragraph are overlapping on the Graph Representations page! expected [false] but found [true]
at com.dsalgo.automation.tests.GraphPageTest.testGraphRepPageLayout(GraphPageTest.java:100)
at java.base/java.util.concurrent.Executors$RunnableAdapter.call(Executors.java:572)
at java.base/java.util.concurrent.FutureTask.run(FutureTask.java:317)
at java.base/java.util.concurrent.ThreadPoolExecutor.runWorker(ThreadPoolExecutor.java:1144)
at java.base/java.util.concurrent.ThreadPoolExecutor$Worker.run(ThreadPoolExecutor.java:642)
at java.base/java.lang.Thread.run(Thread.java:1575)
... Removed 14 stack frames]]>
    </failure>
  </testcase> <!-- testGraphRepPageLayout -->
</testsuite> <!-- CrossBrowserTests-Firefox -->
