<?xml version="1.0" encoding="UTF-8"?>
<testng-results ignored="0" total="3" passed="2" failed="1" skipped="0">
  <reporter-output>
  </reporter-output>
  <suite started-at="2025-04-28T13:54:27 PDT" name="Default suite" finished-at="2025-04-28T13:55:20 PDT" duration-ms="52182">
    <groups>
    </groups>
    <test started-at="2025-04-28T13:54:27 PDT" name="Default test" finished-at="2025-04-28T13:55:20 PDT" duration-ms="52182">
      <class name="com.dsalgo.automation.tests.GraphPageTest">
        <test-method is-config="true" signature="setUp()[pri:0, instance:com.dsalgo.automation.tests.GraphPageTest@345f69f3]" started-at="2025-04-28T13:54:27 PDT" name="setUp" finished-at="2025-04-28T13:54:39 PDT" duration-ms="11452" status="PASS">
          <reporter-output>
          </reporter-output>
        </test-method> <!-- setUp -->
        <test-method is-config="true" signature="navigateBeforeEachTest()[pri:0, instance:com.dsalgo.automation.tests.GraphPageTest@345f69f3]" started-at="2025-04-28T13:54:40 PDT" name="navigateBeforeEachTest" finished-at="2025-04-28T13:54:45 PDT" duration-ms="5277" status="PASS">
          <reporter-output>
          </reporter-output>
        </test-method> <!-- navigateBeforeEachTest -->
        <test-method signature="graphrepValidInvalidPythonCode(java.util.Map)[pri:0, instance:com.dsalgo.automation.tests.GraphPageTest@345f69f3]" started-at="2025-04-28T13:54:45 PDT" name="graphrepValidInvalidPythonCode" data-provider="runnableData" finished-at="2025-04-28T13:55:05 PDT" duration-ms="19754" status="PASS">
          <params>
            <param index="0">
              <value>
                <![CDATA[{PythonCode=print("DSAlgo");, Output=DSAlgo, Execute=Yes, Type=Output}]]>
              </value>
            </param>
          </params>
          <reporter-output>
          </reporter-output>
        </test-method> <!-- graphrepValidInvalidPythonCode -->
        <test-method is-config="true" signature="navigateBeforeEachTest()[pri:0, instance:com.dsalgo.automation.tests.GraphPageTest@345f69f3]" started-at="2025-04-28T13:55:05 PDT" name="navigateBeforeEachTest" finished-at="2025-04-28T13:55:06 PDT" duration-ms="765" status="PASS">
          <reporter-output>
          </reporter-output>
        </test-method> <!-- navigateBeforeEachTest -->
        <test-method signature="graphrepValidInvalidPythonCode(java.util.Map)[pri:0, instance:com.dsalgo.automation.tests.GraphPageTest@345f69f3]" started-at="2025-04-28T13:55:06 PDT" name="graphrepValidInvalidPythonCode" data-provider="runnableData" finished-at="2025-04-28T13:55:16 PDT" duration-ms="10052" status="PASS">
          <params>
            <param index="0">
              <value>
                <![CDATA[{PythonCode=print("NumpyNinja, Output=SyntaxError: bad input on line 1, Execute=Yes, Type=Alert}]]>
              </value>
            </param>
          </params>
          <reporter-output>
          </reporter-output>
        </test-method> <!-- graphrepValidInvalidPythonCode -->
        <test-method is-config="true" signature="navigateBeforeEachTest()[pri:0, instance:com.dsalgo.automation.tests.GraphPageTest@345f69f3]" started-at="2025-04-28T13:55:16 PDT" name="navigateBeforeEachTest" finished-at="2025-04-28T13:55:17 PDT" duration-ms="820" status="PASS">
          <reporter-output>
          </reporter-output>
        </test-method> <!-- navigateBeforeEachTest -->
        <test-method signature="testGraphRepPageLayout()[pri:0, instance:com.dsalgo.automation.tests.GraphPageTest@345f69f3]" started-at="2025-04-28T13:55:17 PDT" name="testGraphRepPageLayout" finished-at="2025-04-28T13:55:19 PDT" duration-ms="2397" status="FAIL">
          <exception class="java.lang.AssertionError">
            <message>
              <![CDATA[Image and paragraph are overlapping on the Graph Representations page! expected [false] but found [true]]]>
            </message>
            <full-stacktrace>
              <![CDATA[java.lang.AssertionError: Image and paragraph are overlapping on the Graph Representations page! expected [false] but found [true]
at org.testng.Assert.fail(Assert.java:99)
at org.testng.Assert.failNotEquals(Assert.java:1037)
at org.testng.Assert.assertFalse(Assert.java:67)
at com.dsalgo.automation.tests.GraphPageTest.testGraphRepPageLayout(GraphPageTest.java:99)
at java.base/jdk.internal.reflect.DirectMethodHandleAccessor.invoke(DirectMethodHandleAccessor.java:103)
at java.base/java.lang.reflect.Method.invoke(Method.java:580)
at org.testng.internal.MethodInvocationHelper.invokeMethod(MethodInvocationHelper.java:133)
at org.testng.internal.TestInvoker.invokeMethod(TestInvoker.java:598)
at org.testng.internal.TestInvoker.invokeTestMethod(TestInvoker.java:173)
at org.testng.internal.MethodRunner.runInSequence(MethodRunner.java:46)
at org.testng.internal.TestInvoker$MethodInvocationAgent.invoke(TestInvoker.java:824)
at org.testng.internal.TestInvoker.invokeTestMethods(TestInvoker.java:146)
at org.testng.internal.TestMethodWorker.invokeTestMethods(TestMethodWorker.java:146)
at org.testng.internal.TestMethodWorker.run(TestMethodWorker.java:128)
at java.base/java.util.ArrayList.forEach(ArrayList.java:1597)
at org.testng.TestRunner.privateRun(TestRunner.java:794)
at org.testng.TestRunner.run(TestRunner.java:596)
at org.testng.SuiteRunner.runTest(SuiteRunner.java:377)
at org.testng.SuiteRunner.runSequentially(SuiteRunner.java:371)
at org.testng.SuiteRunner.privateRun(SuiteRunner.java:332)
at org.testng.SuiteRunner.run(SuiteRunner.java:276)
at org.testng.SuiteRunnerWorker.runSuite(SuiteRunnerWorker.java:53)
at org.testng.SuiteRunnerWorker.run(SuiteRunnerWorker.java:96)
at org.testng.TestNG.runSuitesSequentially(TestNG.java:1212)
at org.testng.TestNG.runSuitesLocally(TestNG.java:1134)
at org.testng.TestNG.runSuites(TestNG.java:1063)
at org.testng.TestNG.run(TestNG.java:1031)
at org.testng.remote.AbstractRemoteTestNG.run(AbstractRemoteTestNG.java:115)
at org.testng.remote.RemoteTestNG.initAndRun(RemoteTestNG.java:293)
at org.testng.remote.RemoteTestNG.main(RemoteTestNG.java:91)
]]>
            </full-stacktrace>
          </exception> <!-- java.lang.AssertionError -->
          <reporter-output>
          </reporter-output>
        </test-method> <!-- testGraphRepPageLayout -->
        <test-method is-config="true" signature="tearDown()[pri:0, instance:com.dsalgo.automation.tests.GraphPageTest@345f69f3]" started-at="2025-04-28T13:55:19 PDT" name="tearDown" finished-at="2025-04-28T13:55:20 PDT" duration-ms="301" status="PASS">
          <reporter-output>
          </reporter-output>
        </test-method> <!-- tearDown -->
      </class> <!-- com.dsalgo.automation.tests.GraphPageTest -->
    </test> <!-- Default test -->
  </suite> <!-- Default suite -->
</testng-results>
