<?xml version="1.0" encoding="UTF-8"?>
<testng-results ignored="0" total="2" passed="1" failed="1" skipped="0">
  <reporter-output>
  </reporter-output>
  <suite started-at="2025-04-24T18:17:36 PDT" name="Default suite" finished-at="2025-04-24T18:18:00 PDT" duration-ms="23815">
    <groups>
    </groups>
    <test started-at="2025-04-24T18:17:36 PDT" name="Default test" finished-at="2025-04-24T18:18:00 PDT" duration-ms="23815">
      <class name="com.dsalgo.automation.tests.HomePageTest">
        <test-method is-config="true" signature="setUp()[pri:0, instance:com.dsalgo.automation.tests.HomePageTest@a87f8ec]" started-at="2025-04-24T18:17:36 PDT" name="setUp" finished-at="2025-04-24T18:17:48 PDT" duration-ms="12084" status="PASS">
          <reporter-output>
          </reporter-output>
        </test-method> <!-- setUp -->
        <test-method is-config="true" signature="setUpPage()[pri:0, instance:com.dsalgo.automation.tests.HomePageTest@a87f8ec]" started-at="2025-04-24T18:17:48 PDT" name="setUpPage" finished-at="2025-04-24T18:17:49 PDT" duration-ms="196" status="PASS">
          <reporter-output>
          </reporter-output>
        </test-method> <!-- setUpPage -->
        <test-method is-config="true" signature="navigateBeforeEachTest()[pri:0, instance:com.dsalgo.automation.tests.HomePageTest@a87f8ec]" started-at="2025-04-24T18:17:49 PDT" name="navigateBeforeEachTest" finished-at="2025-04-24T18:17:53 PDT" duration-ms="4479" status="PASS">
          <reporter-output>
          </reporter-output>
        </test-method> <!-- navigateBeforeEachTest -->
        <test-method signature="checkDropdown()[pri:0, instance:com.dsalgo.automation.tests.HomePageTest@a87f8ec]" started-at="2025-04-24T18:17:53 PDT" name="checkDropdown" finished-at="2025-04-24T18:17:57 PDT" duration-ms="4175" status="FAIL">
          <exception class="java.lang.AssertionError">
            <message>
              <![CDATA[Expected 'Data Structure Introduction' to be visible, but it was not. expected [true] but found [false]]]>
            </message>
            <full-stacktrace>
              <![CDATA[java.lang.AssertionError: Expected 'Data Structure Introduction' to be visible, but it was not. expected [true] but found [false]
at org.testng.Assert.fail(Assert.java:111)
at org.testng.Assert.failNotEquals(Assert.java:1590)
at org.testng.Assert.assertTrue(Assert.java:57)
at com.dsalgo.automation.tests.HomePageTest.checkDropdown(HomePageTest.java:40)
at java.base/jdk.internal.reflect.DirectMethodHandleAccessor.invoke(DirectMethodHandleAccessor.java:103)
at java.base/java.lang.reflect.Method.invoke(Method.java:580)
at org.testng.internal.invokers.MethodInvocationHelper.invokeMethod(MethodInvocationHelper.java:141)
at org.testng.internal.invokers.TestInvoker.invokeMethod(TestInvoker.java:687)
at org.testng.internal.invokers.TestInvoker.invokeTestMethod(TestInvoker.java:230)
at org.testng.internal.invokers.MethodRunner.runInSequence(MethodRunner.java:63)
at org.testng.internal.invokers.TestInvoker$MethodInvocationAgent.invoke(TestInvoker.java:995)
at org.testng.internal.invokers.TestInvoker.invokeTestMethods(TestInvoker.java:203)
at org.testng.internal.invokers.TestMethodWorker.invokeTestMethods(TestMethodWorker.java:154)
at org.testng.internal.invokers.TestMethodWorker.run(TestMethodWorker.java:134)
at java.base/java.util.ArrayList.forEach(ArrayList.java:1597)
at org.testng.TestRunner.privateRun(TestRunner.java:741)
at org.testng.TestRunner.run(TestRunner.java:616)
at org.testng.SuiteRunner.runTest(SuiteRunner.java:421)
at org.testng.SuiteRunner.runSequentially(SuiteRunner.java:413)
at org.testng.SuiteRunner.privateRun(SuiteRunner.java:373)
at org.testng.SuiteRunner.run(SuiteRunner.java:312)
at org.testng.SuiteRunnerWorker.runSuite(SuiteRunnerWorker.java:52)
at org.testng.SuiteRunnerWorker.run(SuiteRunnerWorker.java:95)
at org.testng.TestNG.runSuitesSequentially(TestNG.java:1274)
at org.testng.TestNG.runSuitesLocally(TestNG.java:1208)
at org.testng.TestNG.runSuites(TestNG.java:1112)
at org.testng.TestNG.run(TestNG.java:1079)
at org.testng.remote.AbstractRemoteTestNG.run(AbstractRemoteTestNG.java:115)
at org.testng.remote.RemoteTestNG.initAndRun(RemoteTestNG.java:293)
at org.testng.remote.RemoteTestNG.main(RemoteTestNG.java:91)
]]>
            </full-stacktrace>
          </exception> <!-- java.lang.AssertionError -->
          <reporter-output>
          </reporter-output>
        </test-method> <!-- checkDropdown -->
        <test-method is-config="true" signature="navigateBeforeEachTest()[pri:0, instance:com.dsalgo.automation.tests.HomePageTest@a87f8ec]" started-at="2025-04-24T18:17:57 PDT" name="navigateBeforeEachTest" finished-at="2025-04-24T18:17:59 PDT" duration-ms="1422" status="PASS">
          <reporter-output>
          </reporter-output>
        </test-method> <!-- navigateBeforeEachTest -->
        <test-method signature="checkLogoHomeRedirection()[pri:0, instance:com.dsalgo.automation.tests.HomePageTest@a87f8ec]" started-at="2025-04-24T18:17:59 PDT" name="checkLogoHomeRedirection" finished-at="2025-04-24T18:18:00 PDT" duration-ms="963" status="PASS">
          <reporter-output>
          </reporter-output>
        </test-method> <!-- checkLogoHomeRedirection -->
        <test-method is-config="true" signature="tearDown()[pri:0, instance:com.dsalgo.automation.tests.HomePageTest@a87f8ec]" started-at="2025-04-24T18:18:00 PDT" name="tearDown" finished-at="2025-04-24T18:18:00 PDT" duration-ms="375" status="PASS">
          <reporter-output>
          </reporter-output>
        </test-method> <!-- tearDown -->
      </class> <!-- com.dsalgo.automation.tests.HomePageTest -->
    </test> <!-- Default test -->
  </suite> <!-- Default suite -->
</testng-results>
