<?xml version="1.0" encoding="UTF-8"?>
<!-- Generated by org.testng.reporters.JUnitReportReporter -->
<testsuite hostname="MadhaviPoreddy" failures="0" tests="3" name="com.dsalgo.automation.tests.StackPageTest" time="69.731" errors="0" timestamp="2025-04-30T14:55:31 EDT" skipped="0">
  <testcase classname="com.dsalgo.automation.tests.StackPageTest" name="testcodeEditor" time="33.809"/>
  <testcase classname="com.dsalgo.automation.tests.StackPageTest" name="testcodeEditor" time="2.292"/>
  <testcase classname="com.dsalgo.automation.tests.StackPageTest" name="testcodeEditor" time="33.630"/>
</testsuite> <!-- com.dsalgo.automation.tests.StackPageTest -->
