<?xml version="1.0" encoding="UTF-8"?>
<!-- Generated by org.testng.reporters.JUnitReportReporter -->
<testsuite hostname="MadhaviPoreddy" failures="6" tests="34" name="com.dsalgo.automation.tests.DataStructureTest" time="127.392" errors="0" timestamp="2025-05-05T21:48:19 EDT" skipped="13">
  <testcase classname="com.dsalgo.automation.tests.DataStructureTest" name="testValidInvalidPythonCode" time="13.239">
    <skipped/>
  </testcase> <!-- testValidInvalidPythonCode -->
  <testcase classname="com.dsalgo.automation.tests.DataStructureTest" name="testNumpyninjaLogo" time="5.073">
    <skipped/>
  </testcase> <!-- testNumpyninjaLogo -->
  <testcase classname="com.dsalgo.automation.tests.DataStructureTest" name="practiceQues" time="2.405">
    <skipped/>
  </testcase> <!-- practiceQues -->
  <testcase classname="com.dsalgo.automation.tests.DataStructureTest" name="testNumpyninjaLogo" time="5.802">
    <skipped/>
  </testcase> <!-- testNumpyninjaLogo -->
  <testcase classname="com.dsalgo.automation.tests.DataStructureTest" name="testDisplayDatastructure" time="2.037"/>
  <testcase classname="com.dsalgo.automation.tests.DataStructureTest" name="practiceQues" time="3.673">
    <skipped/>
  </testcase> <!-- practiceQues -->
  <testcase classname="com.dsalgo.automation.tests.DataStructureTest" name="practiceQues" time="3.361">
    <failure message="The Practice Questions page is unexpectedly blank! expected [true] but found [false]" type="java.lang.AssertionError">
      <![CDATA[java.lang.AssertionError: The Practice Questions page is unexpectedly blank! expected [true] but found [false]
at org.testng.Assert.fail(Assert.java:111)
at org.testng.Assert.failNotEquals(Assert.java:1590)
at org.testng.Assert.assertTrue(Assert.java:57)
at com.dsalgo.automation.tests.DataStructureTest.practiceQues(DataStructureTest.java:108)
at java.base/jdk.internal.reflect.DirectMethodHandleAccessor.invoke(DirectMethodHandleAccessor.java:103)
at java.base/java.lang.reflect.Method.invoke(Method.java:580)
at org.testng.internal.invokers.MethodInvocationHelper.invokeMethod(MethodInvocationHelper.java:141)
at org.testng.internal.invokers.TestInvoker.invokeMethod(TestInvoker.java:687)
at org.testng.internal.invokers.TestInvoker.retryFailed(TestInvoker.java:269)
at org.testng.internal.invokers.MethodRunner.runInSequence(MethodRunner.java:76)
at org.testng.internal.invokers.TestInvoker$MethodInvocationAgent.invoke(TestInvoker.java:995)
at org.testng.internal.invokers.TestInvoker.invokeTestMethods(TestInvoker.java:203)
at org.testng.internal.invokers.TestMethodWorker.invokeTestMethods(TestMethodWorker.java:154)
at org.testng.internal.invokers.TestMethodWorker.run(TestMethodWorker.java:134)
at java.base/java.util.concurrent.Executors$RunnableAdapter.call(Executors.java:572)
at java.base/java.util.concurrent.FutureTask.run(FutureTask.java:317)
at org.testng.internal.thread.graph.TestNGFutureTask.run(TestNGFutureTask.java:22)
at java.base/java.util.concurrent.ThreadPoolExecutor.runWorker(ThreadPoolExecutor.java:1144)
at java.base/java.util.concurrent.ThreadPoolExecutor$Worker.run(ThreadPoolExecutor.java:642)
at java.base/java.lang.Thread.run(Thread.java:1583)
]]>
    </failure>
  </testcase> <!-- practiceQues -->
  <testcase classname="com.dsalgo.automation.tests.DataStructureTest" name="testValidInvalidPythonCode" time="2.772"/>
  <testcase classname="com.dsalgo.automation.tests.DataStructureTest" name="testValidInvalidPythonCode" time="2.320"/>
  <testcase classname="com.dsalgo.automation.tests.DataStructureTest" name="testNumpyninjaLogo" time="4.956">
    <skipped/>
  </testcase> <!-- testNumpyninjaLogo -->
  <testcase classname="com.dsalgo.automation.tests.DataStructureTest" name="testDisplayAssessment" time="4.092"/>
  <testcase classname="com.dsalgo.automation.tests.DataStructureTest" name="testValidInvalidPythonCode" time="3.005"/>
  <testcase classname="com.dsalgo.automation.tests.DataStructureTest" name="testValidInvalidPythonCode" time="3.633"/>
  <testcase classname="com.dsalgo.automation.tests.DataStructureTest" name="practiceQues" time="2.580">
    <skipped/>
  </testcase> <!-- practiceQues -->
  <testcase classname="com.dsalgo.automation.tests.DataStructureTest" name="testDisplayTimeCom" time="1.839"/>
  <testcase classname="com.dsalgo.automation.tests.DataStructureTest" name="practiceQues" time="2.073">
    <failure message="The Practice Questions page is unexpectedly blank! expected [true] but found [false]" type="java.lang.AssertionError">
      <![CDATA[java.lang.AssertionError: The Practice Questions page is unexpectedly blank! expected [true] but found [false]
at org.testng.Assert.fail(Assert.java:111)
at org.testng.Assert.failNotEquals(Assert.java:1590)
at org.testng.Assert.assertTrue(Assert.java:57)
at com.dsalgo.automation.tests.DataStructureTest.practiceQues(DataStructureTest.java:108)
at java.base/jdk.internal.reflect.DirectMethodHandleAccessor.invoke(DirectMethodHandleAccessor.java:103)
at java.base/java.lang.reflect.Method.invoke(Method.java:580)
at org.testng.internal.invokers.MethodInvocationHelper.invokeMethod(MethodInvocationHelper.java:141)
at org.testng.internal.invokers.TestInvoker.invokeMethod(TestInvoker.java:687)
at org.testng.internal.invokers.TestInvoker.retryFailed(TestInvoker.java:269)
at org.testng.internal.invokers.MethodRunner.runInSequence(MethodRunner.java:76)
at org.testng.internal.invokers.TestInvoker$MethodInvocationAgent.invoke(TestInvoker.java:995)
at org.testng.internal.invokers.TestInvoker.invokeTestMethods(TestInvoker.java:203)
at org.testng.internal.invokers.TestMethodWorker.invokeTestMethods(TestMethodWorker.java:154)
at org.testng.internal.invokers.TestMethodWorker.run(TestMethodWorker.java:134)
at java.base/java.util.concurrent.Executors$RunnableAdapter.call(Executors.java:572)
at java.base/java.util.concurrent.FutureTask.run(FutureTask.java:317)
at org.testng.internal.thread.graph.TestNGFutureTask.run(TestNGFutureTask.java:22)
at java.base/java.util.concurrent.ThreadPoolExecutor.runWorker(ThreadPoolExecutor.java:1144)
at java.base/java.util.concurrent.ThreadPoolExecutor$Worker.run(ThreadPoolExecutor.java:642)
at java.base/java.lang.Thread.run(Thread.java:1583)
]]>
    </failure>
  </testcase> <!-- practiceQues -->
  <testcase classname="com.dsalgo.automation.tests.DataStructureTest" name="testDisplayAssessment" time="3.133"/>
  <testcase classname="com.dsalgo.automation.tests.DataStructureTest" name="practiceQues" time="3.095">
    <skipped/>
  </testcase> <!-- practiceQues -->
  <testcase classname="com.dsalgo.automation.tests.DataStructureTest" name="testNumpyninjaLogo" time="4.998">
    <failure message="Failed to navigate to Home Page expected [true] but found [false]" type="java.lang.AssertionError">
      <![CDATA[java.lang.AssertionError: Failed to navigate to Home Page expected [true] but found [false]
at org.testng.Assert.fail(Assert.java:111)
at org.testng.Assert.failNotEquals(Assert.java:1590)
at org.testng.Assert.assertTrue(Assert.java:57)
at com.dsalgo.automation.tests.DataStructureTest.testNumpyninjaLogo(DataStructureTest.java:55)
at java.base/jdk.internal.reflect.DirectMethodHandleAccessor.invoke(DirectMethodHandleAccessor.java:103)
at java.base/java.lang.reflect.Method.invoke(Method.java:580)
at org.testng.internal.invokers.MethodInvocationHelper.invokeMethod(MethodInvocationHelper.java:141)
at org.testng.internal.invokers.TestInvoker.invokeMethod(TestInvoker.java:687)
at org.testng.internal.invokers.TestInvoker.retryFailed(TestInvoker.java:269)
at org.testng.internal.invokers.MethodRunner.runInSequence(MethodRunner.java:76)
at org.testng.internal.invokers.TestInvoker$MethodInvocationAgent.invoke(TestInvoker.java:995)
at org.testng.internal.invokers.TestInvoker.invokeTestMethods(TestInvoker.java:203)
at org.testng.internal.invokers.TestMethodWorker.invokeTestMethods(TestMethodWorker.java:154)
at org.testng.internal.invokers.TestMethodWorker.run(TestMethodWorker.java:134)
at java.base/java.util.concurrent.Executors$RunnableAdapter.call(Executors.java:572)
at java.base/java.util.concurrent.FutureTask.run(FutureTask.java:317)
at org.testng.internal.thread.graph.TestNGFutureTask.run(TestNGFutureTask.java:22)
at java.base/java.util.concurrent.ThreadPoolExecutor.runWorker(ThreadPoolExecutor.java:1144)
at java.base/java.util.concurrent.ThreadPoolExecutor$Worker.run(ThreadPoolExecutor.java:642)
at java.base/java.lang.Thread.run(Thread.java:1583)
]]>
    </failure>
  </testcase> <!-- testNumpyninjaLogo -->
  <testcase classname="com.dsalgo.automation.tests.DataStructureTest" name="practiceQues" time="2.516">
    <skipped/>
  </testcase> <!-- practiceQues -->
  <testcase classname="com.dsalgo.automation.tests.DataStructureTest" name="testValidInvalidPythonCode" time="3.255"/>
  <testcase classname="com.dsalgo.automation.tests.DataStructureTest" name="testValidInvalidPythonCode" time="2.243"/>
  <testcase classname="com.dsalgo.automation.tests.DataStructureTest" name="practiceQues" time="2.143">
    <skipped/>
  </testcase> <!-- practiceQues -->
  <testcase classname="com.dsalgo.automation.tests.DataStructureTest" name="practiceQues" time="2.425">
    <failure message="The Practice Questions page is unexpectedly blank! expected [true] but found [false]" type="java.lang.AssertionError">
      <![CDATA[java.lang.AssertionError: The Practice Questions page is unexpectedly blank! expected [true] but found [false]
at org.testng.Assert.fail(Assert.java:111)
at org.testng.Assert.failNotEquals(Assert.java:1590)
at org.testng.Assert.assertTrue(Assert.java:57)
at com.dsalgo.automation.tests.DataStructureTest.practiceQues(DataStructureTest.java:108)
at java.base/jdk.internal.reflect.DirectMethodHandleAccessor.invoke(DirectMethodHandleAccessor.java:103)
at java.base/java.lang.reflect.Method.invoke(Method.java:580)
at org.testng.internal.invokers.MethodInvocationHelper.invokeMethod(MethodInvocationHelper.java:141)
at org.testng.internal.invokers.TestInvoker.invokeMethod(TestInvoker.java:687)
at org.testng.internal.invokers.TestInvoker.retryFailed(TestInvoker.java:269)
at org.testng.internal.invokers.MethodRunner.runInSequence(MethodRunner.java:76)
at org.testng.internal.invokers.TestInvoker$MethodInvocationAgent.invoke(TestInvoker.java:995)
at org.testng.internal.invokers.TestInvoker.invokeTestMethods(TestInvoker.java:203)
at org.testng.internal.invokers.TestMethodWorker.invokeTestMethods(TestMethodWorker.java:154)
at org.testng.internal.invokers.TestMethodWorker.run(TestMethodWorker.java:134)
at java.base/java.util.concurrent.Executors$RunnableAdapter.call(Executors.java:572)
at java.base/java.util.concurrent.FutureTask.run(FutureTask.java:317)
at org.testng.internal.thread.graph.TestNGFutureTask.run(TestNGFutureTask.java:22)
at java.base/java.util.concurrent.ThreadPoolExecutor.runWorker(ThreadPoolExecutor.java:1144)
at java.base/java.util.concurrent.ThreadPoolExecutor$Worker.run(ThreadPoolExecutor.java:642)
at java.base/java.lang.Thread.run(Thread.java:1583)
]]>
    </failure>
  </testcase> <!-- practiceQues -->
  <testcase classname="com.dsalgo.automation.tests.DataStructureTest" name="testNumpyninjaLogo" time="6.225">
    <skipped/>
  </testcase> <!-- testNumpyninjaLogo -->
  <testcase classname="com.dsalgo.automation.tests.DataStructureTest" name="testDisplayTimeCom" time="2.355"/>
  <testcase classname="com.dsalgo.automation.tests.DataStructureTest" name="testNumpyninjaLogo" time="5.788">
    <skipped/>
  </testcase> <!-- testNumpyninjaLogo -->
  <testcase classname="com.dsalgo.automation.tests.DataStructureTest" name="testNumpyninjaLogo" time="5.392">
    <failure message="Failed to navigate to Home Page expected [true] but found [false]" type="java.lang.AssertionError">
      <![CDATA[java.lang.AssertionError: Failed to navigate to Home Page expected [true] but found [false]
at org.testng.Assert.fail(Assert.java:111)
at org.testng.Assert.failNotEquals(Assert.java:1590)
at org.testng.Assert.assertTrue(Assert.java:57)
at com.dsalgo.automation.tests.DataStructureTest.testNumpyninjaLogo(DataStructureTest.java:55)
at java.base/jdk.internal.reflect.DirectMethodHandleAccessor.invoke(DirectMethodHandleAccessor.java:103)
at java.base/java.lang.reflect.Method.invoke(Method.java:580)
at org.testng.internal.invokers.MethodInvocationHelper.invokeMethod(MethodInvocationHelper.java:141)
at org.testng.internal.invokers.TestInvoker.invokeMethod(TestInvoker.java:687)
at org.testng.internal.invokers.TestInvoker.retryFailed(TestInvoker.java:269)
at org.testng.internal.invokers.MethodRunner.runInSequence(MethodRunner.java:76)
at org.testng.internal.invokers.TestInvoker$MethodInvocationAgent.invoke(TestInvoker.java:995)
at org.testng.internal.invokers.TestInvoker.invokeTestMethods(TestInvoker.java:203)
at org.testng.internal.invokers.TestMethodWorker.invokeTestMethods(TestMethodWorker.java:154)
at org.testng.internal.invokers.TestMethodWorker.run(TestMethodWorker.java:134)
at java.base/java.util.concurrent.Executors$RunnableAdapter.call(Executors.java:572)
at java.base/java.util.concurrent.FutureTask.run(FutureTask.java:317)
at org.testng.internal.thread.graph.TestNGFutureTask.run(TestNGFutureTask.java:22)
at java.base/java.util.concurrent.ThreadPoolExecutor.runWorker(ThreadPoolExecutor.java:1144)
at java.base/java.util.concurrent.ThreadPoolExecutor$Worker.run(ThreadPoolExecutor.java:642)
at java.base/java.lang.Thread.run(Thread.java:1583)
]]>
    </failure>
  </testcase> <!-- testNumpyninjaLogo -->
  <testcase classname="com.dsalgo.automation.tests.DataStructureTest" name="testNumpyninjaLogo" time="4.957">
    <failure message="Failed to navigate to Home Page expected [true] but found [false]" type="java.lang.AssertionError">
      <![CDATA[java.lang.AssertionError: Failed to navigate to Home Page expected [true] but found [false]
at org.testng.Assert.fail(Assert.java:111)
at org.testng.Assert.failNotEquals(Assert.java:1590)
at org.testng.Assert.assertTrue(Assert.java:57)
at com.dsalgo.automation.tests.DataStructureTest.testNumpyninjaLogo(DataStructureTest.java:55)
at java.base/jdk.internal.reflect.DirectMethodHandleAccessor.invoke(DirectMethodHandleAccessor.java:103)
at java.base/java.lang.reflect.Method.invoke(Method.java:580)
at org.testng.internal.invokers.MethodInvocationHelper.invokeMethod(MethodInvocationHelper.java:141)
at org.testng.internal.invokers.TestInvoker.invokeMethod(TestInvoker.java:687)
at org.testng.internal.invokers.TestInvoker.retryFailed(TestInvoker.java:269)
at org.testng.internal.invokers.MethodRunner.runInSequence(MethodRunner.java:76)
at org.testng.internal.invokers.TestInvoker$MethodInvocationAgent.invoke(TestInvoker.java:995)
at org.testng.internal.invokers.TestInvoker.invokeTestMethods(TestInvoker.java:203)
at org.testng.internal.invokers.TestMethodWorker.invokeTestMethods(TestMethodWorker.java:154)
at org.testng.internal.invokers.TestMethodWorker.run(TestMethodWorker.java:134)
at java.base/java.util.concurrent.Executors$RunnableAdapter.call(Executors.java:572)
at java.base/java.util.concurrent.FutureTask.run(FutureTask.java:317)
at org.testng.internal.thread.graph.TestNGFutureTask.run(TestNGFutureTask.java:22)
at java.base/java.util.concurrent.ThreadPoolExecutor.runWorker(ThreadPoolExecutor.java:1144)
at java.base/java.util.concurrent.ThreadPoolExecutor$Worker.run(ThreadPoolExecutor.java:642)
at java.base/java.lang.Thread.run(Thread.java:1583)
]]>
    </failure>
  </testcase> <!-- testNumpyninjaLogo -->
  <testcase classname="com.dsalgo.automation.tests.DataStructureTest" name="testDisplayDatastructure" time="2.838"/>
  <testcase classname="com.dsalgo.automation.tests.DataStructureTest" name="testDisplayAssessment" time="3.178"/>
  <testcase classname="com.dsalgo.automation.tests.DataStructureTest" name="testDisplayDatastructure" time="1.738"/>
  <testcase classname="com.dsalgo.automation.tests.DataStructureTest" name="testDisplayTimeCom" time="3.180"/>
  <testcase classname="com.dsalgo.automation.tests.DataStructureTest" name="testNumpyninjaLogo" time="5.073">
    <skipped/>
  </testcase> <!-- testNumpyninjaLogo -->
</testsuite> <!-- com.dsalgo.automation.tests.DataStructureTest -->
