<?xml version="1.0" encoding="UTF-8"?>
<!-- Generated by org.testng.reporters.JUnitReportReporter -->
<testsuite hostname="MadhaviPoreddy" failures="12" tests="84" name="com.dsalgo.automation.tests.QueuePageTest" time="221.485" errors="0" timestamp="2025-05-05T21:48:19 EDT" skipped="24">
  <testcase classname="com.dsalgo.automation.tests.QueuePageTest" name="verifyImplOfQueueInPyPage" time="2.387"/>
  <testcase classname="com.dsalgo.automation.tests.QueuePageTest" name="verifyImplOfQueueInPyPage" time="1.821"/>
  <testcase classname="com.dsalgo.automation.tests.QueuePageTest" name="verifyImplOfQueueInPyPage" time="2.363"/>
  <testcase classname="com.dsalgo.automation.tests.QueuePageTest" name="verifyImplOfQueueInPyPracticeQ" time="2.739">
    <skipped/>
  </testcase> <!-- verifyImplOfQueueInPyPracticeQ -->
  <testcase classname="com.dsalgo.automation.tests.QueuePageTest" name="verifyImplOfQueueInPyPracticeQ" time="2.287">
    <failure message="expected [true] but found [false]" type="java.lang.AssertionError">
      <![CDATA[java.lang.AssertionError: expected [true] but found [false]
at org.testng.Assert.fail(Assert.java:111)
at org.testng.Assert.failNotEquals(Assert.java:1590)
at org.testng.Assert.assertTrue(Assert.java:57)
at org.testng.Assert.assertTrue(Assert.java:67)
at com.dsalgo.automation.tests.QueuePageTest.verifyPracticeQuestion(QueuePageTest.java:131)
at com.dsalgo.automation.tests.QueuePageTest.verifyImplOfQueueInPyPracticeQ(QueuePageTest.java:58)
at java.base/jdk.internal.reflect.DirectMethodHandleAccessor.invoke(DirectMethodHandleAccessor.java:103)
at java.base/java.lang.reflect.Method.invoke(Method.java:580)
at org.testng.internal.invokers.MethodInvocationHelper.invokeMethod(MethodInvocationHelper.java:141)
at org.testng.internal.invokers.TestInvoker.invokeMethod(TestInvoker.java:687)
at org.testng.internal.invokers.TestInvoker.retryFailed(TestInvoker.java:269)
at org.testng.internal.invokers.MethodRunner.runInSequence(MethodRunner.java:76)
at org.testng.internal.invokers.TestInvoker$MethodInvocationAgent.invoke(TestInvoker.java:995)
at org.testng.internal.invokers.TestInvoker.invokeTestMethods(TestInvoker.java:203)
at org.testng.internal.invokers.TestMethodWorker.invokeTestMethods(TestMethodWorker.java:154)
at org.testng.internal.invokers.TestMethodWorker.run(TestMethodWorker.java:134)
at java.base/java.util.concurrent.Executors$RunnableAdapter.call(Executors.java:572)
at java.base/java.util.concurrent.FutureTask.run(FutureTask.java:317)
at org.testng.internal.thread.graph.TestNGFutureTask.run(TestNGFutureTask.java:22)
at java.base/java.util.concurrent.ThreadPoolExecutor.runWorker(ThreadPoolExecutor.java:1144)
at java.base/java.util.concurrent.ThreadPoolExecutor$Worker.run(ThreadPoolExecutor.java:642)
at java.base/java.lang.Thread.run(Thread.java:1583)
]]>
    </failure>
  </testcase> <!-- verifyImplOfQueueInPyPracticeQ -->
  <testcase classname="com.dsalgo.automation.tests.QueuePageTest" name="verifyImplOfQueueInPyPracticeQ" time="2.733">
    <skipped/>
  </testcase> <!-- verifyImplOfQueueInPyPracticeQ -->
  <testcase classname="com.dsalgo.automation.tests.QueuePageTest" name="verifyImplOfQueueInPyPracticeQ" time="2.628">
    <failure message="expected [true] but found [false]" type="java.lang.AssertionError">
      <![CDATA[java.lang.AssertionError: expected [true] but found [false]
at org.testng.Assert.fail(Assert.java:111)
at org.testng.Assert.failNotEquals(Assert.java:1590)
at org.testng.Assert.assertTrue(Assert.java:57)
at org.testng.Assert.assertTrue(Assert.java:67)
at com.dsalgo.automation.tests.QueuePageTest.verifyPracticeQuestion(QueuePageTest.java:131)
at com.dsalgo.automation.tests.QueuePageTest.verifyImplOfQueueInPyPracticeQ(QueuePageTest.java:58)
at java.base/jdk.internal.reflect.DirectMethodHandleAccessor.invoke(DirectMethodHandleAccessor.java:103)
at java.base/java.lang.reflect.Method.invoke(Method.java:580)
at org.testng.internal.invokers.MethodInvocationHelper.invokeMethod(MethodInvocationHelper.java:141)
at org.testng.internal.invokers.TestInvoker.invokeMethod(TestInvoker.java:687)
at org.testng.internal.invokers.TestInvoker.retryFailed(TestInvoker.java:269)
at org.testng.internal.invokers.MethodRunner.runInSequence(MethodRunner.java:76)
at org.testng.internal.invokers.TestInvoker$MethodInvocationAgent.invoke(TestInvoker.java:995)
at org.testng.internal.invokers.TestInvoker.invokeTestMethods(TestInvoker.java:203)
at org.testng.internal.invokers.TestMethodWorker.invokeTestMethods(TestMethodWorker.java:154)
at org.testng.internal.invokers.TestMethodWorker.run(TestMethodWorker.java:134)
at java.base/java.util.concurrent.Executors$RunnableAdapter.call(Executors.java:572)
at java.base/java.util.concurrent.FutureTask.run(FutureTask.java:317)
at org.testng.internal.thread.graph.TestNGFutureTask.run(TestNGFutureTask.java:22)
at java.base/java.util.concurrent.ThreadPoolExecutor.runWorker(ThreadPoolExecutor.java:1144)
at java.base/java.util.concurrent.ThreadPoolExecutor$Worker.run(ThreadPoolExecutor.java:642)
at java.base/java.lang.Thread.run(Thread.java:1583)
]]>
    </failure>
  </testcase> <!-- verifyImplOfQueueInPyPracticeQ -->
  <testcase classname="com.dsalgo.automation.tests.QueuePageTest" name="verifyImplOfQueueInPyPracticeQ" time="2.339">
    <failure message="expected [true] but found [false]" type="java.lang.AssertionError">
      <![CDATA[java.lang.AssertionError: expected [true] but found [false]
at org.testng.Assert.fail(Assert.java:111)
at org.testng.Assert.failNotEquals(Assert.java:1590)
at org.testng.Assert.assertTrue(Assert.java:57)
at org.testng.Assert.assertTrue(Assert.java:67)
at com.dsalgo.automation.tests.QueuePageTest.verifyPracticeQuestion(QueuePageTest.java:131)
at com.dsalgo.automation.tests.QueuePageTest.verifyImplOfQueueInPyPracticeQ(QueuePageTest.java:58)
at java.base/jdk.internal.reflect.DirectMethodHandleAccessor.invoke(DirectMethodHandleAccessor.java:103)
at java.base/java.lang.reflect.Method.invoke(Method.java:580)
at org.testng.internal.invokers.MethodInvocationHelper.invokeMethod(MethodInvocationHelper.java:141)
at org.testng.internal.invokers.TestInvoker.invokeMethod(TestInvoker.java:687)
at org.testng.internal.invokers.TestInvoker.retryFailed(TestInvoker.java:269)
at org.testng.internal.invokers.MethodRunner.runInSequence(MethodRunner.java:76)
at org.testng.internal.invokers.TestInvoker$MethodInvocationAgent.invoke(TestInvoker.java:995)
at org.testng.internal.invokers.TestInvoker.invokeTestMethods(TestInvoker.java:203)
at org.testng.internal.invokers.TestMethodWorker.invokeTestMethods(TestMethodWorker.java:154)
at org.testng.internal.invokers.TestMethodWorker.run(TestMethodWorker.java:134)
at java.base/java.util.concurrent.Executors$RunnableAdapter.call(Executors.java:572)
at java.base/java.util.concurrent.FutureTask.run(FutureTask.java:317)
at org.testng.internal.thread.graph.TestNGFutureTask.run(TestNGFutureTask.java:22)
at java.base/java.util.concurrent.ThreadPoolExecutor.runWorker(ThreadPoolExecutor.java:1144)
at java.base/java.util.concurrent.ThreadPoolExecutor$Worker.run(ThreadPoolExecutor.java:642)
at java.base/java.lang.Thread.run(Thread.java:1583)
]]>
    </failure>
  </testcase> <!-- verifyImplOfQueueInPyPracticeQ -->
  <testcase classname="com.dsalgo.automation.tests.QueuePageTest" name="verifyImplOfQueueInPyPracticeQ" time="2.667">
    <skipped/>
  </testcase> <!-- verifyImplOfQueueInPyPracticeQ -->
  <testcase classname="com.dsalgo.automation.tests.QueuePageTest" name="verifyImplOfQueueInPyPracticeQ" time="2.383">
    <skipped/>
  </testcase> <!-- verifyImplOfQueueInPyPracticeQ -->
  <testcase classname="com.dsalgo.automation.tests.QueuePageTest" name="verifyImplOfQueueInPyPracticeQ" time="2.279">
    <skipped/>
  </testcase> <!-- verifyImplOfQueueInPyPracticeQ -->
  <testcase classname="com.dsalgo.automation.tests.QueuePageTest" name="verifyImplOfQueueInPyPracticeQ" time="2.084">
    <skipped/>
  </testcase> <!-- verifyImplOfQueueInPyPracticeQ -->
  <testcase classname="com.dsalgo.automation.tests.QueuePageTest" name="verifyImplOfQueueInPyCodeEditor" time="2.217"/>
  <testcase classname="com.dsalgo.automation.tests.QueuePageTest" name="verifyImplOfQueueInPyCodeEditor" time="2.914"/>
  <testcase classname="com.dsalgo.automation.tests.QueuePageTest" name="verifyImplOfQueueInPyCodeEditor" time="2.761"/>
  <testcase classname="com.dsalgo.automation.tests.QueuePageTest" name="verifyImplOfQueueInPyCodeEditor" time="3.345"/>
  <testcase classname="com.dsalgo.automation.tests.QueuePageTest" name="verifyImplOfQueueInPyCodeEditor" time="2.365"/>
  <testcase classname="com.dsalgo.automation.tests.QueuePageTest" name="verifyImplOfQueueInPyCodeEditor" time="4.431"/>
  <testcase classname="com.dsalgo.automation.tests.QueuePageTest" name="verifyImplOfQueueInPyCodeEditor" time="3.456"/>
  <testcase classname="com.dsalgo.automation.tests.QueuePageTest" name="verifyImplOfQueueInPyCodeEditor" time="2.362"/>
  <testcase classname="com.dsalgo.automation.tests.QueuePageTest" name="verifyImplOfQueueInPyCodeEditor" time="2.969"/>
  <testcase classname="com.dsalgo.automation.tests.QueuePageTest" name="verifyImplUsngCollctnDqPage" time="2.055"/>
  <testcase classname="com.dsalgo.automation.tests.QueuePageTest" name="verifyImplUsngCollctnDqPage" time="2.208"/>
  <testcase classname="com.dsalgo.automation.tests.QueuePageTest" name="verifyImplUsngCollctnDqPage" time="2.368"/>
  <testcase classname="com.dsalgo.automation.tests.QueuePageTest" name="verifyImplUsngCollctnDqPracticeQ" time="2.193">
    <skipped/>
  </testcase> <!-- verifyImplUsngCollctnDqPracticeQ -->
  <testcase classname="com.dsalgo.automation.tests.QueuePageTest" name="verifyImplUsngCollctnDqPracticeQ" time="2.147">
    <failure message="expected [true] but found [false]" type="java.lang.AssertionError">
      <![CDATA[java.lang.AssertionError: expected [true] but found [false]
at org.testng.Assert.fail(Assert.java:111)
at org.testng.Assert.failNotEquals(Assert.java:1590)
at org.testng.Assert.assertTrue(Assert.java:57)
at org.testng.Assert.assertTrue(Assert.java:67)
at com.dsalgo.automation.tests.QueuePageTest.verifyPracticeQuestion(QueuePageTest.java:131)
at com.dsalgo.automation.tests.QueuePageTest.verifyImplUsngCollctnDqPracticeQ(QueuePageTest.java:78)
at java.base/jdk.internal.reflect.DirectMethodHandleAccessor.invoke(DirectMethodHandleAccessor.java:103)
at java.base/java.lang.reflect.Method.invoke(Method.java:580)
at org.testng.internal.invokers.MethodInvocationHelper.invokeMethod(MethodInvocationHelper.java:141)
at org.testng.internal.invokers.TestInvoker.invokeMethod(TestInvoker.java:687)
at org.testng.internal.invokers.TestInvoker.retryFailed(TestInvoker.java:269)
at org.testng.internal.invokers.MethodRunner.runInSequence(MethodRunner.java:76)
at org.testng.internal.invokers.TestInvoker$MethodInvocationAgent.invoke(TestInvoker.java:995)
at org.testng.internal.invokers.TestInvoker.invokeTestMethods(TestInvoker.java:203)
at org.testng.internal.invokers.TestMethodWorker.invokeTestMethods(TestMethodWorker.java:154)
at org.testng.internal.invokers.TestMethodWorker.run(TestMethodWorker.java:134)
at java.base/java.util.concurrent.Executors$RunnableAdapter.call(Executors.java:572)
at java.base/java.util.concurrent.FutureTask.run(FutureTask.java:317)
at org.testng.internal.thread.graph.TestNGFutureTask.run(TestNGFutureTask.java:22)
at java.base/java.util.concurrent.ThreadPoolExecutor.runWorker(ThreadPoolExecutor.java:1144)
at java.base/java.util.concurrent.ThreadPoolExecutor$Worker.run(ThreadPoolExecutor.java:642)
at java.base/java.lang.Thread.run(Thread.java:1583)
]]>
    </failure>
  </testcase> <!-- verifyImplUsngCollctnDqPracticeQ -->
  <testcase classname="com.dsalgo.automation.tests.QueuePageTest" name="verifyImplUsngCollctnDqPracticeQ" time="2.803">
    <skipped/>
  </testcase> <!-- verifyImplUsngCollctnDqPracticeQ -->
  <testcase classname="com.dsalgo.automation.tests.QueuePageTest" name="verifyImplUsngCollctnDqPracticeQ" time="2.682">
    <skipped/>
  </testcase> <!-- verifyImplUsngCollctnDqPracticeQ -->
  <testcase classname="com.dsalgo.automation.tests.QueuePageTest" name="verifyImplUsngCollctnDqPracticeQ" time="2.647">
    <failure message="expected [true] but found [false]" type="java.lang.AssertionError">
      <![CDATA[java.lang.AssertionError: expected [true] but found [false]
at org.testng.Assert.fail(Assert.java:111)
at org.testng.Assert.failNotEquals(Assert.java:1590)
at org.testng.Assert.assertTrue(Assert.java:57)
at org.testng.Assert.assertTrue(Assert.java:67)
at com.dsalgo.automation.tests.QueuePageTest.verifyPracticeQuestion(QueuePageTest.java:131)
at com.dsalgo.automation.tests.QueuePageTest.verifyImplUsngCollctnDqPracticeQ(QueuePageTest.java:78)
at java.base/jdk.internal.reflect.DirectMethodHandleAccessor.invoke(DirectMethodHandleAccessor.java:103)
at java.base/java.lang.reflect.Method.invoke(Method.java:580)
at org.testng.internal.invokers.MethodInvocationHelper.invokeMethod(MethodInvocationHelper.java:141)
at org.testng.internal.invokers.TestInvoker.invokeMethod(TestInvoker.java:687)
at org.testng.internal.invokers.TestInvoker.retryFailed(TestInvoker.java:269)
at org.testng.internal.invokers.MethodRunner.runInSequence(MethodRunner.java:76)
at org.testng.internal.invokers.TestInvoker$MethodInvocationAgent.invoke(TestInvoker.java:995)
at org.testng.internal.invokers.TestInvoker.invokeTestMethods(TestInvoker.java:203)
at org.testng.internal.invokers.TestMethodWorker.invokeTestMethods(TestMethodWorker.java:154)
at org.testng.internal.invokers.TestMethodWorker.run(TestMethodWorker.java:134)
at java.base/java.util.concurrent.Executors$RunnableAdapter.call(Executors.java:572)
at java.base/java.util.concurrent.FutureTask.run(FutureTask.java:317)
at org.testng.internal.thread.graph.TestNGFutureTask.run(TestNGFutureTask.java:22)
at java.base/java.util.concurrent.ThreadPoolExecutor.runWorker(ThreadPoolExecutor.java:1144)
at java.base/java.util.concurrent.ThreadPoolExecutor$Worker.run(ThreadPoolExecutor.java:642)
at java.base/java.lang.Thread.run(Thread.java:1583)
]]>
    </failure>
  </testcase> <!-- verifyImplUsngCollctnDqPracticeQ -->
  <testcase classname="com.dsalgo.automation.tests.QueuePageTest" name="verifyImplUsngCollctnDqPracticeQ" time="1.979">
    <skipped/>
  </testcase> <!-- verifyImplUsngCollctnDqPracticeQ -->
  <testcase classname="com.dsalgo.automation.tests.QueuePageTest" name="verifyImplUsngCollctnDqPracticeQ" time="2.736">
    <failure message="expected [true] but found [false]" type="java.lang.AssertionError">
      <![CDATA[java.lang.AssertionError: expected [true] but found [false]
at org.testng.Assert.fail(Assert.java:111)
at org.testng.Assert.failNotEquals(Assert.java:1590)
at org.testng.Assert.assertTrue(Assert.java:57)
at org.testng.Assert.assertTrue(Assert.java:67)
at com.dsalgo.automation.tests.QueuePageTest.verifyPracticeQuestion(QueuePageTest.java:131)
at com.dsalgo.automation.tests.QueuePageTest.verifyImplUsngCollctnDqPracticeQ(QueuePageTest.java:78)
at java.base/jdk.internal.reflect.DirectMethodHandleAccessor.invoke(DirectMethodHandleAccessor.java:103)
at java.base/java.lang.reflect.Method.invoke(Method.java:580)
at org.testng.internal.invokers.MethodInvocationHelper.invokeMethod(MethodInvocationHelper.java:141)
at org.testng.internal.invokers.TestInvoker.invokeMethod(TestInvoker.java:687)
at org.testng.internal.invokers.TestInvoker.retryFailed(TestInvoker.java:269)
at org.testng.internal.invokers.MethodRunner.runInSequence(MethodRunner.java:76)
at org.testng.internal.invokers.TestInvoker$MethodInvocationAgent.invoke(TestInvoker.java:995)
at org.testng.internal.invokers.TestInvoker.invokeTestMethods(TestInvoker.java:203)
at org.testng.internal.invokers.TestMethodWorker.invokeTestMethods(TestMethodWorker.java:154)
at org.testng.internal.invokers.TestMethodWorker.run(TestMethodWorker.java:134)
at java.base/java.util.concurrent.Executors$RunnableAdapter.call(Executors.java:572)
at java.base/java.util.concurrent.FutureTask.run(FutureTask.java:317)
at org.testng.internal.thread.graph.TestNGFutureTask.run(TestNGFutureTask.java:22)
at java.base/java.util.concurrent.ThreadPoolExecutor.runWorker(ThreadPoolExecutor.java:1144)
at java.base/java.util.concurrent.ThreadPoolExecutor$Worker.run(ThreadPoolExecutor.java:642)
at java.base/java.lang.Thread.run(Thread.java:1583)
]]>
    </failure>
  </testcase> <!-- verifyImplUsngCollctnDqPracticeQ -->
  <testcase classname="com.dsalgo.automation.tests.QueuePageTest" name="verifyImplUsngCollctnDqPracticeQ" time="2.451">
    <skipped/>
  </testcase> <!-- verifyImplUsngCollctnDqPracticeQ -->
  <testcase classname="com.dsalgo.automation.tests.QueuePageTest" name="verifyImplUsngCollctnDqPracticeQ" time="2.283">
    <skipped/>
  </testcase> <!-- verifyImplUsngCollctnDqPracticeQ -->
  <testcase classname="com.dsalgo.automation.tests.QueuePageTest" name="verifyImplUsngCollctnDqCodeEditor" time="2.932"/>
  <testcase classname="com.dsalgo.automation.tests.QueuePageTest" name="verifyImplUsngCollctnDqCodeEditor" time="2.511"/>
  <testcase classname="com.dsalgo.automation.tests.QueuePageTest" name="verifyImplUsngCollctnDqCodeEditor" time="3.101"/>
  <testcase classname="com.dsalgo.automation.tests.QueuePageTest" name="verifyImplUsngCollctnDqCodeEditor" time="3.430"/>
  <testcase classname="com.dsalgo.automation.tests.QueuePageTest" name="verifyImplUsngCollctnDqCodeEditor" time="3.318"/>
  <testcase classname="com.dsalgo.automation.tests.QueuePageTest" name="verifyImplUsngCollctnDqCodeEditor" time="3.162"/>
  <testcase classname="com.dsalgo.automation.tests.QueuePageTest" name="verifyImplUsngCollctnDqCodeEditor" time="2.250"/>
  <testcase classname="com.dsalgo.automation.tests.QueuePageTest" name="verifyImplUsngCollctnDqCodeEditor" time="2.810"/>
  <testcase classname="com.dsalgo.automation.tests.QueuePageTest" name="verifyImplUsngCollctnDqCodeEditor" time="2.210"/>
  <testcase classname="com.dsalgo.automation.tests.QueuePageTest" name="verifyImplUsngArrayPage" time="2.116"/>
  <testcase classname="com.dsalgo.automation.tests.QueuePageTest" name="verifyImplUsngArrayPage" time="2.942"/>
  <testcase classname="com.dsalgo.automation.tests.QueuePageTest" name="verifyImplUsngArrayPage" time="2.543"/>
  <testcase classname="com.dsalgo.automation.tests.QueuePageTest" name="verifyImplUsngArrayPracticeQ" time="2.825">
    <skipped/>
  </testcase> <!-- verifyImplUsngArrayPracticeQ -->
  <testcase classname="com.dsalgo.automation.tests.QueuePageTest" name="verifyImplUsngArrayPracticeQ" time="2.015">
    <skipped/>
  </testcase> <!-- verifyImplUsngArrayPracticeQ -->
  <testcase classname="com.dsalgo.automation.tests.QueuePageTest" name="verifyImplUsngArrayPracticeQ" time="2.487">
    <failure message="expected [true] but found [false]" type="java.lang.AssertionError">
      <![CDATA[java.lang.AssertionError: expected [true] but found [false]
at org.testng.Assert.fail(Assert.java:111)
at org.testng.Assert.failNotEquals(Assert.java:1590)
at org.testng.Assert.assertTrue(Assert.java:57)
at org.testng.Assert.assertTrue(Assert.java:67)
at com.dsalgo.automation.tests.QueuePageTest.verifyPracticeQuestion(QueuePageTest.java:131)
at com.dsalgo.automation.tests.QueuePageTest.verifyImplUsngArrayPracticeQ(QueuePageTest.java:98)
at java.base/jdk.internal.reflect.DirectMethodHandleAccessor.invoke(DirectMethodHandleAccessor.java:103)
at java.base/java.lang.reflect.Method.invoke(Method.java:580)
at org.testng.internal.invokers.MethodInvocationHelper.invokeMethod(MethodInvocationHelper.java:141)
at org.testng.internal.invokers.TestInvoker.invokeMethod(TestInvoker.java:687)
at org.testng.internal.invokers.TestInvoker.retryFailed(TestInvoker.java:269)
at org.testng.internal.invokers.MethodRunner.runInSequence(MethodRunner.java:76)
at org.testng.internal.invokers.TestInvoker$MethodInvocationAgent.invoke(TestInvoker.java:995)
at org.testng.internal.invokers.TestInvoker.invokeTestMethods(TestInvoker.java:203)
at org.testng.internal.invokers.TestMethodWorker.invokeTestMethods(TestMethodWorker.java:154)
at org.testng.internal.invokers.TestMethodWorker.run(TestMethodWorker.java:134)
at java.base/java.util.concurrent.Executors$RunnableAdapter.call(Executors.java:572)
at java.base/java.util.concurrent.FutureTask.run(FutureTask.java:317)
at org.testng.internal.thread.graph.TestNGFutureTask.run(TestNGFutureTask.java:22)
at java.base/java.util.concurrent.ThreadPoolExecutor.runWorker(ThreadPoolExecutor.java:1144)
at java.base/java.util.concurrent.ThreadPoolExecutor$Worker.run(ThreadPoolExecutor.java:642)
at java.base/java.lang.Thread.run(Thread.java:1583)
]]>
    </failure>
  </testcase> <!-- verifyImplUsngArrayPracticeQ -->
  <testcase classname="com.dsalgo.automation.tests.QueuePageTest" name="verifyImplUsngArrayPracticeQ" time="2.937">
    <failure message="expected [true] but found [false]" type="java.lang.AssertionError">
      <![CDATA[java.lang.AssertionError: expected [true] but found [false]
at org.testng.Assert.fail(Assert.java:111)
at org.testng.Assert.failNotEquals(Assert.java:1590)
at org.testng.Assert.assertTrue(Assert.java:57)
at org.testng.Assert.assertTrue(Assert.java:67)
at com.dsalgo.automation.tests.QueuePageTest.verifyPracticeQuestion(QueuePageTest.java:131)
at com.dsalgo.automation.tests.QueuePageTest.verifyImplUsngArrayPracticeQ(QueuePageTest.java:98)
at java.base/jdk.internal.reflect.DirectMethodHandleAccessor.invoke(DirectMethodHandleAccessor.java:103)
at java.base/java.lang.reflect.Method.invoke(Method.java:580)
at org.testng.internal.invokers.MethodInvocationHelper.invokeMethod(MethodInvocationHelper.java:141)
at org.testng.internal.invokers.TestInvoker.invokeMethod(TestInvoker.java:687)
at org.testng.internal.invokers.TestInvoker.retryFailed(TestInvoker.java:269)
at org.testng.internal.invokers.MethodRunner.runInSequence(MethodRunner.java:76)
at org.testng.internal.invokers.TestInvoker$MethodInvocationAgent.invoke(TestInvoker.java:995)
at org.testng.internal.invokers.TestInvoker.invokeTestMethods(TestInvoker.java:203)
at org.testng.internal.invokers.TestMethodWorker.invokeTestMethods(TestMethodWorker.java:154)
at org.testng.internal.invokers.TestMethodWorker.run(TestMethodWorker.java:134)
at java.base/java.util.concurrent.Executors$RunnableAdapter.call(Executors.java:572)
at java.base/java.util.concurrent.FutureTask.run(FutureTask.java:317)
at org.testng.internal.thread.graph.TestNGFutureTask.run(TestNGFutureTask.java:22)
at java.base/java.util.concurrent.ThreadPoolExecutor.runWorker(ThreadPoolExecutor.java:1144)
at java.base/java.util.concurrent.ThreadPoolExecutor$Worker.run(ThreadPoolExecutor.java:642)
at java.base/java.lang.Thread.run(Thread.java:1583)
]]>
    </failure>
  </testcase> <!-- verifyImplUsngArrayPracticeQ -->
  <testcase classname="com.dsalgo.automation.tests.QueuePageTest" name="verifyImplUsngArrayPracticeQ" time="2.071">
    <skipped/>
  </testcase> <!-- verifyImplUsngArrayPracticeQ -->
  <testcase classname="com.dsalgo.automation.tests.QueuePageTest" name="verifyImplUsngArrayPracticeQ" time="2.165">
    <skipped/>
  </testcase> <!-- verifyImplUsngArrayPracticeQ -->
  <testcase classname="com.dsalgo.automation.tests.QueuePageTest" name="verifyImplUsngArrayPracticeQ" time="2.162">
    <failure message="expected [true] but found [false]" type="java.lang.AssertionError">
      <![CDATA[java.lang.AssertionError: expected [true] but found [false]
at org.testng.Assert.fail(Assert.java:111)
at org.testng.Assert.failNotEquals(Assert.java:1590)
at org.testng.Assert.assertTrue(Assert.java:57)
at org.testng.Assert.assertTrue(Assert.java:67)
at com.dsalgo.automation.tests.QueuePageTest.verifyPracticeQuestion(QueuePageTest.java:131)
at com.dsalgo.automation.tests.QueuePageTest.verifyImplUsngArrayPracticeQ(QueuePageTest.java:98)
at java.base/jdk.internal.reflect.DirectMethodHandleAccessor.invoke(DirectMethodHandleAccessor.java:103)
at java.base/java.lang.reflect.Method.invoke(Method.java:580)
at org.testng.internal.invokers.MethodInvocationHelper.invokeMethod(MethodInvocationHelper.java:141)
at org.testng.internal.invokers.TestInvoker.invokeMethod(TestInvoker.java:687)
at org.testng.internal.invokers.TestInvoker.retryFailed(TestInvoker.java:269)
at org.testng.internal.invokers.MethodRunner.runInSequence(MethodRunner.java:76)
at org.testng.internal.invokers.TestInvoker$MethodInvocationAgent.invoke(TestInvoker.java:995)
at org.testng.internal.invokers.TestInvoker.invokeTestMethods(TestInvoker.java:203)
at org.testng.internal.invokers.TestMethodWorker.invokeTestMethods(TestMethodWorker.java:154)
at org.testng.internal.invokers.TestMethodWorker.run(TestMethodWorker.java:134)
at java.base/java.util.concurrent.Executors$RunnableAdapter.call(Executors.java:572)
at java.base/java.util.concurrent.FutureTask.run(FutureTask.java:317)
at org.testng.internal.thread.graph.TestNGFutureTask.run(TestNGFutureTask.java:22)
at java.base/java.util.concurrent.ThreadPoolExecutor.runWorker(ThreadPoolExecutor.java:1144)
at java.base/java.util.concurrent.ThreadPoolExecutor$Worker.run(ThreadPoolExecutor.java:642)
at java.base/java.lang.Thread.run(Thread.java:1583)
]]>
    </failure>
  </testcase> <!-- verifyImplUsngArrayPracticeQ -->
  <testcase classname="com.dsalgo.automation.tests.QueuePageTest" name="verifyImplUsngArrayPracticeQ" time="2.530">
    <skipped/>
  </testcase> <!-- verifyImplUsngArrayPracticeQ -->
  <testcase classname="com.dsalgo.automation.tests.QueuePageTest" name="verifyImplUsngArrayPracticeQ" time="2.379">
    <skipped/>
  </testcase> <!-- verifyImplUsngArrayPracticeQ -->
  <testcase classname="com.dsalgo.automation.tests.QueuePageTest" name="verifyImplUsngArrayCodeEditor" time="2.745"/>
  <testcase classname="com.dsalgo.automation.tests.QueuePageTest" name="verifyImplUsngArrayCodeEditor" time="3.049"/>
  <testcase classname="com.dsalgo.automation.tests.QueuePageTest" name="verifyImplUsngArrayCodeEditor" time="2.068"/>
  <testcase classname="com.dsalgo.automation.tests.QueuePageTest" name="verifyImplUsngArrayCodeEditor" time="3.181"/>
  <testcase classname="com.dsalgo.automation.tests.QueuePageTest" name="verifyImplUsngArrayCodeEditor" time="2.433"/>
  <testcase classname="com.dsalgo.automation.tests.QueuePageTest" name="verifyImplUsngArrayCodeEditor" time="2.296"/>
  <testcase classname="com.dsalgo.automation.tests.QueuePageTest" name="verifyImplUsngArrayCodeEditor" time="2.706"/>
  <testcase classname="com.dsalgo.automation.tests.QueuePageTest" name="verifyImplUsngArrayCodeEditor" time="2.970"/>
  <testcase classname="com.dsalgo.automation.tests.QueuePageTest" name="verifyImplUsngArrayCodeEditor" time="2.971"/>
  <testcase classname="com.dsalgo.automation.tests.QueuePageTest" name="verifyQueueOperationsPage" time="2.084"/>
  <testcase classname="com.dsalgo.automation.tests.QueuePageTest" name="verifyQueueOperationsPage" time="2.154"/>
  <testcase classname="com.dsalgo.automation.tests.QueuePageTest" name="verifyQueueOperationsPage" time="2.844"/>
  <testcase classname="com.dsalgo.automation.tests.QueuePageTest" name="verifyQueueOperationsPracticeQ" time="2.946">
    <failure message="expected [true] but found [false]" type="java.lang.AssertionError">
      <![CDATA[java.lang.AssertionError: expected [true] but found [false]
at org.testng.Assert.fail(Assert.java:111)
at org.testng.Assert.failNotEquals(Assert.java:1590)
at org.testng.Assert.assertTrue(Assert.java:57)
at org.testng.Assert.assertTrue(Assert.java:67)
at com.dsalgo.automation.tests.QueuePageTest.verifyPracticeQuestion(QueuePageTest.java:131)
at com.dsalgo.automation.tests.QueuePageTest.verifyQueueOperationsPracticeQ(QueuePageTest.java:119)
at java.base/jdk.internal.reflect.DirectMethodHandleAccessor.invoke(DirectMethodHandleAccessor.java:103)
at java.base/java.lang.reflect.Method.invoke(Method.java:580)
at org.testng.internal.invokers.MethodInvocationHelper.invokeMethod(MethodInvocationHelper.java:141)
at org.testng.internal.invokers.TestInvoker.invokeMethod(TestInvoker.java:687)
at org.testng.internal.invokers.TestInvoker.retryFailed(TestInvoker.java:269)
at org.testng.internal.invokers.MethodRunner.runInSequence(MethodRunner.java:76)
at org.testng.internal.invokers.TestInvoker$MethodInvocationAgent.invoke(TestInvoker.java:995)
at org.testng.internal.invokers.TestInvoker.invokeTestMethods(TestInvoker.java:203)
at org.testng.internal.invokers.TestMethodWorker.invokeTestMethods(TestMethodWorker.java:154)
at org.testng.internal.invokers.TestMethodWorker.run(TestMethodWorker.java:134)
at java.base/java.util.concurrent.Executors$RunnableAdapter.call(Executors.java:572)
at java.base/java.util.concurrent.FutureTask.run(FutureTask.java:317)
at org.testng.internal.thread.graph.TestNGFutureTask.run(TestNGFutureTask.java:22)
at java.base/java.util.concurrent.ThreadPoolExecutor.runWorker(ThreadPoolExecutor.java:1144)
at java.base/java.util.concurrent.ThreadPoolExecutor$Worker.run(ThreadPoolExecutor.java:642)
at java.base/java.lang.Thread.run(Thread.java:1583)
]]>
    </failure>
  </testcase> <!-- verifyQueueOperationsPracticeQ -->
  <testcase classname="com.dsalgo.automation.tests.QueuePageTest" name="verifyQueueOperationsPracticeQ" time="2.740">
    <skipped/>
  </testcase> <!-- verifyQueueOperationsPracticeQ -->
  <testcase classname="com.dsalgo.automation.tests.QueuePageTest" name="verifyQueueOperationsPracticeQ" time="3.478">
    <skipped/>
  </testcase> <!-- verifyQueueOperationsPracticeQ -->
  <testcase classname="com.dsalgo.automation.tests.QueuePageTest" name="verifyQueueOperationsPracticeQ" time="2.359">
    <skipped/>
  </testcase> <!-- verifyQueueOperationsPracticeQ -->
  <testcase classname="com.dsalgo.automation.tests.QueuePageTest" name="verifyQueueOperationsPracticeQ" time="3.953">
    <skipped/>
  </testcase> <!-- verifyQueueOperationsPracticeQ -->
  <testcase classname="com.dsalgo.automation.tests.QueuePageTest" name="verifyQueueOperationsPracticeQ" time="2.705">
    <skipped/>
  </testcase> <!-- verifyQueueOperationsPracticeQ -->
  <testcase classname="com.dsalgo.automation.tests.QueuePageTest" name="verifyQueueOperationsPracticeQ" time="2.504">
    <failure message="expected [true] but found [false]" type="java.lang.AssertionError">
      <![CDATA[java.lang.AssertionError: expected [true] but found [false]
at org.testng.Assert.fail(Assert.java:111)
at org.testng.Assert.failNotEquals(Assert.java:1590)
at org.testng.Assert.assertTrue(Assert.java:57)
at org.testng.Assert.assertTrue(Assert.java:67)
at com.dsalgo.automation.tests.QueuePageTest.verifyPracticeQuestion(QueuePageTest.java:131)
at com.dsalgo.automation.tests.QueuePageTest.verifyQueueOperationsPracticeQ(QueuePageTest.java:119)
at java.base/jdk.internal.reflect.DirectMethodHandleAccessor.invoke(DirectMethodHandleAccessor.java:103)
at java.base/java.lang.reflect.Method.invoke(Method.java:580)
at org.testng.internal.invokers.MethodInvocationHelper.invokeMethod(MethodInvocationHelper.java:141)
at org.testng.internal.invokers.TestInvoker.invokeMethod(TestInvoker.java:687)
at org.testng.internal.invokers.TestInvoker.retryFailed(TestInvoker.java:269)
at org.testng.internal.invokers.MethodRunner.runInSequence(MethodRunner.java:76)
at org.testng.internal.invokers.TestInvoker$MethodInvocationAgent.invoke(TestInvoker.java:995)
at org.testng.internal.invokers.TestInvoker.invokeTestMethods(TestInvoker.java:203)
at org.testng.internal.invokers.TestMethodWorker.invokeTestMethods(TestMethodWorker.java:154)
at org.testng.internal.invokers.TestMethodWorker.run(TestMethodWorker.java:134)
at java.base/java.util.concurrent.Executors$RunnableAdapter.call(Executors.java:572)
at java.base/java.util.concurrent.FutureTask.run(FutureTask.java:317)
at org.testng.internal.thread.graph.TestNGFutureTask.run(TestNGFutureTask.java:22)
at java.base/java.util.concurrent.ThreadPoolExecutor.runWorker(ThreadPoolExecutor.java:1144)
at java.base/java.util.concurrent.ThreadPoolExecutor$Worker.run(ThreadPoolExecutor.java:642)
at java.base/java.lang.Thread.run(Thread.java:1583)
]]>
    </failure>
  </testcase> <!-- verifyQueueOperationsPracticeQ -->
  <testcase classname="com.dsalgo.automation.tests.QueuePageTest" name="verifyQueueOperationsPracticeQ" time="2.354">
    <skipped/>
  </testcase> <!-- verifyQueueOperationsPracticeQ -->
  <testcase classname="com.dsalgo.automation.tests.QueuePageTest" name="verifyQueueOperationsPracticeQ" time="1.951">
    <failure message="expected [true] but found [false]" type="java.lang.AssertionError">
      <![CDATA[java.lang.AssertionError: expected [true] but found [false]
at org.testng.Assert.fail(Assert.java:111)
at org.testng.Assert.failNotEquals(Assert.java:1590)
at org.testng.Assert.assertTrue(Assert.java:57)
at org.testng.Assert.assertTrue(Assert.java:67)
at com.dsalgo.automation.tests.QueuePageTest.verifyPracticeQuestion(QueuePageTest.java:131)
at com.dsalgo.automation.tests.QueuePageTest.verifyQueueOperationsPracticeQ(QueuePageTest.java:119)
at java.base/jdk.internal.reflect.DirectMethodHandleAccessor.invoke(DirectMethodHandleAccessor.java:103)
at java.base/java.lang.reflect.Method.invoke(Method.java:580)
at org.testng.internal.invokers.MethodInvocationHelper.invokeMethod(MethodInvocationHelper.java:141)
at org.testng.internal.invokers.TestInvoker.invokeMethod(TestInvoker.java:687)
at org.testng.internal.invokers.TestInvoker.retryFailed(TestInvoker.java:269)
at org.testng.internal.invokers.MethodRunner.runInSequence(MethodRunner.java:76)
at org.testng.internal.invokers.TestInvoker$MethodInvocationAgent.invoke(TestInvoker.java:995)
at org.testng.internal.invokers.TestInvoker.invokeTestMethods(TestInvoker.java:203)
at org.testng.internal.invokers.TestMethodWorker.invokeTestMethods(TestMethodWorker.java:154)
at org.testng.internal.invokers.TestMethodWorker.run(TestMethodWorker.java:134)
at java.base/java.util.concurrent.Executors$RunnableAdapter.call(Executors.java:572)
at java.base/java.util.concurrent.FutureTask.run(FutureTask.java:317)
at org.testng.internal.thread.graph.TestNGFutureTask.run(TestNGFutureTask.java:22)
at java.base/java.util.concurrent.ThreadPoolExecutor.runWorker(ThreadPoolExecutor.java:1144)
at java.base/java.util.concurrent.ThreadPoolExecutor$Worker.run(ThreadPoolExecutor.java:642)
at java.base/java.lang.Thread.run(Thread.java:1583)
]]>
    </failure>
  </testcase> <!-- verifyQueueOperationsPracticeQ -->
  <testcase classname="com.dsalgo.automation.tests.QueuePageTest" name="verifyQueueOperationsCodeEditor" time="3.253"/>
  <testcase classname="com.dsalgo.automation.tests.QueuePageTest" name="verifyQueueOperationsCodeEditor" time="3.127"/>
  <testcase classname="com.dsalgo.automation.tests.QueuePageTest" name="verifyQueueOperationsCodeEditor" time="2.311"/>
  <testcase classname="com.dsalgo.automation.tests.QueuePageTest" name="verifyQueueOperationsCodeEditor" time="3.493"/>
  <testcase classname="com.dsalgo.automation.tests.QueuePageTest" name="verifyQueueOperationsCodeEditor" time="3.312"/>
  <testcase classname="com.dsalgo.automation.tests.QueuePageTest" name="verifyQueueOperationsCodeEditor" time="2.703"/>
  <testcase classname="com.dsalgo.automation.tests.QueuePageTest" name="verifyQueueOperationsCodeEditor" time="3.038"/>
  <testcase classname="com.dsalgo.automation.tests.QueuePageTest" name="verifyQueueOperationsCodeEditor" time="2.669"/>
  <testcase classname="com.dsalgo.automation.tests.QueuePageTest" name="verifyQueueOperationsCodeEditor" time="2.110"/>
</testsuite> <!-- com.dsalgo.automation.tests.QueuePageTest -->
