<?xml version="1.0" encoding="UTF-8"?>
<!-- Generated by org.testng.reporters.JUnitReportReporter -->
<testsuite hostname="rajas-imac.lan" failures="0" tests="5" name="com.dsalgo.automation.tests.LoginPageTest" time="20.331" errors="0" timestamp="2025-04-28T16:35:58 PDT" skipped="0">
  <testcase classname="com.dsalgo.automation.tests.LoginPageTest" name="testInvalidLogin" time="5.810"/>
  <system-out/>
  <testcase classname="com.dsalgo.automation.tests.LoginPageTest" name="testInvalidLogin" time="3.644"/>
  <system-out/>
  <testcase classname="com.dsalgo.automation.tests.LoginPageTest" name="testValidLogin" time="3.451"/>
  <system-out/>
  <testcase classname="com.dsalgo.automation.tests.LoginPageTest" name="testInvalidLogin" time="2.229"/>
  <system-out/>
  <testcase classname="com.dsalgo.automation.tests.LoginPageTest" name="testInvalidLogin" time="5.197"/>
  <system-out/>
</testsuite> <!-- com.dsalgo.automation.tests.LoginPageTest -->
