<?xml version="1.0" encoding="UTF-8"?>
<!-- Generated by org.testng.reporters.JUnitReportReporter -->
<testsuite hostname="rajas-imac.lan" failures="1" tests="23" name="com.dsalgo.automation.tests.HomePageTest" time="52.348" errors="0" timestamp="2025-05-02T11:59:24 PDT" skipped="0">
  <testcase classname="com.dsalgo.automation.tests.HomePageTest" name="testGetStartedButtonsWithoutLogin" time="1.380"/>
  <testcase classname="com.dsalgo.automation.tests.HomePageTest" name="testEachDropdownOptionWithLogin" time="3.788"/>
  <testcase classname="com.dsalgo.automation.tests.HomePageTest" name="testEachDropdownOptionWithoutLogin" time="1.603"/>
  <testcase classname="com.dsalgo.automation.tests.HomePageTest" name="testEachDropdownOptionWithoutLogin" time="1.383"/>
  <testcase classname="com.dsalgo.automation.tests.HomePageTest" name="testEachDropdownOptionWithoutLogin" time="1.594"/>
  <testcase classname="com.dsalgo.automation.tests.HomePageTest" name="testEachDropdownOptionWithoutLogin" time="2.232"/>
  <testcase classname="com.dsalgo.automation.tests.HomePageTest" name="testEachDropdownOptionWithLogin" time="5.566"/>
  <testcase classname="com.dsalgo.automation.tests.HomePageTest" name="testEachDropdownOptionWithoutLogin" time="1.405"/>
  <testcase classname="com.dsalgo.automation.tests.HomePageTest" name="testEachDropdownOptionWithLogin" time="3.654"/>
  <testcase classname="com.dsalgo.automation.tests.HomePageTest" name="verifyCustomDropdownOptions" time="0.788">
    <failure message="Dropdown options mismatch.: lists don&#039;t have the same size expected [7] but found [6]" type="java.lang.AssertionError">
      <![CDATA[java.lang.AssertionError: Dropdown options mismatch.: lists don't have the same size expected [7] but found [6]
at org.testng.Assert.fail(Assert.java:111)
at org.testng.Assert.failNotEquals(Assert.java:1590)
at org.testng.Assert.assertEqualsImpl(Assert.java:150)
at org.testng.Assert.assertEquals(Assert.java:132)
at org.testng.Assert.assertEquals(Assert.java:1431)
at org.testng.Assert.assertEquals(Assert.java:1395)
at org.testng.Assert.assertEquals(Assert.java:1642)
at com.dsalgo.automation.tests.HomePageTest.verifyCustomDropdownOptions(HomePageTest.java:64)
at java.base/jdk.internal.reflect.DirectMethodHandleAccessor.invoke(DirectMethodHandleAccessor.java:103)
at java.base/java.lang.reflect.Method.invoke(Method.java:580)
at org.testng.internal.invokers.MethodInvocationHelper.invokeMethod(MethodInvocationHelper.java:141)
at org.testng.internal.invokers.TestInvoker.invokeMethod(TestInvoker.java:687)
at org.testng.internal.invokers.TestInvoker.invokeTestMethod(TestInvoker.java:230)
at org.testng.internal.invokers.MethodRunner.runInSequence(MethodRunner.java:63)
at org.testng.internal.invokers.TestInvoker$MethodInvocationAgent.invoke(TestInvoker.java:995)
at org.testng.internal.invokers.TestInvoker.invokeTestMethods(TestInvoker.java:203)
at org.testng.internal.invokers.TestMethodWorker.invokeTestMethods(TestMethodWorker.java:154)
at org.testng.internal.invokers.TestMethodWorker.run(TestMethodWorker.java:134)
at java.base/java.util.ArrayList.forEach(ArrayList.java:1597)
at org.testng.TestRunner.privateRun(TestRunner.java:741)
at org.testng.TestRunner.run(TestRunner.java:616)
at org.testng.SuiteRunner.runTest(SuiteRunner.java:421)
at org.testng.SuiteRunner.runSequentially(SuiteRunner.java:413)
at org.testng.SuiteRunner.privateRun(SuiteRunner.java:373)
at org.testng.SuiteRunner.run(SuiteRunner.java:312)
at org.testng.SuiteRunnerWorker.runSuite(SuiteRunnerWorker.java:52)
at org.testng.SuiteRunnerWorker.run(SuiteRunnerWorker.java:95)
at org.testng.TestNG.runSuitesSequentially(TestNG.java:1274)
at org.testng.TestNG.runSuitesLocally(TestNG.java:1208)
at org.testng.TestNG.runSuites(TestNG.java:1112)
at org.testng.TestNG.run(TestNG.java:1079)
at org.testng.remote.AbstractRemoteTestNG.run(AbstractRemoteTestNG.java:115)
at org.testng.remote.RemoteTestNG.initAndRun(RemoteTestNG.java:293)
at org.testng.remote.RemoteTestNG.main(RemoteTestNG.java:91)
]]>
    </failure>
  </testcase> <!-- verifyCustomDropdownOptions -->
  <testcase classname="com.dsalgo.automation.tests.HomePageTest" name="checkRegister" time="1.954"/>
  <testcase classname="com.dsalgo.automation.tests.HomePageTest" name="testGetStartedButtonsWithoutLogin" time="1.309"/>
  <testcase classname="com.dsalgo.automation.tests.HomePageTest" name="testGetStartedButtonsWithoutLogin" time="1.582"/>
  <testcase classname="com.dsalgo.automation.tests.HomePageTest" name="testGetStartedButtonsWithoutLogin" time="1.553"/>
  <testcase classname="com.dsalgo.automation.tests.HomePageTest" name="testGetStartedButtonsWithoutLogin" time="1.304"/>
  <testcase classname="com.dsalgo.automation.tests.HomePageTest" name="testGetStartedButtonsWithoutLogin" time="1.263"/>
  <testcase classname="com.dsalgo.automation.tests.HomePageTest" name="testGetStartedButtonsWithoutLogin" time="1.325"/>
  <testcase classname="com.dsalgo.automation.tests.HomePageTest" name="testEachDropdownOptionWithLogin" time="3.152"/>
  <testcase classname="com.dsalgo.automation.tests.HomePageTest" name="testEachDropdownOptionWithLogin" time="3.531"/>
  <testcase classname="com.dsalgo.automation.tests.HomePageTest" name="checkSignin" time="1.189"/>
  <testcase classname="com.dsalgo.automation.tests.HomePageTest" name="testEachDropdownOptionWithLogin" time="2.862"/>
  <testcase classname="com.dsalgo.automation.tests.HomePageTest" name="testEachDropdownOptionWithoutLogin" time="1.488"/>
  <testcase classname="com.dsalgo.automation.tests.HomePageTest" name="checkLogoHomeRedirection" time="6.443"/>
</testsuite> <!-- com.dsalgo.automation.tests.HomePageTest -->
