<?xml version="1.0" encoding="UTF-8"?>
<!-- Generated by org.testng.reporters.JUnitReportReporter -->
<testsuite hostname="rajas-imac.lan" failures="0" tests="26" name="com.dsalgo.automation.tests.HomePageTest" time="0.008" errors="1" timestamp="2025-04-26T19:16:17 PDT" skipped="25">
  <testcase classname="com.dsalgo.automation.tests.HomePageTest" name="testEachDropdownOptionWithLogin" time="0.000">
    <skipped/>
  </testcase> <!-- testEachDropdownOptionWithLogin -->
  <system-out/>
  <testcase classname="com.dsalgo.automation.tests.HomePageTest" name="testGetStartedButtonsWithoutLogin" time="0.000">
    <skipped/>
  </testcase> <!-- testGetStartedButtonsWithoutLogin -->
  <system-out/>
  <testcase classname="com.dsalgo.automation.tests.HomePageTest" name="testEachDropdownOptionWithLogin" time="0.000">
    <skipped/>
  </testcase> <!-- testEachDropdownOptionWithLogin -->
  <system-out/>
  <testcase classname="com.dsalgo.automation.tests.HomePageTest" name="testEachDropdownOptionWithoutLogin" time="0.001">
    <skipped/>
  </testcase> <!-- testEachDropdownOptionWithoutLogin -->
  <system-out/>
  <testcase classname="com.dsalgo.automation.tests.HomePageTest" name="testEachDropdownOptionWithoutLogin" time="0.000">
    <skipped/>
  </testcase> <!-- testEachDropdownOptionWithoutLogin -->
  <system-out/>
  <testcase classname="com.dsalgo.automation.tests.HomePageTest" name="testEachDropdownOptionWithLogin" time="0.000">
    <skipped/>
  </testcase> <!-- testEachDropdownOptionWithLogin -->
  <system-out/>
  <testcase classname="com.dsalgo.automation.tests.HomePageTest" name="testEachDropdownOptionWithoutLogin" time="0.000">
    <skipped/>
  </testcase> <!-- testEachDropdownOptionWithoutLogin -->
  <system-out/>
  <testcase classname="com.dsalgo.automation.tests.HomePageTest" name="testGetStartedButtonsWithoutLogin" time="0.000">
    <skipped/>
  </testcase> <!-- testGetStartedButtonsWithoutLogin -->
  <system-out/>
  <testcase classname="com.dsalgo.automation.tests.HomePageTest" name="testEachDropdownOptionWithoutLogin" time="0.000">
    <skipped/>
  </testcase> <!-- testEachDropdownOptionWithoutLogin -->
  <system-out/>
  <testcase classname="com.dsalgo.automation.tests.HomePageTest" name="testGetStartedButtonsWithoutLogin" time="0.000">
    <skipped/>
  </testcase> <!-- testGetStartedButtonsWithoutLogin -->
  <system-out/>
  <testcase classname="com.dsalgo.automation.tests.HomePageTest" name="testEachDropdownOptionWithLogin" time="0.000">
    <skipped/>
  </testcase> <!-- testEachDropdownOptionWithLogin -->
  <system-out/>
  <testcase classname="com.dsalgo.automation.tests.HomePageTest" name="clickGraphGetStarted" time="0.000">
    <skipped/>
  </testcase> <!-- clickGraphGetStarted -->
  <system-out/>
  <testcase classname="com.dsalgo.automation.tests.HomePageTest" name="checkDropdown" time="0.000">
    <skipped/>
  </testcase> <!-- checkDropdown -->
  <system-out/>
  <testcase classname="com.dsalgo.automation.tests.HomePageTest" name="testEachDropdownOptionWithLogin" time="0.000">
    <skipped/>
  </testcase> <!-- testEachDropdownOptionWithLogin -->
  <system-out/>
  <testcase classname="com.dsalgo.automation.tests.HomePageTest" name="navigateBeforeEachTest" time="0.007">
    <error message="Cannot invoke &quot;org.openqa.selenium.WebDriver.navigate()&quot; because &quot;this.driver&quot; is null" type="java.lang.NullPointerException">
      <![CDATA[java.lang.NullPointerException: Cannot invoke "org.openqa.selenium.WebDriver.navigate()" because "this.driver" is null
at com.dsalgo.automation.pages.HomePage.navigateToHomePage(HomePage.java:104)
at com.dsalgo.automation.utils.NavigationUtil.navigateToHomePage(NavigationUtil.java:17)
at com.dsalgo.automation.tests.HomePageTest.navigateBeforeEachTest(HomePageTest.java:31)
at java.base/jdk.internal.reflect.DirectMethodHandleAccessor.invoke(DirectMethodHandleAccessor.java:103)
at java.base/java.lang.reflect.Method.invoke(Method.java:580)
at org.testng.internal.MethodInvocationHelper.invokeMethod(MethodInvocationHelper.java:133)
at org.testng.internal.MethodInvocationHelper.invokeMethodConsideringTimeout(MethodInvocationHelper.java:62)
at org.testng.internal.ConfigInvoker.invokeConfigurationMethod(ConfigInvoker.java:385)
at org.testng.internal.ConfigInvoker.invokeConfigurations(ConfigInvoker.java:321)
at org.testng.internal.TestInvoker.runConfigMethods(TestInvoker.java:700)
at org.testng.internal.TestInvoker.invokeMethod(TestInvoker.java:527)
at org.testng.internal.TestInvoker.invokeTestMethod(TestInvoker.java:173)
at org.testng.internal.MethodRunner.runInSequence(MethodRunner.java:46)
at org.testng.internal.TestInvoker$MethodInvocationAgent.invoke(TestInvoker.java:824)
at org.testng.internal.TestInvoker.invokeTestMethods(TestInvoker.java:146)
at org.testng.internal.TestMethodWorker.invokeTestMethods(TestMethodWorker.java:146)
at org.testng.internal.TestMethodWorker.run(TestMethodWorker.java:128)
at java.base/java.util.ArrayList.forEach(ArrayList.java:1597)
at org.testng.TestRunner.privateRun(TestRunner.java:794)
at org.testng.TestRunner.run(TestRunner.java:596)
at org.testng.SuiteRunner.runTest(SuiteRunner.java:377)
at org.testng.SuiteRunner.runSequentially(SuiteRunner.java:371)
at org.testng.SuiteRunner.privateRun(SuiteRunner.java:332)
at org.testng.SuiteRunner.run(SuiteRunner.java:276)
at org.testng.SuiteRunnerWorker.runSuite(SuiteRunnerWorker.java:53)
at org.testng.SuiteRunnerWorker.run(SuiteRunnerWorker.java:96)
at org.testng.TestNG.runSuitesSequentially(TestNG.java:1212)
at org.testng.TestNG.runSuitesLocally(TestNG.java:1134)
at org.testng.TestNG.runSuites(TestNG.java:1063)
at org.testng.TestNG.run(TestNG.java:1031)
at org.testng.remote.AbstractRemoteTestNG.run(AbstractRemoteTestNG.java:115)
at org.testng.remote.RemoteTestNG.initAndRun(RemoteTestNG.java:293)
at org.testng.remote.RemoteTestNG.main(RemoteTestNG.java:91)
]]>
    </error>
  </testcase> <!-- navigateBeforeEachTest -->
  <system-out/>
  <testcase classname="com.dsalgo.automation.tests.HomePageTest" name="checkRegister" time="0.000">
    <skipped/>
  </testcase> <!-- checkRegister -->
  <system-out/>
  <testcase classname="com.dsalgo.automation.tests.HomePageTest" name="checkSignin" time="0.000">
    <skipped/>
  </testcase> <!-- checkSignin -->
  <system-out/>
  <testcase classname="com.dsalgo.automation.tests.HomePageTest" name="testGetStartedButtonsWithoutLogin" time="0.000">
    <skipped/>
  </testcase> <!-- testGetStartedButtonsWithoutLogin -->
  <system-out/>
  <testcase classname="com.dsalgo.automation.tests.HomePageTest" name="testGetStartedButtonsWithoutLogin" time="0.000">
    <skipped/>
  </testcase> <!-- testGetStartedButtonsWithoutLogin -->
  <system-out/>
  <testcase classname="com.dsalgo.automation.tests.HomePageTest" name="testEachDropdownOptionWithoutLogin" time="0.000">
    <skipped/>
  </testcase> <!-- testEachDropdownOptionWithoutLogin -->
  <system-out/>
  <testcase classname="com.dsalgo.automation.tests.HomePageTest" name="testGetStartedButtonsWithoutLogin" time="0.000">
    <skipped/>
  </testcase> <!-- testGetStartedButtonsWithoutLogin -->
  <system-out/>
  <testcase classname="com.dsalgo.automation.tests.HomePageTest" name="testEachDropdownOptionWithoutLogin" time="0.000">
    <skipped/>
  </testcase> <!-- testEachDropdownOptionWithoutLogin -->
  <system-out/>
  <testcase classname="com.dsalgo.automation.tests.HomePageTest" name="clickDataStructureGetStarted" time="0.000">
    <skipped/>
  </testcase> <!-- clickDataStructureGetStarted -->
  <system-out/>
  <testcase classname="com.dsalgo.automation.tests.HomePageTest" name="testGetStartedButtonsWithoutLogin" time="0.000">
    <skipped/>
  </testcase> <!-- testGetStartedButtonsWithoutLogin -->
  <system-out/>
  <testcase classname="com.dsalgo.automation.tests.HomePageTest" name="checkLogoHomeRedirection" time="0.000">
    <skipped/>
  </testcase> <!-- checkLogoHomeRedirection -->
  <system-out/>
  <testcase classname="com.dsalgo.automation.tests.HomePageTest" name="testEachDropdownOptionWithLogin" time="0.000">
    <skipped/>
  </testcase> <!-- testEachDropdownOptionWithLogin -->
  <system-out/>
</testsuite> <!-- com.dsalgo.automation.tests.HomePageTest -->
