<?xml version="1.0" encoding="UTF-8"?>
<!-- Generated by org.testng.reporters.JUnitReportReporter -->
<testsuite hostname="MadhaviPoreddy" failures="12" tests="117" name="com.dsalgo.automation.tests.ArrayPageTest" time="373.385" errors="0" timestamp="2025-05-05T21:48:19 EDT" skipped="24">
  <testcase classname="com.dsalgo.automation.tests.ArrayPageTest" name="checkArrayLandingPage" time="3.219"/>
  <testcase classname="com.dsalgo.automation.tests.ArrayPageTest" name="testFindEvenPractieceCodeRun" time="3.211">
    <skipped/>
  </testcase> <!-- testFindEvenPractieceCodeRun -->
  <testcase classname="com.dsalgo.automation.tests.ArrayPageTest" name="testMaxConsecutivePractieceCodeRun" time="2.190">
    <failure message="TestCase Failed: Output is mismatched : Some Tests failed. Please review code expected [Some Tests failed. Please review code] but found []" type="java.lang.AssertionError">
      <![CDATA[java.lang.AssertionError: TestCase Failed: Output is mismatched : Some Tests failed. Please review code expected [Some Tests failed. Please review code] but found []
at org.testng.Assert.fail(Assert.java:111)
at org.testng.Assert.failNotEquals(Assert.java:1590)
at org.testng.Assert.assertEqualsImpl(Assert.java:150)
at org.testng.Assert.assertEquals(Assert.java:132)
at org.testng.Assert.assertEquals(Assert.java:656)
at com.dsalgo.automation.tests.ArrayPageTest.verifyResult(ArrayPageTest.java:342)
at com.dsalgo.automation.tests.ArrayPageTest.testMaxConsecutivePractieceCodeRun(ArrayPageTest.java:117)
at java.base/jdk.internal.reflect.DirectMethodHandleAccessor.invoke(DirectMethodHandleAccessor.java:103)
at java.base/java.lang.reflect.Method.invoke(Method.java:580)
at org.testng.internal.invokers.MethodInvocationHelper.invokeMethod(MethodInvocationHelper.java:141)
at org.testng.internal.invokers.TestInvoker.invokeMethod(TestInvoker.java:687)
at org.testng.internal.invokers.TestInvoker.retryFailed(TestInvoker.java:269)
at org.testng.internal.invokers.MethodRunner.runInSequence(MethodRunner.java:76)
at org.testng.internal.invokers.TestInvoker$MethodInvocationAgent.invoke(TestInvoker.java:995)
at org.testng.internal.invokers.TestInvoker.invokeTestMethods(TestInvoker.java:203)
at org.testng.internal.invokers.TestMethodWorker.invokeTestMethods(TestMethodWorker.java:154)
at org.testng.internal.invokers.TestMethodWorker.run(TestMethodWorker.java:134)
at java.base/java.util.concurrent.Executors$RunnableAdapter.call(Executors.java:572)
at java.base/java.util.concurrent.FutureTask.run(FutureTask.java:317)
at org.testng.internal.thread.graph.TestNGFutureTask.run(TestNGFutureTask.java:22)
at java.base/java.util.concurrent.ThreadPoolExecutor.runWorker(ThreadPoolExecutor.java:1144)
at java.base/java.util.concurrent.ThreadPoolExecutor$Worker.run(ThreadPoolExecutor.java:642)
at java.base/java.lang.Thread.run(Thread.java:1583)
]]>
    </failure>
  </testcase> <!-- testMaxConsecutivePractieceCodeRun -->
  <testcase classname="com.dsalgo.automation.tests.ArrayPageTest" name="arrayPythonLink" time="2.419"/>
  <testcase classname="com.dsalgo.automation.tests.ArrayPageTest" name="searchTheArrayPractieceQue" time="3.370"/>
  <testcase classname="com.dsalgo.automation.tests.ArrayPageTest" name="testcodeEditor" time="3.693"/>
  <testcase classname="com.dsalgo.automation.tests.ArrayPageTest" name="maxPractieceQPractieceQue" time="3.674"/>
  <testcase classname="com.dsalgo.automation.tests.ArrayPageTest" name="testMaxConsecutivePractieceCodeRun" time="4.393">
    <skipped/>
  </testcase> <!-- testMaxConsecutivePractieceCodeRun -->
  <testcase classname="com.dsalgo.automation.tests.ArrayPageTest" name="testFindEvenPractieceCodeRun" time="3.831">
    <failure message="TestCase Failed: Output is mismatched : Submission Successful expected [Submission Successful] but found []" type="java.lang.AssertionError">
      <![CDATA[java.lang.AssertionError: TestCase Failed: Output is mismatched : Submission Successful expected [Submission Successful] but found []
at org.testng.Assert.fail(Assert.java:111)
at org.testng.Assert.failNotEquals(Assert.java:1590)
at org.testng.Assert.assertEqualsImpl(Assert.java:150)
at org.testng.Assert.assertEquals(Assert.java:132)
at org.testng.Assert.assertEquals(Assert.java:656)
at com.dsalgo.automation.tests.ArrayPageTest.verifyResult(ArrayPageTest.java:342)
at com.dsalgo.automation.tests.ArrayPageTest.testFindEvenPractieceCodeRun(ArrayPageTest.java:143)
at java.base/jdk.internal.reflect.DirectMethodHandleAccessor.invoke(DirectMethodHandleAccessor.java:103)
at java.base/java.lang.reflect.Method.invoke(Method.java:580)
at org.testng.internal.invokers.MethodInvocationHelper.invokeMethod(MethodInvocationHelper.java:141)
at org.testng.internal.invokers.TestInvoker.invokeMethod(TestInvoker.java:687)
at org.testng.internal.invokers.TestInvoker.retryFailed(TestInvoker.java:269)
at org.testng.internal.invokers.MethodRunner.runInSequence(MethodRunner.java:76)
at org.testng.internal.invokers.TestInvoker$MethodInvocationAgent.invoke(TestInvoker.java:995)
at org.testng.internal.invokers.TestInvoker.invokeTestMethods(TestInvoker.java:203)
at org.testng.internal.invokers.TestMethodWorker.invokeTestMethods(TestMethodWorker.java:154)
at org.testng.internal.invokers.TestMethodWorker.run(TestMethodWorker.java:134)
at java.base/java.util.concurrent.Executors$RunnableAdapter.call(Executors.java:572)
at java.base/java.util.concurrent.FutureTask.run(FutureTask.java:317)
at org.testng.internal.thread.graph.TestNGFutureTask.run(TestNGFutureTask.java:22)
at java.base/java.util.concurrent.ThreadPoolExecutor.runWorker(ThreadPoolExecutor.java:1144)
at java.base/java.util.concurrent.ThreadPoolExecutor$Worker.run(ThreadPoolExecutor.java:642)
at java.base/java.lang.Thread.run(Thread.java:1583)
]]>
    </failure>
  </testcase> <!-- testFindEvenPractieceCodeRun -->
  <testcase classname="com.dsalgo.automation.tests.ArrayPageTest" name="testcodeEditor" time="3.968"/>
  <testcase classname="com.dsalgo.automation.tests.ArrayPageTest" name="testSearchPractieceCodeRun1" time="2.484"/>
  <testcase classname="com.dsalgo.automation.tests.ArrayPageTest" name="arrayPythonLinkTryEdit" time="2.587"/>
  <testcase classname="com.dsalgo.automation.tests.ArrayPageTest" name="testcodeEditor" time="2.121"/>
  <testcase classname="com.dsalgo.automation.tests.ArrayPageTest" name="applicationOfArraryLink" time="2.555"/>
  <testcase classname="com.dsalgo.automation.tests.ArrayPageTest" name="testFindEvenPractieceCodeRun" time="3.887">
    <failure message="TestCase Failed: Output is mismatched : Submission Successful expected [Submission Successful] but found []" type="java.lang.AssertionError">
      <![CDATA[java.lang.AssertionError: TestCase Failed: Output is mismatched : Submission Successful expected [Submission Successful] but found []
at org.testng.Assert.fail(Assert.java:111)
at org.testng.Assert.failNotEquals(Assert.java:1590)
at org.testng.Assert.assertEqualsImpl(Assert.java:150)
at org.testng.Assert.assertEquals(Assert.java:132)
at org.testng.Assert.assertEquals(Assert.java:656)
at com.dsalgo.automation.tests.ArrayPageTest.verifyResult(ArrayPageTest.java:342)
at com.dsalgo.automation.tests.ArrayPageTest.testFindEvenPractieceCodeRun(ArrayPageTest.java:143)
at java.base/jdk.internal.reflect.DirectMethodHandleAccessor.invoke(DirectMethodHandleAccessor.java:103)
at java.base/java.lang.reflect.Method.invoke(Method.java:580)
at org.testng.internal.invokers.MethodInvocationHelper.invokeMethod(MethodInvocationHelper.java:141)
at org.testng.internal.invokers.TestInvoker.invokeMethod(TestInvoker.java:687)
at org.testng.internal.invokers.TestInvoker.retryFailed(TestInvoker.java:269)
at org.testng.internal.invokers.MethodRunner.runInSequence(MethodRunner.java:76)
at org.testng.internal.invokers.TestInvoker$MethodInvocationAgent.invoke(TestInvoker.java:995)
at org.testng.internal.invokers.TestInvoker.invokeTestMethods(TestInvoker.java:203)
at org.testng.internal.invokers.TestMethodWorker.invokeTestMethods(TestMethodWorker.java:154)
at org.testng.internal.invokers.TestMethodWorker.run(TestMethodWorker.java:134)
at java.base/java.util.concurrent.Executors$RunnableAdapter.call(Executors.java:572)
at java.base/java.util.concurrent.FutureTask.run(FutureTask.java:317)
at org.testng.internal.thread.graph.TestNGFutureTask.run(TestNGFutureTask.java:22)
at java.base/java.util.concurrent.ThreadPoolExecutor.runWorker(ThreadPoolExecutor.java:1144)
at java.base/java.util.concurrent.ThreadPoolExecutor$Worker.run(ThreadPoolExecutor.java:642)
at java.base/java.lang.Thread.run(Thread.java:1583)
]]>
    </failure>
  </testcase> <!-- testFindEvenPractieceCodeRun -->
  <testcase classname="com.dsalgo.automation.tests.ArrayPageTest" name="findWithEvenDigitPractieceQue" time="4.255"/>
  <testcase classname="com.dsalgo.automation.tests.ArrayPageTest" name="testcodeEditor" time="2.203"/>
  <testcase classname="com.dsalgo.automation.tests.ArrayPageTest" name="arrayUsingListfromLeftMenu" time="2.685"/>
  <testcase classname="com.dsalgo.automation.tests.ArrayPageTest" name="testFindEvenPractieceCodeRun" time="3.705">
    <skipped/>
  </testcase> <!-- testFindEvenPractieceCodeRun -->
  <testcase classname="com.dsalgo.automation.tests.ArrayPageTest" name="testMaxConsecutivePractieceCodeRun" time="4.299">
    <skipped/>
  </testcase> <!-- testMaxConsecutivePractieceCodeRun -->
  <testcase classname="com.dsalgo.automation.tests.ArrayPageTest" name="applicationOfArraryTryEdit" time="3.619"/>
  <testcase classname="com.dsalgo.automation.tests.ArrayPageTest" name="maxPractieceQPractieceQue" time="4.338"/>
  <testcase classname="com.dsalgo.automation.tests.ArrayPageTest" name="testcodeEditor" time="3.532"/>
  <testcase classname="com.dsalgo.automation.tests.ArrayPageTest" name="testSoertedArrayPractieceCodeRun" time="3.518"/>
  <testcase classname="com.dsalgo.automation.tests.ArrayPageTest" name="applicationOfArraryLink" time="2.022"/>
  <testcase classname="com.dsalgo.automation.tests.ArrayPageTest" name="arrayUsingListTryEdit" time="3.259"/>
  <testcase classname="com.dsalgo.automation.tests.ArrayPageTest" name="testSearchPractieceCodeRun1" time="2.866"/>
  <testcase classname="com.dsalgo.automation.tests.ArrayPageTest" name="testSearchPractieceCodeRun1" time="3.741"/>
  <testcase classname="com.dsalgo.automation.tests.ArrayPageTest" name="testMaxConsecutivePractieceCodeRun" time="3.544"/>
  <testcase classname="com.dsalgo.automation.tests.ArrayPageTest" name="applicationOfArraryLink" time="2.892"/>
  <testcase classname="com.dsalgo.automation.tests.ArrayPageTest" name="testSearchPractieceCodeRun1" time="2.207">
    <skipped/>
  </testcase> <!-- testSearchPractieceCodeRun1 -->
  <testcase classname="com.dsalgo.automation.tests.ArrayPageTest" name="testFindEvenPractieceCodeRun" time="4.076">
    <skipped/>
  </testcase> <!-- testFindEvenPractieceCodeRun -->
  <testcase classname="com.dsalgo.automation.tests.ArrayPageTest" name="arrayBasicOperinListLink" time="2.719"/>
  <testcase classname="com.dsalgo.automation.tests.ArrayPageTest" name="arrayPythonLink" time="3.193"/>
  <testcase classname="com.dsalgo.automation.tests.ArrayPageTest" name="searchTheArrayPractieceQue" time="3.387"/>
  <testcase classname="com.dsalgo.automation.tests.ArrayPageTest" name="checkArrayLandingPage" time="2.568"/>
  <testcase classname="com.dsalgo.automation.tests.ArrayPageTest" name="testSearchPractieceCodeRun1" time="3.298">
    <skipped/>
  </testcase> <!-- testSearchPractieceCodeRun1 -->
  <testcase classname="com.dsalgo.automation.tests.ArrayPageTest" name="testSearchPractieceCodeRun1" time="3.593"/>
  <testcase classname="com.dsalgo.automation.tests.ArrayPageTest" name="arrayUsingListfromLeftMenu" time="3.319"/>
  <testcase classname="com.dsalgo.automation.tests.ArrayPageTest" name="testcodeEditor" time="3.359"/>
  <testcase classname="com.dsalgo.automation.tests.ArrayPageTest" name="testFindEvenPractieceCodeRun" time="2.331"/>
  <testcase classname="com.dsalgo.automation.tests.ArrayPageTest" name="testSearchPractieceCodeRun1" time="2.647">
    <failure message="TestCase Failed: Output is mismatched : Submission Successful expected [Submission Successful] but found []" type="java.lang.AssertionError">
      <![CDATA[java.lang.AssertionError: TestCase Failed: Output is mismatched : Submission Successful expected [Submission Successful] but found []
at org.testng.Assert.fail(Assert.java:111)
at org.testng.Assert.failNotEquals(Assert.java:1590)
at org.testng.Assert.assertEqualsImpl(Assert.java:150)
at org.testng.Assert.assertEquals(Assert.java:132)
at org.testng.Assert.assertEquals(Assert.java:656)
at com.dsalgo.automation.tests.ArrayPageTest.verifyResult(ArrayPageTest.java:342)
at com.dsalgo.automation.tests.ArrayPageTest.testSearchPractieceCodeRun1(ArrayPageTest.java:80)
at java.base/jdk.internal.reflect.DirectMethodHandleAccessor.invoke(DirectMethodHandleAccessor.java:103)
at java.base/java.lang.reflect.Method.invoke(Method.java:580)
at org.testng.internal.invokers.MethodInvocationHelper.invokeMethod(MethodInvocationHelper.java:141)
at org.testng.internal.invokers.TestInvoker.invokeMethod(TestInvoker.java:687)
at org.testng.internal.invokers.TestInvoker.retryFailed(TestInvoker.java:269)
at org.testng.internal.invokers.MethodRunner.runInSequence(MethodRunner.java:76)
at org.testng.internal.invokers.TestInvoker$MethodInvocationAgent.invoke(TestInvoker.java:995)
at org.testng.internal.invokers.TestInvoker.invokeTestMethods(TestInvoker.java:203)
at org.testng.internal.invokers.TestMethodWorker.invokeTestMethods(TestMethodWorker.java:154)
at org.testng.internal.invokers.TestMethodWorker.run(TestMethodWorker.java:134)
at java.base/java.util.concurrent.Executors$RunnableAdapter.call(Executors.java:572)
at java.base/java.util.concurrent.FutureTask.run(FutureTask.java:317)
at org.testng.internal.thread.graph.TestNGFutureTask.run(TestNGFutureTask.java:22)
at java.base/java.util.concurrent.ThreadPoolExecutor.runWorker(ThreadPoolExecutor.java:1144)
at java.base/java.util.concurrent.ThreadPoolExecutor$Worker.run(ThreadPoolExecutor.java:642)
at java.base/java.lang.Thread.run(Thread.java:1583)
]]>
    </failure>
  </testcase> <!-- testSearchPractieceCodeRun1 -->
  <testcase classname="com.dsalgo.automation.tests.ArrayPageTest" name="basicOperinListTryEdit" time="2.972"/>
  <testcase classname="com.dsalgo.automation.tests.ArrayPageTest" name="testSearchPractieceCodeRun1" time="3.738">
    <failure message="TestCase Failed: Output is mismatched : Submission Successful expected [Submission Successful] but found []" type="java.lang.AssertionError">
      <![CDATA[java.lang.AssertionError: TestCase Failed: Output is mismatched : Submission Successful expected [Submission Successful] but found []
at org.testng.Assert.fail(Assert.java:111)
at org.testng.Assert.failNotEquals(Assert.java:1590)
at org.testng.Assert.assertEqualsImpl(Assert.java:150)
at org.testng.Assert.assertEquals(Assert.java:132)
at org.testng.Assert.assertEquals(Assert.java:656)
at com.dsalgo.automation.tests.ArrayPageTest.verifyResult(ArrayPageTest.java:342)
at com.dsalgo.automation.tests.ArrayPageTest.testSearchPractieceCodeRun1(ArrayPageTest.java:80)
at java.base/jdk.internal.reflect.DirectMethodHandleAccessor.invoke(DirectMethodHandleAccessor.java:103)
at java.base/java.lang.reflect.Method.invoke(Method.java:580)
at org.testng.internal.invokers.MethodInvocationHelper.invokeMethod(MethodInvocationHelper.java:141)
at org.testng.internal.invokers.TestInvoker.invokeMethod(TestInvoker.java:687)
at org.testng.internal.invokers.TestInvoker.retryFailed(TestInvoker.java:269)
at org.testng.internal.invokers.MethodRunner.runInSequence(MethodRunner.java:76)
at org.testng.internal.invokers.TestInvoker$MethodInvocationAgent.invoke(TestInvoker.java:995)
at org.testng.internal.invokers.TestInvoker.invokeTestMethods(TestInvoker.java:203)
at org.testng.internal.invokers.TestMethodWorker.invokeTestMethods(TestMethodWorker.java:154)
at org.testng.internal.invokers.TestMethodWorker.run(TestMethodWorker.java:134)
at java.base/java.util.concurrent.Executors$RunnableAdapter.call(Executors.java:572)
at java.base/java.util.concurrent.FutureTask.run(FutureTask.java:317)
at org.testng.internal.thread.graph.TestNGFutureTask.run(TestNGFutureTask.java:22)
at java.base/java.util.concurrent.ThreadPoolExecutor.runWorker(ThreadPoolExecutor.java:1144)
at java.base/java.util.concurrent.ThreadPoolExecutor$Worker.run(ThreadPoolExecutor.java:642)
at java.base/java.lang.Thread.run(Thread.java:1583)
]]>
    </failure>
  </testcase> <!-- testSearchPractieceCodeRun1 -->
  <testcase classname="com.dsalgo.automation.tests.ArrayPageTest" name="testSearchPractieceCodeRun1" time="3.232"/>
  <testcase classname="com.dsalgo.automation.tests.ArrayPageTest" name="maxPractieceQPractieceQue" time="2.196"/>
  <testcase classname="com.dsalgo.automation.tests.ArrayPageTest" name="testSearchPractieceCodeRun1" time="2.882">
    <skipped/>
  </testcase> <!-- testSearchPractieceCodeRun1 -->
  <testcase classname="com.dsalgo.automation.tests.ArrayPageTest" name="arrayUsingListfromLeftMenu" time="2.248"/>
  <testcase classname="com.dsalgo.automation.tests.ArrayPageTest" name="testcodeEditor" time="2.780"/>
  <testcase classname="com.dsalgo.automation.tests.ArrayPageTest" name="arrayPythonLinkTryEdit" time="3.372"/>
  <testcase classname="com.dsalgo.automation.tests.ArrayPageTest" name="testSoertedArrayPractieceCodeRun" time="3.970"/>
  <testcase classname="com.dsalgo.automation.tests.ArrayPageTest" name="findWithEvenDigitPractieceQue" time="2.228"/>
  <testcase classname="com.dsalgo.automation.tests.ArrayPageTest" name="testSoertedArrayPractieceCodeRun" time="2.855">
    <skipped/>
  </testcase> <!-- testSoertedArrayPractieceCodeRun -->
  <testcase classname="com.dsalgo.automation.tests.ArrayPageTest" name="testFindEvenPractieceCodeRun" time="3.778">
    <skipped/>
  </testcase> <!-- testFindEvenPractieceCodeRun -->
  <testcase classname="com.dsalgo.automation.tests.ArrayPageTest" name="testSearchPractieceCodeRun1" time="3.685"/>
  <testcase classname="com.dsalgo.automation.tests.ArrayPageTest" name="testFindEvenPractieceCodeRun" time="2.484">
    <skipped/>
  </testcase> <!-- testFindEvenPractieceCodeRun -->
  <testcase classname="com.dsalgo.automation.tests.ArrayPageTest" name="arrayUsingList" time="1.990"/>
  <testcase classname="com.dsalgo.automation.tests.ArrayPageTest" name="arrayUsingList" time="3.153"/>
  <testcase classname="com.dsalgo.automation.tests.ArrayPageTest" name="arrayPythonLinkTryEdit" time="3.177"/>
  <testcase classname="com.dsalgo.automation.tests.ArrayPageTest" name="arrayUsingList" time="2.229"/>
  <testcase classname="com.dsalgo.automation.tests.ArrayPageTest" name="testSearchPractieceCodeRun1" time="4.600"/>
  <testcase classname="com.dsalgo.automation.tests.ArrayPageTest" name="testSoertedArrayPractieceCodeRun" time="2.783">
    <failure message="Test Case Failed: Actual output is not same as expected output: Submission Successful expected [Submission Successful] but found [No tests were collected]" type="java.lang.AssertionError">
      <![CDATA[java.lang.AssertionError: Test Case Failed: Actual output is not same as expected output: Submission Successful expected [Submission Successful] but found [No tests were collected]
at org.testng.Assert.fail(Assert.java:111)
at org.testng.Assert.failNotEquals(Assert.java:1590)
at org.testng.Assert.assertEqualsImpl(Assert.java:150)
at org.testng.Assert.assertEquals(Assert.java:132)
at org.testng.Assert.assertEquals(Assert.java:656)
at com.dsalgo.automation.tests.ArrayPageTest.verifyBlankOutputError(ArrayPageTest.java:361)
at com.dsalgo.automation.tests.ArrayPageTest.testSoertedArrayPractieceCodeRun(ArrayPageTest.java:173)
at java.base/jdk.internal.reflect.DirectMethodHandleAccessor.invoke(DirectMethodHandleAccessor.java:103)
at java.base/java.lang.reflect.Method.invoke(Method.java:580)
at org.testng.internal.invokers.MethodInvocationHelper.invokeMethod(MethodInvocationHelper.java:141)
at org.testng.internal.invokers.TestInvoker.invokeMethod(TestInvoker.java:687)
at org.testng.internal.invokers.TestInvoker.retryFailed(TestInvoker.java:269)
at org.testng.internal.invokers.MethodRunner.runInSequence(MethodRunner.java:76)
at org.testng.internal.invokers.TestInvoker$MethodInvocationAgent.invoke(TestInvoker.java:995)
at org.testng.internal.invokers.TestInvoker.invokeTestMethods(TestInvoker.java:203)
at org.testng.internal.invokers.TestMethodWorker.invokeTestMethods(TestMethodWorker.java:154)
at org.testng.internal.invokers.TestMethodWorker.run(TestMethodWorker.java:134)
at java.base/java.util.concurrent.Executors$RunnableAdapter.call(Executors.java:572)
at java.base/java.util.concurrent.FutureTask.run(FutureTask.java:317)
at org.testng.internal.thread.graph.TestNGFutureTask.run(TestNGFutureTask.java:22)
at java.base/java.util.concurrent.ThreadPoolExecutor.runWorker(ThreadPoolExecutor.java:1144)
at java.base/java.util.concurrent.ThreadPoolExecutor$Worker.run(ThreadPoolExecutor.java:642)
at java.base/java.lang.Thread.run(Thread.java:1583)
]]>
    </failure>
  </testcase> <!-- testSoertedArrayPractieceCodeRun -->
  <testcase classname="com.dsalgo.automation.tests.ArrayPageTest" name="squaredOfSortedArrayPractieceQue" time="3.874"/>
  <testcase classname="com.dsalgo.automation.tests.ArrayPageTest" name="testMaxConsecutivePractieceCodeRun" time="2.211">
    <skipped/>
  </testcase> <!-- testMaxConsecutivePractieceCodeRun -->
  <testcase classname="com.dsalgo.automation.tests.ArrayPageTest" name="testSearchPractieceCodeRun1" time="2.464"/>
  <testcase classname="com.dsalgo.automation.tests.ArrayPageTest" name="testSoertedArrayPractieceCodeRun" time="2.493"/>
  <testcase classname="com.dsalgo.automation.tests.ArrayPageTest" name="testSoertedArrayPractieceCodeRun" time="2.725">
    <skipped/>
  </testcase> <!-- testSoertedArrayPractieceCodeRun -->
  <testcase classname="com.dsalgo.automation.tests.ArrayPageTest" name="findWithEvenDigitPractieceQue" time="3.517"/>
  <testcase classname="com.dsalgo.automation.tests.ArrayPageTest" name="testMaxConsecutivePractieceCodeRun" time="3.547">
    <failure message="TestCase Failed: Output is mismatched : Some Tests failed. Please review code expected [Some Tests failed. Please review code] but found []" type="java.lang.AssertionError">
      <![CDATA[java.lang.AssertionError: TestCase Failed: Output is mismatched : Some Tests failed. Please review code expected [Some Tests failed. Please review code] but found []
at org.testng.Assert.fail(Assert.java:111)
at org.testng.Assert.failNotEquals(Assert.java:1590)
at org.testng.Assert.assertEqualsImpl(Assert.java:150)
at org.testng.Assert.assertEquals(Assert.java:132)
at org.testng.Assert.assertEquals(Assert.java:656)
at com.dsalgo.automation.tests.ArrayPageTest.verifyResult(ArrayPageTest.java:342)
at com.dsalgo.automation.tests.ArrayPageTest.testMaxConsecutivePractieceCodeRun(ArrayPageTest.java:117)
at java.base/jdk.internal.reflect.DirectMethodHandleAccessor.invoke(DirectMethodHandleAccessor.java:103)
at java.base/java.lang.reflect.Method.invoke(Method.java:580)
at org.testng.internal.invokers.MethodInvocationHelper.invokeMethod(MethodInvocationHelper.java:141)
at org.testng.internal.invokers.TestInvoker.invokeMethod(TestInvoker.java:687)
at org.testng.internal.invokers.TestInvoker.retryFailed(TestInvoker.java:269)
at org.testng.internal.invokers.MethodRunner.runInSequence(MethodRunner.java:76)
at org.testng.internal.invokers.TestInvoker$MethodInvocationAgent.invoke(TestInvoker.java:995)
at org.testng.internal.invokers.TestInvoker.invokeTestMethods(TestInvoker.java:203)
at org.testng.internal.invokers.TestMethodWorker.invokeTestMethods(TestMethodWorker.java:154)
at org.testng.internal.invokers.TestMethodWorker.run(TestMethodWorker.java:134)
at java.base/java.util.concurrent.Executors$RunnableAdapter.call(Executors.java:572)
at java.base/java.util.concurrent.FutureTask.run(FutureTask.java:317)
at org.testng.internal.thread.graph.TestNGFutureTask.run(TestNGFutureTask.java:22)
at java.base/java.util.concurrent.ThreadPoolExecutor.runWorker(ThreadPoolExecutor.java:1144)
at java.base/java.util.concurrent.ThreadPoolExecutor$Worker.run(ThreadPoolExecutor.java:642)
at java.base/java.lang.Thread.run(Thread.java:1583)
]]>
    </failure>
  </testcase> <!-- testMaxConsecutivePractieceCodeRun -->
  <testcase classname="com.dsalgo.automation.tests.ArrayPageTest" name="testSoertedArrayPractieceCodeRun" time="4.059">
    <failure message="Test Case Failed: Actual output is not same as expected output: Submission Successful expected [Submission Successful] but found [No tests were collected]" type="java.lang.AssertionError">
      <![CDATA[java.lang.AssertionError: Test Case Failed: Actual output is not same as expected output: Submission Successful expected [Submission Successful] but found [No tests were collected]
at org.testng.Assert.fail(Assert.java:111)
at org.testng.Assert.failNotEquals(Assert.java:1590)
at org.testng.Assert.assertEqualsImpl(Assert.java:150)
at org.testng.Assert.assertEquals(Assert.java:132)
at org.testng.Assert.assertEquals(Assert.java:656)
at com.dsalgo.automation.tests.ArrayPageTest.verifyBlankOutputError(ArrayPageTest.java:361)
at com.dsalgo.automation.tests.ArrayPageTest.testSoertedArrayPractieceCodeRun(ArrayPageTest.java:173)
at java.base/jdk.internal.reflect.DirectMethodHandleAccessor.invoke(DirectMethodHandleAccessor.java:103)
at java.base/java.lang.reflect.Method.invoke(Method.java:580)
at org.testng.internal.invokers.MethodInvocationHelper.invokeMethod(MethodInvocationHelper.java:141)
at org.testng.internal.invokers.TestInvoker.invokeMethod(TestInvoker.java:687)
at org.testng.internal.invokers.TestInvoker.retryFailed(TestInvoker.java:269)
at org.testng.internal.invokers.MethodRunner.runInSequence(MethodRunner.java:76)
at org.testng.internal.invokers.TestInvoker$MethodInvocationAgent.invoke(TestInvoker.java:995)
at org.testng.internal.invokers.TestInvoker.invokeTestMethods(TestInvoker.java:203)
at org.testng.internal.invokers.TestMethodWorker.invokeTestMethods(TestMethodWorker.java:154)
at org.testng.internal.invokers.TestMethodWorker.run(TestMethodWorker.java:134)
at java.base/java.util.concurrent.Executors$RunnableAdapter.call(Executors.java:572)
at java.base/java.util.concurrent.FutureTask.run(FutureTask.java:317)
at org.testng.internal.thread.graph.TestNGFutureTask.run(TestNGFutureTask.java:22)
at java.base/java.util.concurrent.ThreadPoolExecutor.runWorker(ThreadPoolExecutor.java:1144)
at java.base/java.util.concurrent.ThreadPoolExecutor$Worker.run(ThreadPoolExecutor.java:642)
at java.base/java.lang.Thread.run(Thread.java:1583)
]]>
    </failure>
  </testcase> <!-- testSoertedArrayPractieceCodeRun -->
  <testcase classname="com.dsalgo.automation.tests.ArrayPageTest" name="testMaxConsecutivePractieceCodeRun" time="3.783">
    <skipped/>
  </testcase> <!-- testMaxConsecutivePractieceCodeRun -->
  <testcase classname="com.dsalgo.automation.tests.ArrayPageTest" name="testSearchPractieceCodeRun1" time="3.141">
    <skipped/>
  </testcase> <!-- testSearchPractieceCodeRun1 -->
  <testcase classname="com.dsalgo.automation.tests.ArrayPageTest" name="searchTheArrayPractieceQue" time="2.248"/>
  <testcase classname="com.dsalgo.automation.tests.ArrayPageTest" name="testSoertedArrayPractieceCodeRun" time="4.030"/>
  <testcase classname="com.dsalgo.automation.tests.ArrayPageTest" name="applicationOfArraryTryEdit" time="3.147"/>
  <testcase classname="com.dsalgo.automation.tests.ArrayPageTest" name="testMaxConsecutivePractieceCodeRun" time="2.502"/>
  <testcase classname="com.dsalgo.automation.tests.ArrayPageTest" name="testMaxConsecutivePractieceCodeRun" time="4.167">
    <failure message="TestCase Failed: Output is mismatched : Some Tests failed. Please review code expected [Some Tests failed. Please review code] but found []" type="java.lang.AssertionError">
      <![CDATA[java.lang.AssertionError: TestCase Failed: Output is mismatched : Some Tests failed. Please review code expected [Some Tests failed. Please review code] but found []
at org.testng.Assert.fail(Assert.java:111)
at org.testng.Assert.failNotEquals(Assert.java:1590)
at org.testng.Assert.assertEqualsImpl(Assert.java:150)
at org.testng.Assert.assertEquals(Assert.java:132)
at org.testng.Assert.assertEquals(Assert.java:656)
at com.dsalgo.automation.tests.ArrayPageTest.verifyResult(ArrayPageTest.java:342)
at com.dsalgo.automation.tests.ArrayPageTest.testMaxConsecutivePractieceCodeRun(ArrayPageTest.java:117)
at java.base/jdk.internal.reflect.DirectMethodHandleAccessor.invoke(DirectMethodHandleAccessor.java:103)
at java.base/java.lang.reflect.Method.invoke(Method.java:580)
at org.testng.internal.invokers.MethodInvocationHelper.invokeMethod(MethodInvocationHelper.java:141)
at org.testng.internal.invokers.TestInvoker.invokeMethod(TestInvoker.java:687)
at org.testng.internal.invokers.TestInvoker.retryFailed(TestInvoker.java:269)
at org.testng.internal.invokers.MethodRunner.runInSequence(MethodRunner.java:76)
at org.testng.internal.invokers.TestInvoker$MethodInvocationAgent.invoke(TestInvoker.java:995)
at org.testng.internal.invokers.TestInvoker.invokeTestMethods(TestInvoker.java:203)
at org.testng.internal.invokers.TestMethodWorker.invokeTestMethods(TestMethodWorker.java:154)
at org.testng.internal.invokers.TestMethodWorker.run(TestMethodWorker.java:134)
at java.base/java.util.concurrent.Executors$RunnableAdapter.call(Executors.java:572)
at java.base/java.util.concurrent.FutureTask.run(FutureTask.java:317)
at org.testng.internal.thread.graph.TestNGFutureTask.run(TestNGFutureTask.java:22)
at java.base/java.util.concurrent.ThreadPoolExecutor.runWorker(ThreadPoolExecutor.java:1144)
at java.base/java.util.concurrent.ThreadPoolExecutor$Worker.run(ThreadPoolExecutor.java:642)
at java.base/java.lang.Thread.run(Thread.java:1583)
]]>
    </failure>
  </testcase> <!-- testMaxConsecutivePractieceCodeRun -->
  <testcase classname="com.dsalgo.automation.tests.ArrayPageTest" name="arrayUsingListTryEdit" time="3.424"/>
  <testcase classname="com.dsalgo.automation.tests.ArrayPageTest" name="testSearchPractieceCodeRun1" time="2.967"/>
  <testcase classname="com.dsalgo.automation.tests.ArrayPageTest" name="testSoertedArrayPractieceCodeRun" time="3.735">
    <failure message="Test Case Failed: Actual output is not same as expected output: Submission Successful expected [Submission Successful] but found [No tests were collected]" type="java.lang.AssertionError">
      <![CDATA[java.lang.AssertionError: Test Case Failed: Actual output is not same as expected output: Submission Successful expected [Submission Successful] but found [No tests were collected]
at org.testng.Assert.fail(Assert.java:111)
at org.testng.Assert.failNotEquals(Assert.java:1590)
at org.testng.Assert.assertEqualsImpl(Assert.java:150)
at org.testng.Assert.assertEquals(Assert.java:132)
at org.testng.Assert.assertEquals(Assert.java:656)
at com.dsalgo.automation.tests.ArrayPageTest.verifyBlankOutputError(ArrayPageTest.java:361)
at com.dsalgo.automation.tests.ArrayPageTest.testSoertedArrayPractieceCodeRun(ArrayPageTest.java:173)
at java.base/jdk.internal.reflect.DirectMethodHandleAccessor.invoke(DirectMethodHandleAccessor.java:103)
at java.base/java.lang.reflect.Method.invoke(Method.java:580)
at org.testng.internal.invokers.MethodInvocationHelper.invokeMethod(MethodInvocationHelper.java:141)
at org.testng.internal.invokers.TestInvoker.invokeMethod(TestInvoker.java:687)
at org.testng.internal.invokers.TestInvoker.retryFailed(TestInvoker.java:269)
at org.testng.internal.invokers.MethodRunner.runInSequence(MethodRunner.java:76)
at org.testng.internal.invokers.TestInvoker$MethodInvocationAgent.invoke(TestInvoker.java:995)
at org.testng.internal.invokers.TestInvoker.invokeTestMethods(TestInvoker.java:203)
at org.testng.internal.invokers.TestMethodWorker.invokeTestMethods(TestMethodWorker.java:154)
at org.testng.internal.invokers.TestMethodWorker.run(TestMethodWorker.java:134)
at java.base/java.util.concurrent.Executors$RunnableAdapter.call(Executors.java:572)
at java.base/java.util.concurrent.FutureTask.run(FutureTask.java:317)
at org.testng.internal.thread.graph.TestNGFutureTask.run(TestNGFutureTask.java:22)
at java.base/java.util.concurrent.ThreadPoolExecutor.runWorker(ThreadPoolExecutor.java:1144)
at java.base/java.util.concurrent.ThreadPoolExecutor$Worker.run(ThreadPoolExecutor.java:642)
at java.base/java.lang.Thread.run(Thread.java:1583)
]]>
    </failure>
  </testcase> <!-- testSoertedArrayPractieceCodeRun -->
  <testcase classname="com.dsalgo.automation.tests.ArrayPageTest" name="arrayPractieceQue" time="3.330"/>
  <testcase classname="com.dsalgo.automation.tests.ArrayPageTest" name="testFindEvenPractieceCodeRun" time="3.093"/>
  <testcase classname="com.dsalgo.automation.tests.ArrayPageTest" name="testMaxConsecutivePractieceCodeRun" time="3.564">
    <skipped/>
  </testcase> <!-- testMaxConsecutivePractieceCodeRun -->
  <testcase classname="com.dsalgo.automation.tests.ArrayPageTest" name="testSearchPractieceCodeRun1" time="3.627">
    <skipped/>
  </testcase> <!-- testSearchPractieceCodeRun1 -->
  <testcase classname="com.dsalgo.automation.tests.ArrayPageTest" name="testFindEvenPractieceCodeRun" time="2.721">
    <skipped/>
  </testcase> <!-- testFindEvenPractieceCodeRun -->
  <testcase classname="com.dsalgo.automation.tests.ArrayPageTest" name="testMaxConsecutivePractieceCodeRun" time="4.273"/>
  <testcase classname="com.dsalgo.automation.tests.ArrayPageTest" name="squaredOfSortedArrayPractieceQue" time="2.192"/>
  <testcase classname="com.dsalgo.automation.tests.ArrayPageTest" name="testcodeEditor" time="3.842"/>
  <testcase classname="com.dsalgo.automation.tests.ArrayPageTest" name="arrayUsingListTryEdit" time="2.432"/>
  <testcase classname="com.dsalgo.automation.tests.ArrayPageTest" name="testSoertedArrayPractieceCodeRun" time="3.855"/>
  <testcase classname="com.dsalgo.automation.tests.ArrayPageTest" name="testSearchPractieceCodeRun1" time="4.456"/>
  <testcase classname="com.dsalgo.automation.tests.ArrayPageTest" name="testSoertedArrayPractieceCodeRun" time="2.940"/>
  <testcase classname="com.dsalgo.automation.tests.ArrayPageTest" name="squaredOfSortedArrayPractieceQue" time="4.057"/>
  <testcase classname="com.dsalgo.automation.tests.ArrayPageTest" name="testFindEvenPractieceCodeRun" time="2.446">
    <failure message="TestCase Failed: Output is mismatched : Submission Successful expected [Submission Successful] but found []" type="java.lang.AssertionError">
      <![CDATA[java.lang.AssertionError: TestCase Failed: Output is mismatched : Submission Successful expected [Submission Successful] but found []
at org.testng.Assert.fail(Assert.java:111)
at org.testng.Assert.failNotEquals(Assert.java:1590)
at org.testng.Assert.assertEqualsImpl(Assert.java:150)
at org.testng.Assert.assertEquals(Assert.java:132)
at org.testng.Assert.assertEquals(Assert.java:656)
at com.dsalgo.automation.tests.ArrayPageTest.verifyResult(ArrayPageTest.java:342)
at com.dsalgo.automation.tests.ArrayPageTest.testFindEvenPractieceCodeRun(ArrayPageTest.java:143)
at java.base/jdk.internal.reflect.DirectMethodHandleAccessor.invoke(DirectMethodHandleAccessor.java:103)
at java.base/java.lang.reflect.Method.invoke(Method.java:580)
at org.testng.internal.invokers.MethodInvocationHelper.invokeMethod(MethodInvocationHelper.java:141)
at org.testng.internal.invokers.TestInvoker.invokeMethod(TestInvoker.java:687)
at org.testng.internal.invokers.TestInvoker.retryFailed(TestInvoker.java:269)
at org.testng.internal.invokers.MethodRunner.runInSequence(MethodRunner.java:76)
at org.testng.internal.invokers.TestInvoker$MethodInvocationAgent.invoke(TestInvoker.java:995)
at org.testng.internal.invokers.TestInvoker.invokeTestMethods(TestInvoker.java:203)
at org.testng.internal.invokers.TestMethodWorker.invokeTestMethods(TestMethodWorker.java:154)
at org.testng.internal.invokers.TestMethodWorker.run(TestMethodWorker.java:134)
at java.base/java.util.concurrent.Executors$RunnableAdapter.call(Executors.java:572)
at java.base/java.util.concurrent.FutureTask.run(FutureTask.java:317)
at org.testng.internal.thread.graph.TestNGFutureTask.run(TestNGFutureTask.java:22)
at java.base/java.util.concurrent.ThreadPoolExecutor.runWorker(ThreadPoolExecutor.java:1144)
at java.base/java.util.concurrent.ThreadPoolExecutor$Worker.run(ThreadPoolExecutor.java:642)
at java.base/java.lang.Thread.run(Thread.java:1583)
]]>
    </failure>
  </testcase> <!-- testFindEvenPractieceCodeRun -->
  <testcase classname="com.dsalgo.automation.tests.ArrayPageTest" name="testSearchPractieceCodeRun1" time="4.680"/>
  <testcase classname="com.dsalgo.automation.tests.ArrayPageTest" name="testSearchPractieceCodeRun1" time="3.552"/>
  <testcase classname="com.dsalgo.automation.tests.ArrayPageTest" name="testSoertedArrayPractieceCodeRun" time="3.856">
    <skipped/>
  </testcase> <!-- testSoertedArrayPractieceCodeRun -->
  <testcase classname="com.dsalgo.automation.tests.ArrayPageTest" name="basicOperinListTryEdit" time="1.927"/>
  <testcase classname="com.dsalgo.automation.tests.ArrayPageTest" name="testcodeEditor" time="3.578"/>
  <testcase classname="com.dsalgo.automation.tests.ArrayPageTest" name="testSearchPractieceCodeRun1" time="3.815">
    <failure message="TestCase Failed: Output is mismatched : Submission Successful expected [Submission Successful] but found []" type="java.lang.AssertionError">
      <![CDATA[java.lang.AssertionError: TestCase Failed: Output is mismatched : Submission Successful expected [Submission Successful] but found []
at org.testng.Assert.fail(Assert.java:111)
at org.testng.Assert.failNotEquals(Assert.java:1590)
at org.testng.Assert.assertEqualsImpl(Assert.java:150)
at org.testng.Assert.assertEquals(Assert.java:132)
at org.testng.Assert.assertEquals(Assert.java:656)
at com.dsalgo.automation.tests.ArrayPageTest.verifyResult(ArrayPageTest.java:342)
at com.dsalgo.automation.tests.ArrayPageTest.testSearchPractieceCodeRun1(ArrayPageTest.java:80)
at java.base/jdk.internal.reflect.DirectMethodHandleAccessor.invoke(DirectMethodHandleAccessor.java:103)
at java.base/java.lang.reflect.Method.invoke(Method.java:580)
at org.testng.internal.invokers.MethodInvocationHelper.invokeMethod(MethodInvocationHelper.java:141)
at org.testng.internal.invokers.TestInvoker.invokeMethod(TestInvoker.java:687)
at org.testng.internal.invokers.TestInvoker.retryFailed(TestInvoker.java:269)
at org.testng.internal.invokers.MethodRunner.runInSequence(MethodRunner.java:76)
at org.testng.internal.invokers.TestInvoker$MethodInvocationAgent.invoke(TestInvoker.java:995)
at org.testng.internal.invokers.TestInvoker.invokeTestMethods(TestInvoker.java:203)
at org.testng.internal.invokers.TestMethodWorker.invokeTestMethods(TestMethodWorker.java:154)
at org.testng.internal.invokers.TestMethodWorker.run(TestMethodWorker.java:134)
at java.base/java.util.concurrent.Executors$RunnableAdapter.call(Executors.java:572)
at java.base/java.util.concurrent.FutureTask.run(FutureTask.java:317)
at org.testng.internal.thread.graph.TestNGFutureTask.run(TestNGFutureTask.java:22)
at java.base/java.util.concurrent.ThreadPoolExecutor.runWorker(ThreadPoolExecutor.java:1144)
at java.base/java.util.concurrent.ThreadPoolExecutor$Worker.run(ThreadPoolExecutor.java:642)
at java.base/java.lang.Thread.run(Thread.java:1583)
]]>
    </failure>
  </testcase> <!-- testSearchPractieceCodeRun1 -->
  <testcase classname="com.dsalgo.automation.tests.ArrayPageTest" name="testSearchPractieceCodeRun1" time="3.766"/>
  <testcase classname="com.dsalgo.automation.tests.ArrayPageTest" name="testFindEvenPractieceCodeRun" time="3.490"/>
  <testcase classname="com.dsalgo.automation.tests.ArrayPageTest" name="basicOperinListTryEdit" time="2.999"/>
  <testcase classname="com.dsalgo.automation.tests.ArrayPageTest" name="testSoertedArrayPractieceCodeRun" time="3.874">
    <skipped/>
  </testcase> <!-- testSoertedArrayPractieceCodeRun -->
  <testcase classname="com.dsalgo.automation.tests.ArrayPageTest" name="arrayPractieceQue" time="2.816"/>
  <testcase classname="com.dsalgo.automation.tests.ArrayPageTest" name="testSearchPractieceCodeRun1" time="3.502"/>
  <testcase classname="com.dsalgo.automation.tests.ArrayPageTest" name="arrayBasicOperinListLink" time="1.813"/>
  <testcase classname="com.dsalgo.automation.tests.ArrayPageTest" name="checkArrayLandingPage" time="1.754"/>
  <testcase classname="com.dsalgo.automation.tests.ArrayPageTest" name="arrayPractieceQue" time="2.088"/>
  <testcase classname="com.dsalgo.automation.tests.ArrayPageTest" name="testSoertedArrayPractieceCodeRun" time="4.413">
    <skipped/>
  </testcase> <!-- testSoertedArrayPractieceCodeRun -->
  <testcase classname="com.dsalgo.automation.tests.ArrayPageTest" name="applicationOfArraryTryEdit" time="3.896"/>
  <testcase classname="com.dsalgo.automation.tests.ArrayPageTest" name="testMaxConsecutivePractieceCodeRun" time="2.640">
    <skipped/>
  </testcase> <!-- testMaxConsecutivePractieceCodeRun -->
  <testcase classname="com.dsalgo.automation.tests.ArrayPageTest" name="testSearchPractieceCodeRun1" time="3.274">
    <skipped/>
  </testcase> <!-- testSearchPractieceCodeRun1 -->
  <testcase classname="com.dsalgo.automation.tests.ArrayPageTest" name="testSoertedArrayPractieceCodeRun" time="3.529">
    <skipped/>
  </testcase> <!-- testSoertedArrayPractieceCodeRun -->
  <testcase classname="com.dsalgo.automation.tests.ArrayPageTest" name="arrayPythonLink" time="3.092"/>
  <testcase classname="com.dsalgo.automation.tests.ArrayPageTest" name="testSearchPractieceCodeRun1" time="2.389"/>
  <testcase classname="com.dsalgo.automation.tests.ArrayPageTest" name="arrayBasicOperinListLink" time="2.651"/>
</testsuite> <!-- com.dsalgo.automation.tests.ArrayPageTest -->
