<?xml version="1.0" encoding="UTF-8"?>
<!-- Generated by org.testng.reporters.JUnitReportReporter -->
<testsuite hostname="rajas-imac.lan" failures="0" tests="15" name="com.dsalgo.automation.tests.LoginPageTest" time="102.478" errors="0" timestamp="2025-05-02T10:19:30 PDT" skipped="0">
  <testcase classname="com.dsalgo.automation.tests.LoginPageTest" name="testInvalidLogin" time="1.804"/>
  <testcase classname="com.dsalgo.automation.tests.LoginPageTest" name="testInvalidLogin" time="2.980"/>
  <testcase classname="com.dsalgo.automation.tests.LoginPageTest" name="testValidLogin" time="5.068"/>
  <testcase classname="com.dsalgo.automation.tests.LoginPageTest" name="testInvalidLogin" time="8.515"/>
  <testcase classname="com.dsalgo.automation.tests.LoginPageTest" name="testInvalidLogin" time="2.129"/>
  <testcase classname="com.dsalgo.automation.tests.LoginPageTest" name="testValidLogin" time="5.661"/>
  <testcase classname="com.dsalgo.automation.tests.LoginPageTest" name="testInvalidLogin" time="8.955"/>
  <testcase classname="com.dsalgo.automation.tests.LoginPageTest" name="testInvalidLogin" time="2.642"/>
  <testcase classname="com.dsalgo.automation.tests.LoginPageTest" name="testInvalidLogin" time="5.860"/>
  <testcase classname="com.dsalgo.automation.tests.LoginPageTest" name="testInvalidLogin" time="3.525"/>
  <testcase classname="com.dsalgo.automation.tests.LoginPageTest" name="testValidLogin" time="13.957"/>
  <testcase classname="com.dsalgo.automation.tests.LoginPageTest" name="testInvalidLogin" time="12.679"/>
  <testcase classname="com.dsalgo.automation.tests.LoginPageTest" name="testInvalidLogin" time="10.804"/>
  <testcase classname="com.dsalgo.automation.tests.LoginPageTest" name="testInvalidLogin" time="2.252"/>
  <testcase classname="com.dsalgo.automation.tests.LoginPageTest" name="testInvalidLogin" time="15.647"/>
</testsuite> <!-- com.dsalgo.automation.tests.LoginPageTest -->
