<?xml version="1.0" encoding="UTF-8"?>
<!-- Generated by org.testng.reporters.JUnitReportReporter -->
<testsuite hostname="MadhaviPoreddy" failures="0" tests="11" name="com.dsalgo.automation.tests.StackPageTest" time="342.788" errors="0" timestamp="2025-05-03T09:16:39 EDT" skipped="0">
  <testcase classname="com.dsalgo.automation.tests.StackPageTest" name="stackPracticeLink" time="33.984"/>
  <testcase classname="com.dsalgo.automation.tests.StackPageTest" name="testcodeEditor" time="3.094"/>
  <testcase classname="com.dsalgo.automation.tests.StackPageTest" name="stackImplementation" time="33.824"/>
  <testcase classname="com.dsalgo.automation.tests.StackPageTest" name="stackApplications" time="33.941"/>
  <testcase classname="com.dsalgo.automation.tests.StackPageTest" name="stackApplicationsTryEdit" time="34.328"/>
  <testcase classname="com.dsalgo.automation.tests.StackPageTest" name="operationsInStackLink" time="33.487"/>
  <testcase classname="com.dsalgo.automation.tests.StackPageTest" name="testcodeEditor" time="34.066"/>
  <testcase classname="com.dsalgo.automation.tests.StackPageTest" name="testcodeEditor" time="34.423"/>
  <testcase classname="com.dsalgo.automation.tests.StackPageTest" name="checkStackLandingPage" time="33.186"/>
  <testcase classname="com.dsalgo.automation.tests.StackPageTest" name="operationsInStackLinkTryEdit" time="34.612"/>
  <testcase classname="com.dsalgo.automation.tests.StackPageTest" name="stackImplementationTryEdit" time="33.843"/>
</testsuite> <!-- com.dsalgo.automation.tests.StackPageTest -->
