<?xml version="1.0" encoding="UTF-8"?>
<!-- Generated by org.testng.reporters.JUnitReportReporter -->
<testsuite hostname="MadhaviPoreddy" failures="18" tests="81" name="com.dsalgo.automation.tests.RegisterPageTest" time="67.333" errors="0" timestamp="2025-05-05T21:48:19 EDT" skipped="36">
  <testcase classname="com.dsalgo.automation.tests.RegisterPageTest" name="verifyRegister" time="0.799">
    <skipped/>
  </testcase> <!-- verifyRegister -->
  <testcase classname="com.dsalgo.automation.tests.RegisterPageTest" name="verifyRegister" time="0.968">
    <failure message="expected [New Account Created. You are logged in as abc@testers.com] but found [password_mismatch:The two password fields didn’t match.]" type="java.lang.AssertionError">
      <![CDATA[java.lang.AssertionError: expected [New Account Created. You are logged in as abc@testers.com] but found [password_mismatch:The two password fields didn’t match.]
at org.testng.Assert.fail(Assert.java:111)
at org.testng.Assert.failNotEquals(Assert.java:1590)
at org.testng.Assert.assertEqualsImpl(Assert.java:150)
at org.testng.Assert.assertEquals(Assert.java:132)
at org.testng.Assert.assertEquals(Assert.java:656)
at org.testng.Assert.assertEquals(Assert.java:666)
at com.dsalgo.automation.tests.RegisterPageTest.verifyValidRegister(RegisterPageTest.java:150)
at com.dsalgo.automation.tests.RegisterPageTest.verifyRegister(RegisterPageTest.java:53)
at java.base/jdk.internal.reflect.DirectMethodHandleAccessor.invoke(DirectMethodHandleAccessor.java:103)
at java.base/java.lang.reflect.Method.invoke(Method.java:580)
at org.testng.internal.invokers.MethodInvocationHelper.invokeMethod(MethodInvocationHelper.java:141)
at org.testng.internal.invokers.TestInvoker.invokeMethod(TestInvoker.java:687)
at org.testng.internal.invokers.TestInvoker.retryFailed(TestInvoker.java:269)
at org.testng.internal.invokers.MethodRunner.runInSequence(MethodRunner.java:76)
at org.testng.internal.invokers.TestInvoker$MethodInvocationAgent.invoke(TestInvoker.java:995)
at org.testng.internal.invokers.TestInvoker.invokeTestMethods(TestInvoker.java:203)
at org.testng.internal.invokers.TestMethodWorker.invokeTestMethods(TestMethodWorker.java:154)
at org.testng.internal.invokers.TestMethodWorker.run(TestMethodWorker.java:134)
at java.base/java.util.concurrent.Executors$RunnableAdapter.call(Executors.java:572)
at java.base/java.util.concurrent.FutureTask.run(FutureTask.java:317)
at org.testng.internal.thread.graph.TestNGFutureTask.run(TestNGFutureTask.java:22)
at java.base/java.util.concurrent.ThreadPoolExecutor.runWorker(ThreadPoolExecutor.java:1144)
at java.base/java.util.concurrent.ThreadPoolExecutor$Worker.run(ThreadPoolExecutor.java:642)
at java.base/java.lang.Thread.run(Thread.java:1583)
]]>
    </failure>
  </testcase> <!-- verifyRegister -->
  <testcase classname="com.dsalgo.automation.tests.RegisterPageTest" name="verifyRegister" time="0.849">
    <skipped/>
  </testcase> <!-- verifyRegister -->
  <testcase classname="com.dsalgo.automation.tests.RegisterPageTest" name="verifyRegister" time="0.698">
    <failure message="Test failed: Incorrect error message displayed." type="java.lang.AssertionError">
      <![CDATA[java.lang.AssertionError: Test failed: Incorrect error message displayed.
at com.dsalgo.automation.tests.RegisterPageTest.verifyDisplayMessage(RegisterPageTest.java:188)
at com.dsalgo.automation.tests.RegisterPageTest.verifyRegister(RegisterPageTest.java:93)
at java.base/jdk.internal.reflect.DirectMethodHandleAccessor.invoke(DirectMethodHandleAccessor.java:103)
at java.base/java.lang.reflect.Method.invoke(Method.java:580)
at org.testng.internal.invokers.MethodInvocationHelper.invokeMethod(MethodInvocationHelper.java:141)
at org.testng.internal.invokers.TestInvoker.invokeMethod(TestInvoker.java:687)
at org.testng.internal.invokers.TestInvoker.retryFailed(TestInvoker.java:269)
at org.testng.internal.invokers.MethodRunner.runInSequence(MethodRunner.java:76)
at org.testng.internal.invokers.TestInvoker$MethodInvocationAgent.invoke(TestInvoker.java:995)
at org.testng.internal.invokers.TestInvoker.invokeTestMethods(TestInvoker.java:203)
at org.testng.internal.invokers.TestMethodWorker.invokeTestMethods(TestMethodWorker.java:154)
at org.testng.internal.invokers.TestMethodWorker.run(TestMethodWorker.java:134)
at java.base/java.util.concurrent.Executors$RunnableAdapter.call(Executors.java:572)
at java.base/java.util.concurrent.FutureTask.run(FutureTask.java:317)
at org.testng.internal.thread.graph.TestNGFutureTask.run(TestNGFutureTask.java:22)
at java.base/java.util.concurrent.ThreadPoolExecutor.runWorker(ThreadPoolExecutor.java:1144)
at java.base/java.util.concurrent.ThreadPoolExecutor$Worker.run(ThreadPoolExecutor.java:642)
at java.base/java.lang.Thread.run(Thread.java:1583)
]]>
    </failure>
  </testcase> <!-- verifyRegister -->
  <testcase classname="com.dsalgo.automation.tests.RegisterPageTest" name="verifyRegister" time="0.682">
    <failure message="Test failed: Incorrect error message displayed." type="java.lang.AssertionError">
      <![CDATA[java.lang.AssertionError: Test failed: Incorrect error message displayed.
at com.dsalgo.automation.tests.RegisterPageTest.verifyDisplayMessage(RegisterPageTest.java:188)
at com.dsalgo.automation.tests.RegisterPageTest.verifyRegister(RegisterPageTest.java:98)
at java.base/jdk.internal.reflect.DirectMethodHandleAccessor.invoke(DirectMethodHandleAccessor.java:103)
at java.base/java.lang.reflect.Method.invoke(Method.java:580)
at org.testng.internal.invokers.MethodInvocationHelper.invokeMethod(MethodInvocationHelper.java:141)
at org.testng.internal.invokers.TestInvoker.invokeMethod(TestInvoker.java:687)
at org.testng.internal.invokers.TestInvoker.retryFailed(TestInvoker.java:269)
at org.testng.internal.invokers.MethodRunner.runInSequence(MethodRunner.java:76)
at org.testng.internal.invokers.TestInvoker$MethodInvocationAgent.invoke(TestInvoker.java:995)
at org.testng.internal.invokers.TestInvoker.invokeTestMethods(TestInvoker.java:203)
at org.testng.internal.invokers.TestMethodWorker.invokeTestMethods(TestMethodWorker.java:154)
at org.testng.internal.invokers.TestMethodWorker.run(TestMethodWorker.java:134)
at java.base/java.util.concurrent.Executors$RunnableAdapter.call(Executors.java:572)
at java.base/java.util.concurrent.FutureTask.run(FutureTask.java:317)
at org.testng.internal.thread.graph.TestNGFutureTask.run(TestNGFutureTask.java:22)
at java.base/java.util.concurrent.ThreadPoolExecutor.runWorker(ThreadPoolExecutor.java:1144)
at java.base/java.util.concurrent.ThreadPoolExecutor$Worker.run(ThreadPoolExecutor.java:642)
at java.base/java.lang.Thread.run(Thread.java:1583)
]]>
    </failure>
  </testcase> <!-- verifyRegister -->
  <testcase classname="com.dsalgo.automation.tests.RegisterPageTest" name="verifyRegister" time="0.705">
    <skipped/>
  </testcase> <!-- verifyRegister -->
  <testcase classname="com.dsalgo.automation.tests.RegisterPageTest" name="verifyRegister" time="0.765"/>
  <testcase classname="com.dsalgo.automation.tests.RegisterPageTest" name="verifyRegister" time="0.661">
    <skipped/>
  </testcase> <!-- verifyRegister -->
  <testcase classname="com.dsalgo.automation.tests.RegisterPageTest" name="verifyRegister" time="0.761"/>
  <testcase classname="com.dsalgo.automation.tests.RegisterPageTest" name="verifyRegister" time="0.734">
    <skipped/>
  </testcase> <!-- verifyRegister -->
  <testcase classname="com.dsalgo.automation.tests.RegisterPageTest" name="verifyRegister" time="0.683">
    <skipped/>
  </testcase> <!-- verifyRegister -->
  <testcase classname="com.dsalgo.automation.tests.RegisterPageTest" name="verifyRegister" time="0.814">
    <failure message="expected [New Account Created. You are logged in as abc@testers.com] but found [password_mismatch:The two password fields didn’t match.]" type="java.lang.AssertionError">
      <![CDATA[java.lang.AssertionError: expected [New Account Created. You are logged in as abc@testers.com] but found [password_mismatch:The two password fields didn’t match.]
at org.testng.Assert.fail(Assert.java:111)
at org.testng.Assert.failNotEquals(Assert.java:1590)
at org.testng.Assert.assertEqualsImpl(Assert.java:150)
at org.testng.Assert.assertEquals(Assert.java:132)
at org.testng.Assert.assertEquals(Assert.java:656)
at org.testng.Assert.assertEquals(Assert.java:666)
at com.dsalgo.automation.tests.RegisterPageTest.verifyValidRegister(RegisterPageTest.java:150)
at com.dsalgo.automation.tests.RegisterPageTest.verifyRegister(RegisterPageTest.java:53)
at java.base/jdk.internal.reflect.DirectMethodHandleAccessor.invoke(DirectMethodHandleAccessor.java:103)
at java.base/java.lang.reflect.Method.invoke(Method.java:580)
at org.testng.internal.invokers.MethodInvocationHelper.invokeMethod(MethodInvocationHelper.java:141)
at org.testng.internal.invokers.TestInvoker.invokeMethod(TestInvoker.java:687)
at org.testng.internal.invokers.TestInvoker.retryFailed(TestInvoker.java:269)
at org.testng.internal.invokers.MethodRunner.runInSequence(MethodRunner.java:76)
at org.testng.internal.invokers.TestInvoker$MethodInvocationAgent.invoke(TestInvoker.java:995)
at org.testng.internal.invokers.TestInvoker.invokeTestMethods(TestInvoker.java:203)
at org.testng.internal.invokers.TestMethodWorker.invokeTestMethods(TestMethodWorker.java:154)
at org.testng.internal.invokers.TestMethodWorker.run(TestMethodWorker.java:134)
at java.base/java.util.concurrent.Executors$RunnableAdapter.call(Executors.java:572)
at java.base/java.util.concurrent.FutureTask.run(FutureTask.java:317)
at org.testng.internal.thread.graph.TestNGFutureTask.run(TestNGFutureTask.java:22)
at java.base/java.util.concurrent.ThreadPoolExecutor.runWorker(ThreadPoolExecutor.java:1144)
at java.base/java.util.concurrent.ThreadPoolExecutor$Worker.run(ThreadPoolExecutor.java:642)
at java.base/java.lang.Thread.run(Thread.java:1583)
]]>
    </failure>
  </testcase> <!-- verifyRegister -->
  <testcase classname="com.dsalgo.automation.tests.RegisterPageTest" name="verifyRegister" time="0.838">
    <skipped/>
  </testcase> <!-- verifyRegister -->
  <testcase classname="com.dsalgo.automation.tests.RegisterPageTest" name="verifyRegister" time="0.842">
    <skipped/>
  </testcase> <!-- verifyRegister -->
  <testcase classname="com.dsalgo.automation.tests.RegisterPageTest" name="verifyRegister" time="1.071">
    <skipped/>
  </testcase> <!-- verifyRegister -->
  <testcase classname="com.dsalgo.automation.tests.RegisterPageTest" name="verifyRegister" time="0.805">
    <skipped/>
  </testcase> <!-- verifyRegister -->
  <testcase classname="com.dsalgo.automation.tests.RegisterPageTest" name="verifyRegister" time="1.065">
    <skipped/>
  </testcase> <!-- verifyRegister -->
  <testcase classname="com.dsalgo.automation.tests.RegisterPageTest" name="verifyRegister" time="0.793">
    <failure message="Test failed: Incorrect error message displayed." type="java.lang.AssertionError">
      <![CDATA[java.lang.AssertionError: Test failed: Incorrect error message displayed.
at com.dsalgo.automation.tests.RegisterPageTest.verifyDisplayMessage(RegisterPageTest.java:188)
at com.dsalgo.automation.tests.RegisterPageTest.verifyRegister(RegisterPageTest.java:83)
at java.base/jdk.internal.reflect.DirectMethodHandleAccessor.invoke(DirectMethodHandleAccessor.java:103)
at java.base/java.lang.reflect.Method.invoke(Method.java:580)
at org.testng.internal.invokers.MethodInvocationHelper.invokeMethod(MethodInvocationHelper.java:141)
at org.testng.internal.invokers.TestInvoker.invokeMethod(TestInvoker.java:687)
at org.testng.internal.invokers.TestInvoker.retryFailed(TestInvoker.java:269)
at org.testng.internal.invokers.MethodRunner.runInSequence(MethodRunner.java:76)
at org.testng.internal.invokers.TestInvoker$MethodInvocationAgent.invoke(TestInvoker.java:995)
at org.testng.internal.invokers.TestInvoker.invokeTestMethods(TestInvoker.java:203)
at org.testng.internal.invokers.TestMethodWorker.invokeTestMethods(TestMethodWorker.java:154)
at org.testng.internal.invokers.TestMethodWorker.run(TestMethodWorker.java:134)
at java.base/java.util.concurrent.Executors$RunnableAdapter.call(Executors.java:572)
at java.base/java.util.concurrent.FutureTask.run(FutureTask.java:317)
at org.testng.internal.thread.graph.TestNGFutureTask.run(TestNGFutureTask.java:22)
at java.base/java.util.concurrent.ThreadPoolExecutor.runWorker(ThreadPoolExecutor.java:1144)
at java.base/java.util.concurrent.ThreadPoolExecutor$Worker.run(ThreadPoolExecutor.java:642)
at java.base/java.lang.Thread.run(Thread.java:1583)
]]>
    </failure>
  </testcase> <!-- verifyRegister -->
  <testcase classname="com.dsalgo.automation.tests.RegisterPageTest" name="verifyRegister" time="0.905">
    <failure message="Test failed: Incorrect error message displayed." type="java.lang.AssertionError">
      <![CDATA[java.lang.AssertionError: Test failed: Incorrect error message displayed.
at com.dsalgo.automation.tests.RegisterPageTest.verifyDisplayMessage(RegisterPageTest.java:188)
at com.dsalgo.automation.tests.RegisterPageTest.verifyRegister(RegisterPageTest.java:68)
at java.base/jdk.internal.reflect.DirectMethodHandleAccessor.invoke(DirectMethodHandleAccessor.java:103)
at java.base/java.lang.reflect.Method.invoke(Method.java:580)
at org.testng.internal.invokers.MethodInvocationHelper.invokeMethod(MethodInvocationHelper.java:141)
at org.testng.internal.invokers.TestInvoker.invokeMethod(TestInvoker.java:687)
at org.testng.internal.invokers.TestInvoker.retryFailed(TestInvoker.java:269)
at org.testng.internal.invokers.MethodRunner.runInSequence(MethodRunner.java:76)
at org.testng.internal.invokers.TestInvoker$MethodInvocationAgent.invoke(TestInvoker.java:995)
at org.testng.internal.invokers.TestInvoker.invokeTestMethods(TestInvoker.java:203)
at org.testng.internal.invokers.TestMethodWorker.invokeTestMethods(TestMethodWorker.java:154)
at org.testng.internal.invokers.TestMethodWorker.run(TestMethodWorker.java:134)
at java.base/java.util.concurrent.Executors$RunnableAdapter.call(Executors.java:572)
at java.base/java.util.concurrent.FutureTask.run(FutureTask.java:317)
at org.testng.internal.thread.graph.TestNGFutureTask.run(TestNGFutureTask.java:22)
at java.base/java.util.concurrent.ThreadPoolExecutor.runWorker(ThreadPoolExecutor.java:1144)
at java.base/java.util.concurrent.ThreadPoolExecutor$Worker.run(ThreadPoolExecutor.java:642)
at java.base/java.lang.Thread.run(Thread.java:1583)
]]>
    </failure>
  </testcase> <!-- verifyRegister -->
  <testcase classname="com.dsalgo.automation.tests.RegisterPageTest" name="verifyRegister" time="0.620"/>
  <testcase classname="com.dsalgo.automation.tests.RegisterPageTest" name="verifyRegister" time="0.932">
    <skipped/>
  </testcase> <!-- verifyRegister -->
  <testcase classname="com.dsalgo.automation.tests.RegisterPageTest" name="verifyRegister" time="0.822">
    <skipped/>
  </testcase> <!-- verifyRegister -->
  <testcase classname="com.dsalgo.automation.tests.RegisterPageTest" name="verifyRegister" time="0.777">
    <skipped/>
  </testcase> <!-- verifyRegister -->
  <testcase classname="com.dsalgo.automation.tests.RegisterPageTest" name="verifyRegister" time="0.899">
    <skipped/>
  </testcase> <!-- verifyRegister -->
  <testcase classname="com.dsalgo.automation.tests.RegisterPageTest" name="verifyRegister" time="1.021">
    <skipped/>
  </testcase> <!-- verifyRegister -->
  <testcase classname="com.dsalgo.automation.tests.RegisterPageTest" name="verifyRegister" time="1.057">
    <failure message="Test failed: Incorrect error message displayed." type="java.lang.AssertionError">
      <![CDATA[java.lang.AssertionError: Test failed: Incorrect error message displayed.
at com.dsalgo.automation.tests.RegisterPageTest.verifyDisplayMessage(RegisterPageTest.java:188)
at com.dsalgo.automation.tests.RegisterPageTest.verifyRegister(RegisterPageTest.java:83)
at java.base/jdk.internal.reflect.DirectMethodHandleAccessor.invoke(DirectMethodHandleAccessor.java:103)
at java.base/java.lang.reflect.Method.invoke(Method.java:580)
at org.testng.internal.invokers.MethodInvocationHelper.invokeMethod(MethodInvocationHelper.java:141)
at org.testng.internal.invokers.TestInvoker.invokeMethod(TestInvoker.java:687)
at org.testng.internal.invokers.TestInvoker.retryFailed(TestInvoker.java:269)
at org.testng.internal.invokers.MethodRunner.runInSequence(MethodRunner.java:76)
at org.testng.internal.invokers.TestInvoker$MethodInvocationAgent.invoke(TestInvoker.java:995)
at org.testng.internal.invokers.TestInvoker.invokeTestMethods(TestInvoker.java:203)
at org.testng.internal.invokers.TestMethodWorker.invokeTestMethods(TestMethodWorker.java:154)
at org.testng.internal.invokers.TestMethodWorker.run(TestMethodWorker.java:134)
at java.base/java.util.concurrent.Executors$RunnableAdapter.call(Executors.java:572)
at java.base/java.util.concurrent.FutureTask.run(FutureTask.java:317)
at org.testng.internal.thread.graph.TestNGFutureTask.run(TestNGFutureTask.java:22)
at java.base/java.util.concurrent.ThreadPoolExecutor.runWorker(ThreadPoolExecutor.java:1144)
at java.base/java.util.concurrent.ThreadPoolExecutor$Worker.run(ThreadPoolExecutor.java:642)
at java.base/java.lang.Thread.run(Thread.java:1583)
]]>
    </failure>
  </testcase> <!-- verifyRegister -->
  <testcase classname="com.dsalgo.automation.tests.RegisterPageTest" name="verifyRegister" time="0.788">
    <skipped/>
  </testcase> <!-- verifyRegister -->
  <testcase classname="com.dsalgo.automation.tests.RegisterPageTest" name="verifyRegister" time="0.752"/>
  <testcase classname="com.dsalgo.automation.tests.RegisterPageTest" name="verifyRegister" time="1.616"/>
  <testcase classname="com.dsalgo.automation.tests.RegisterPageTest" name="verifyRegister" time="0.847">
    <skipped/>
  </testcase> <!-- verifyRegister -->
  <testcase classname="com.dsalgo.automation.tests.RegisterPageTest" name="verifyRegister" time="0.766">
    <skipped/>
  </testcase> <!-- verifyRegister -->
  <testcase classname="com.dsalgo.automation.tests.RegisterPageTest" name="verifyRegister" time="0.698"/>
  <testcase classname="com.dsalgo.automation.tests.RegisterPageTest" name="verifyRegister" time="0.601"/>
  <testcase classname="com.dsalgo.automation.tests.RegisterPageTest" name="verifyRegister" time="0.704"/>
  <testcase classname="com.dsalgo.automation.tests.RegisterPageTest" name="verifyRegister" time="0.604"/>
  <testcase classname="com.dsalgo.automation.tests.RegisterPageTest" name="verifyRegister" time="0.611">
    <failure message="Test failed: Incorrect error message displayed." type="java.lang.AssertionError">
      <![CDATA[java.lang.AssertionError: Test failed: Incorrect error message displayed.
at com.dsalgo.automation.tests.RegisterPageTest.verifyDisplayMessage(RegisterPageTest.java:188)
at com.dsalgo.automation.tests.RegisterPageTest.verifyRegister(RegisterPageTest.java:83)
at java.base/jdk.internal.reflect.DirectMethodHandleAccessor.invoke(DirectMethodHandleAccessor.java:103)
at java.base/java.lang.reflect.Method.invoke(Method.java:580)
at org.testng.internal.invokers.MethodInvocationHelper.invokeMethod(MethodInvocationHelper.java:141)
at org.testng.internal.invokers.TestInvoker.invokeMethod(TestInvoker.java:687)
at org.testng.internal.invokers.TestInvoker.retryFailed(TestInvoker.java:269)
at org.testng.internal.invokers.MethodRunner.runInSequence(MethodRunner.java:76)
at org.testng.internal.invokers.TestInvoker$MethodInvocationAgent.invoke(TestInvoker.java:995)
at org.testng.internal.invokers.TestInvoker.invokeTestMethods(TestInvoker.java:203)
at org.testng.internal.invokers.TestMethodWorker.invokeTestMethods(TestMethodWorker.java:154)
at org.testng.internal.invokers.TestMethodWorker.run(TestMethodWorker.java:134)
at java.base/java.util.concurrent.Executors$RunnableAdapter.call(Executors.java:572)
at java.base/java.util.concurrent.FutureTask.run(FutureTask.java:317)
at org.testng.internal.thread.graph.TestNGFutureTask.run(TestNGFutureTask.java:22)
at java.base/java.util.concurrent.ThreadPoolExecutor.runWorker(ThreadPoolExecutor.java:1144)
at java.base/java.util.concurrent.ThreadPoolExecutor$Worker.run(ThreadPoolExecutor.java:642)
at java.base/java.lang.Thread.run(Thread.java:1583)
]]>
    </failure>
  </testcase> <!-- verifyRegister -->
  <testcase classname="com.dsalgo.automation.tests.RegisterPageTest" name="verifyRegister" time="1.045">
    <skipped/>
  </testcase> <!-- verifyRegister -->
  <testcase classname="com.dsalgo.automation.tests.RegisterPageTest" name="verifyRegister" time="0.864"/>
  <testcase classname="com.dsalgo.automation.tests.RegisterPageTest" name="verifyRegister" time="0.790"/>
  <testcase classname="com.dsalgo.automation.tests.RegisterPageTest" name="verifyRegister" time="0.760"/>
  <testcase classname="com.dsalgo.automation.tests.RegisterPageTest" name="verifyRegister" time="0.676"/>
  <testcase classname="com.dsalgo.automation.tests.RegisterPageTest" name="verifyRegister" time="0.762">
    <failure message="expected [New Account Created. You are logged in as abc@testers.com] but found [password_mismatch:The two password fields didn’t match.]" type="java.lang.AssertionError">
      <![CDATA[java.lang.AssertionError: expected [New Account Created. You are logged in as abc@testers.com] but found [password_mismatch:The two password fields didn’t match.]
at org.testng.Assert.fail(Assert.java:111)
at org.testng.Assert.failNotEquals(Assert.java:1590)
at org.testng.Assert.assertEqualsImpl(Assert.java:150)
at org.testng.Assert.assertEquals(Assert.java:132)
at org.testng.Assert.assertEquals(Assert.java:656)
at org.testng.Assert.assertEquals(Assert.java:666)
at com.dsalgo.automation.tests.RegisterPageTest.verifyValidRegister(RegisterPageTest.java:150)
at com.dsalgo.automation.tests.RegisterPageTest.verifyRegister(RegisterPageTest.java:53)
at java.base/jdk.internal.reflect.DirectMethodHandleAccessor.invoke(DirectMethodHandleAccessor.java:103)
at java.base/java.lang.reflect.Method.invoke(Method.java:580)
at org.testng.internal.invokers.MethodInvocationHelper.invokeMethod(MethodInvocationHelper.java:141)
at org.testng.internal.invokers.TestInvoker.invokeMethod(TestInvoker.java:687)
at org.testng.internal.invokers.TestInvoker.retryFailed(TestInvoker.java:269)
at org.testng.internal.invokers.MethodRunner.runInSequence(MethodRunner.java:76)
at org.testng.internal.invokers.TestInvoker$MethodInvocationAgent.invoke(TestInvoker.java:995)
at org.testng.internal.invokers.TestInvoker.invokeTestMethods(TestInvoker.java:203)
at org.testng.internal.invokers.TestMethodWorker.invokeTestMethods(TestMethodWorker.java:154)
at org.testng.internal.invokers.TestMethodWorker.run(TestMethodWorker.java:134)
at java.base/java.util.concurrent.Executors$RunnableAdapter.call(Executors.java:572)
at java.base/java.util.concurrent.FutureTask.run(FutureTask.java:317)
at org.testng.internal.thread.graph.TestNGFutureTask.run(TestNGFutureTask.java:22)
at java.base/java.util.concurrent.ThreadPoolExecutor.runWorker(ThreadPoolExecutor.java:1144)
at java.base/java.util.concurrent.ThreadPoolExecutor$Worker.run(ThreadPoolExecutor.java:642)
at java.base/java.lang.Thread.run(Thread.java:1583)
]]>
    </failure>
  </testcase> <!-- verifyRegister -->
  <testcase classname="com.dsalgo.automation.tests.RegisterPageTest" name="verifyRegister" time="0.610">
    <failure message="Test failed: Incorrect error message displayed." type="java.lang.AssertionError">
      <![CDATA[java.lang.AssertionError: Test failed: Incorrect error message displayed.
at com.dsalgo.automation.tests.RegisterPageTest.verifyDisplayMessage(RegisterPageTest.java:188)
at com.dsalgo.automation.tests.RegisterPageTest.verifyRegister(RegisterPageTest.java:68)
at java.base/jdk.internal.reflect.DirectMethodHandleAccessor.invoke(DirectMethodHandleAccessor.java:103)
at java.base/java.lang.reflect.Method.invoke(Method.java:580)
at org.testng.internal.invokers.MethodInvocationHelper.invokeMethod(MethodInvocationHelper.java:141)
at org.testng.internal.invokers.TestInvoker.invokeMethod(TestInvoker.java:687)
at org.testng.internal.invokers.TestInvoker.retryFailed(TestInvoker.java:269)
at org.testng.internal.invokers.MethodRunner.runInSequence(MethodRunner.java:76)
at org.testng.internal.invokers.TestInvoker$MethodInvocationAgent.invoke(TestInvoker.java:995)
at org.testng.internal.invokers.TestInvoker.invokeTestMethods(TestInvoker.java:203)
at org.testng.internal.invokers.TestMethodWorker.invokeTestMethods(TestMethodWorker.java:154)
at org.testng.internal.invokers.TestMethodWorker.run(TestMethodWorker.java:134)
at java.base/java.util.concurrent.Executors$RunnableAdapter.call(Executors.java:572)
at java.base/java.util.concurrent.FutureTask.run(FutureTask.java:317)
at org.testng.internal.thread.graph.TestNGFutureTask.run(TestNGFutureTask.java:22)
at java.base/java.util.concurrent.ThreadPoolExecutor.runWorker(ThreadPoolExecutor.java:1144)
at java.base/java.util.concurrent.ThreadPoolExecutor$Worker.run(ThreadPoolExecutor.java:642)
at java.base/java.lang.Thread.run(Thread.java:1583)
]]>
    </failure>
  </testcase> <!-- verifyRegister -->
  <testcase classname="com.dsalgo.automation.tests.RegisterPageTest" name="verifyRegister" time="1.029"/>
  <testcase classname="com.dsalgo.automation.tests.RegisterPageTest" name="verifyRegister" time="0.747">
    <failure message="Test failed: Incorrect error message displayed." type="java.lang.AssertionError">
      <![CDATA[java.lang.AssertionError: Test failed: Incorrect error message displayed.
at com.dsalgo.automation.tests.RegisterPageTest.verifyDisplayMessage(RegisterPageTest.java:188)
at com.dsalgo.automation.tests.RegisterPageTest.verifyRegister(RegisterPageTest.java:98)
at java.base/jdk.internal.reflect.DirectMethodHandleAccessor.invoke(DirectMethodHandleAccessor.java:103)
at java.base/java.lang.reflect.Method.invoke(Method.java:580)
at org.testng.internal.invokers.MethodInvocationHelper.invokeMethod(MethodInvocationHelper.java:141)
at org.testng.internal.invokers.TestInvoker.invokeMethod(TestInvoker.java:687)
at org.testng.internal.invokers.TestInvoker.retryFailed(TestInvoker.java:269)
at org.testng.internal.invokers.MethodRunner.runInSequence(MethodRunner.java:76)
at org.testng.internal.invokers.TestInvoker$MethodInvocationAgent.invoke(TestInvoker.java:995)
at org.testng.internal.invokers.TestInvoker.invokeTestMethods(TestInvoker.java:203)
at org.testng.internal.invokers.TestMethodWorker.invokeTestMethods(TestMethodWorker.java:154)
at org.testng.internal.invokers.TestMethodWorker.run(TestMethodWorker.java:134)
at java.base/java.util.concurrent.Executors$RunnableAdapter.call(Executors.java:572)
at java.base/java.util.concurrent.FutureTask.run(FutureTask.java:317)
at org.testng.internal.thread.graph.TestNGFutureTask.run(TestNGFutureTask.java:22)
at java.base/java.util.concurrent.ThreadPoolExecutor.runWorker(ThreadPoolExecutor.java:1144)
at java.base/java.util.concurrent.ThreadPoolExecutor$Worker.run(ThreadPoolExecutor.java:642)
at java.base/java.lang.Thread.run(Thread.java:1583)
]]>
    </failure>
  </testcase> <!-- verifyRegister -->
  <testcase classname="com.dsalgo.automation.tests.RegisterPageTest" name="verifyRegister" time="1.507">
    <skipped/>
  </testcase> <!-- verifyRegister -->
  <testcase classname="com.dsalgo.automation.tests.RegisterPageTest" name="verifyRegister" time="1.095">
    <failure message="Test failed: Incorrect error message displayed." type="java.lang.AssertionError">
      <![CDATA[java.lang.AssertionError: Test failed: Incorrect error message displayed.
at com.dsalgo.automation.tests.RegisterPageTest.verifyDisplayMessage(RegisterPageTest.java:188)
at com.dsalgo.automation.tests.RegisterPageTest.verifyRegister(RegisterPageTest.java:93)
at java.base/jdk.internal.reflect.DirectMethodHandleAccessor.invoke(DirectMethodHandleAccessor.java:103)
at java.base/java.lang.reflect.Method.invoke(Method.java:580)
at org.testng.internal.invokers.MethodInvocationHelper.invokeMethod(MethodInvocationHelper.java:141)
at org.testng.internal.invokers.TestInvoker.invokeMethod(TestInvoker.java:687)
at org.testng.internal.invokers.TestInvoker.retryFailed(TestInvoker.java:269)
at org.testng.internal.invokers.MethodRunner.runInSequence(MethodRunner.java:76)
at org.testng.internal.invokers.TestInvoker$MethodInvocationAgent.invoke(TestInvoker.java:995)
at org.testng.internal.invokers.TestInvoker.invokeTestMethods(TestInvoker.java:203)
at org.testng.internal.invokers.TestMethodWorker.invokeTestMethods(TestMethodWorker.java:154)
at org.testng.internal.invokers.TestMethodWorker.run(TestMethodWorker.java:134)
at java.base/java.util.concurrent.Executors$RunnableAdapter.call(Executors.java:572)
at java.base/java.util.concurrent.FutureTask.run(FutureTask.java:317)
at org.testng.internal.thread.graph.TestNGFutureTask.run(TestNGFutureTask.java:22)
at java.base/java.util.concurrent.ThreadPoolExecutor.runWorker(ThreadPoolExecutor.java:1144)
at java.base/java.util.concurrent.ThreadPoolExecutor$Worker.run(ThreadPoolExecutor.java:642)
at java.base/java.lang.Thread.run(Thread.java:1583)
]]>
    </failure>
  </testcase> <!-- verifyRegister -->
  <testcase classname="com.dsalgo.automation.tests.RegisterPageTest" name="verifyRegister" time="0.768">
    <failure message="Test failed: Incorrect error message displayed." type="java.lang.AssertionError">
      <![CDATA[java.lang.AssertionError: Test failed: Incorrect error message displayed.
at com.dsalgo.automation.tests.RegisterPageTest.verifyDisplayMessage(RegisterPageTest.java:188)
at com.dsalgo.automation.tests.RegisterPageTest.verifyRegister(RegisterPageTest.java:98)
at java.base/jdk.internal.reflect.DirectMethodHandleAccessor.invoke(DirectMethodHandleAccessor.java:103)
at java.base/java.lang.reflect.Method.invoke(Method.java:580)
at org.testng.internal.invokers.MethodInvocationHelper.invokeMethod(MethodInvocationHelper.java:141)
at org.testng.internal.invokers.TestInvoker.invokeMethod(TestInvoker.java:687)
at org.testng.internal.invokers.TestInvoker.retryFailed(TestInvoker.java:269)
at org.testng.internal.invokers.MethodRunner.runInSequence(MethodRunner.java:76)
at org.testng.internal.invokers.TestInvoker$MethodInvocationAgent.invoke(TestInvoker.java:995)
at org.testng.internal.invokers.TestInvoker.invokeTestMethods(TestInvoker.java:203)
at org.testng.internal.invokers.TestMethodWorker.invokeTestMethods(TestMethodWorker.java:154)
at org.testng.internal.invokers.TestMethodWorker.run(TestMethodWorker.java:134)
at java.base/java.util.concurrent.Executors$RunnableAdapter.call(Executors.java:572)
at java.base/java.util.concurrent.FutureTask.run(FutureTask.java:317)
at org.testng.internal.thread.graph.TestNGFutureTask.run(TestNGFutureTask.java:22)
at java.base/java.util.concurrent.ThreadPoolExecutor.runWorker(ThreadPoolExecutor.java:1144)
at java.base/java.util.concurrent.ThreadPoolExecutor$Worker.run(ThreadPoolExecutor.java:642)
at java.base/java.lang.Thread.run(Thread.java:1583)
]]>
    </failure>
  </testcase> <!-- verifyRegister -->
  <testcase classname="com.dsalgo.automation.tests.RegisterPageTest" name="verifyRegister" time="0.789">
    <skipped/>
  </testcase> <!-- verifyRegister -->
  <testcase classname="com.dsalgo.automation.tests.RegisterPageTest" name="verifyRegister" time="0.827">
    <skipped/>
  </testcase> <!-- verifyRegister -->
  <testcase classname="com.dsalgo.automation.tests.RegisterPageTest" name="verifyRegister" time="1.275"/>
  <testcase classname="com.dsalgo.automation.tests.RegisterPageTest" name="verifyRegister" time="0.799">
    <failure message="Test failed: Incorrect error message displayed." type="java.lang.AssertionError">
      <![CDATA[java.lang.AssertionError: Test failed: Incorrect error message displayed.
at com.dsalgo.automation.tests.RegisterPageTest.verifyDisplayMessage(RegisterPageTest.java:188)
at com.dsalgo.automation.tests.RegisterPageTest.verifyRegister(RegisterPageTest.java:93)
at java.base/jdk.internal.reflect.DirectMethodHandleAccessor.invoke(DirectMethodHandleAccessor.java:103)
at java.base/java.lang.reflect.Method.invoke(Method.java:580)
at org.testng.internal.invokers.MethodInvocationHelper.invokeMethod(MethodInvocationHelper.java:141)
at org.testng.internal.invokers.TestInvoker.invokeMethod(TestInvoker.java:687)
at org.testng.internal.invokers.TestInvoker.retryFailed(TestInvoker.java:269)
at org.testng.internal.invokers.MethodRunner.runInSequence(MethodRunner.java:76)
at org.testng.internal.invokers.TestInvoker$MethodInvocationAgent.invoke(TestInvoker.java:995)
at org.testng.internal.invokers.TestInvoker.invokeTestMethods(TestInvoker.java:203)
at org.testng.internal.invokers.TestMethodWorker.invokeTestMethods(TestMethodWorker.java:154)
at org.testng.internal.invokers.TestMethodWorker.run(TestMethodWorker.java:134)
at java.base/java.util.concurrent.Executors$RunnableAdapter.call(Executors.java:572)
at java.base/java.util.concurrent.FutureTask.run(FutureTask.java:317)
at org.testng.internal.thread.graph.TestNGFutureTask.run(TestNGFutureTask.java:22)
at java.base/java.util.concurrent.ThreadPoolExecutor.runWorker(ThreadPoolExecutor.java:1144)
at java.base/java.util.concurrent.ThreadPoolExecutor$Worker.run(ThreadPoolExecutor.java:642)
at java.base/java.lang.Thread.run(Thread.java:1583)
]]>
    </failure>
  </testcase> <!-- verifyRegister -->
  <testcase classname="com.dsalgo.automation.tests.RegisterPageTest" name="verifyRegister" time="0.803">
    <skipped/>
  </testcase> <!-- verifyRegister -->
  <testcase classname="com.dsalgo.automation.tests.RegisterPageTest" name="verifyRegister" time="0.955">
    <skipped/>
  </testcase> <!-- verifyRegister -->
  <testcase classname="com.dsalgo.automation.tests.RegisterPageTest" name="verifyRegister" time="0.675">
    <skipped/>
  </testcase> <!-- verifyRegister -->
  <testcase classname="com.dsalgo.automation.tests.RegisterPageTest" name="verifyRegister" time="0.877">
    <failure message="Test failed: Incorrect error message displayed." type="java.lang.AssertionError">
      <![CDATA[java.lang.AssertionError: Test failed: Incorrect error message displayed.
at com.dsalgo.automation.tests.RegisterPageTest.verifyDisplayMessage(RegisterPageTest.java:188)
at com.dsalgo.automation.tests.RegisterPageTest.verifyRegister(RegisterPageTest.java:88)
at java.base/jdk.internal.reflect.DirectMethodHandleAccessor.invoke(DirectMethodHandleAccessor.java:103)
at java.base/java.lang.reflect.Method.invoke(Method.java:580)
at org.testng.internal.invokers.MethodInvocationHelper.invokeMethod(MethodInvocationHelper.java:141)
at org.testng.internal.invokers.TestInvoker.invokeMethod(TestInvoker.java:687)
at org.testng.internal.invokers.TestInvoker.retryFailed(TestInvoker.java:269)
at org.testng.internal.invokers.MethodRunner.runInSequence(MethodRunner.java:76)
at org.testng.internal.invokers.TestInvoker$MethodInvocationAgent.invoke(TestInvoker.java:995)
at org.testng.internal.invokers.TestInvoker.invokeTestMethods(TestInvoker.java:203)
at org.testng.internal.invokers.TestMethodWorker.invokeTestMethods(TestMethodWorker.java:154)
at org.testng.internal.invokers.TestMethodWorker.run(TestMethodWorker.java:134)
at java.base/java.util.concurrent.Executors$RunnableAdapter.call(Executors.java:572)
at java.base/java.util.concurrent.FutureTask.run(FutureTask.java:317)
at org.testng.internal.thread.graph.TestNGFutureTask.run(TestNGFutureTask.java:22)
at java.base/java.util.concurrent.ThreadPoolExecutor.runWorker(ThreadPoolExecutor.java:1144)
at java.base/java.util.concurrent.ThreadPoolExecutor$Worker.run(ThreadPoolExecutor.java:642)
at java.base/java.lang.Thread.run(Thread.java:1583)
]]>
    </failure>
  </testcase> <!-- verifyRegister -->
  <testcase classname="com.dsalgo.automation.tests.RegisterPageTest" name="verifyRegister" time="0.826">
    <skipped/>
  </testcase> <!-- verifyRegister -->
  <testcase classname="com.dsalgo.automation.tests.RegisterPageTest" name="verifyRegister" time="0.808">
    <skipped/>
  </testcase> <!-- verifyRegister -->
  <testcase classname="com.dsalgo.automation.tests.RegisterPageTest" name="verifyRegister" time="0.526">
    <skipped/>
  </testcase> <!-- verifyRegister -->
  <testcase classname="com.dsalgo.automation.tests.RegisterPageTest" name="verifyRegister" time="0.770"/>
  <testcase classname="com.dsalgo.automation.tests.RegisterPageTest" name="verifyRegister" time="1.377">
    <failure message="Test failed: Incorrect error message displayed." type="java.lang.AssertionError">
      <![CDATA[java.lang.AssertionError: Test failed: Incorrect error message displayed.
at com.dsalgo.automation.tests.RegisterPageTest.verifyDisplayMessage(RegisterPageTest.java:188)
at com.dsalgo.automation.tests.RegisterPageTest.verifyRegister(RegisterPageTest.java:88)
at java.base/jdk.internal.reflect.DirectMethodHandleAccessor.invoke(DirectMethodHandleAccessor.java:103)
at java.base/java.lang.reflect.Method.invoke(Method.java:580)
at org.testng.internal.invokers.MethodInvocationHelper.invokeMethod(MethodInvocationHelper.java:141)
at org.testng.internal.invokers.TestInvoker.invokeMethod(TestInvoker.java:687)
at org.testng.internal.invokers.TestInvoker.retryFailed(TestInvoker.java:269)
at org.testng.internal.invokers.MethodRunner.runInSequence(MethodRunner.java:76)
at org.testng.internal.invokers.TestInvoker$MethodInvocationAgent.invoke(TestInvoker.java:995)
at org.testng.internal.invokers.TestInvoker.invokeTestMethods(TestInvoker.java:203)
at org.testng.internal.invokers.TestMethodWorker.invokeTestMethods(TestMethodWorker.java:154)
at org.testng.internal.invokers.TestMethodWorker.run(TestMethodWorker.java:134)
at java.base/java.util.concurrent.Executors$RunnableAdapter.call(Executors.java:572)
at java.base/java.util.concurrent.FutureTask.run(FutureTask.java:317)
at org.testng.internal.thread.graph.TestNGFutureTask.run(TestNGFutureTask.java:22)
at java.base/java.util.concurrent.ThreadPoolExecutor.runWorker(ThreadPoolExecutor.java:1144)
at java.base/java.util.concurrent.ThreadPoolExecutor$Worker.run(ThreadPoolExecutor.java:642)
at java.base/java.lang.Thread.run(Thread.java:1583)
]]>
    </failure>
  </testcase> <!-- verifyRegister -->
  <testcase classname="com.dsalgo.automation.tests.RegisterPageTest" name="verifyRegister" time="0.780">
    <skipped/>
  </testcase> <!-- verifyRegister -->
  <testcase classname="com.dsalgo.automation.tests.RegisterPageTest" name="verifyRegister" time="0.657"/>
  <testcase classname="com.dsalgo.automation.tests.RegisterPageTest" name="verifyRegister" time="0.786">
    <failure message="Test failed: Incorrect error message displayed." type="java.lang.AssertionError">
      <![CDATA[java.lang.AssertionError: Test failed: Incorrect error message displayed.
at com.dsalgo.automation.tests.RegisterPageTest.verifyDisplayMessage(RegisterPageTest.java:188)
at com.dsalgo.automation.tests.RegisterPageTest.verifyRegister(RegisterPageTest.java:68)
at java.base/jdk.internal.reflect.DirectMethodHandleAccessor.invoke(DirectMethodHandleAccessor.java:103)
at java.base/java.lang.reflect.Method.invoke(Method.java:580)
at org.testng.internal.invokers.MethodInvocationHelper.invokeMethod(MethodInvocationHelper.java:141)
at org.testng.internal.invokers.TestInvoker.invokeMethod(TestInvoker.java:687)
at org.testng.internal.invokers.TestInvoker.retryFailed(TestInvoker.java:269)
at org.testng.internal.invokers.MethodRunner.runInSequence(MethodRunner.java:76)
at org.testng.internal.invokers.TestInvoker$MethodInvocationAgent.invoke(TestInvoker.java:995)
at org.testng.internal.invokers.TestInvoker.invokeTestMethods(TestInvoker.java:203)
at org.testng.internal.invokers.TestMethodWorker.invokeTestMethods(TestMethodWorker.java:154)
at org.testng.internal.invokers.TestMethodWorker.run(TestMethodWorker.java:134)
at java.base/java.util.concurrent.Executors$RunnableAdapter.call(Executors.java:572)
at java.base/java.util.concurrent.FutureTask.run(FutureTask.java:317)
at org.testng.internal.thread.graph.TestNGFutureTask.run(TestNGFutureTask.java:22)
at java.base/java.util.concurrent.ThreadPoolExecutor.runWorker(ThreadPoolExecutor.java:1144)
at java.base/java.util.concurrent.ThreadPoolExecutor$Worker.run(ThreadPoolExecutor.java:642)
at java.base/java.lang.Thread.run(Thread.java:1583)
]]>
    </failure>
  </testcase> <!-- verifyRegister -->
  <testcase classname="com.dsalgo.automation.tests.RegisterPageTest" name="verifyRegister" time="0.796">
    <skipped/>
  </testcase> <!-- verifyRegister -->
  <testcase classname="com.dsalgo.automation.tests.RegisterPageTest" name="verifyRegister" time="0.646">
    <skipped/>
  </testcase> <!-- verifyRegister -->
  <testcase classname="com.dsalgo.automation.tests.RegisterPageTest" name="verifyRegister" time="0.940">
    <skipped/>
  </testcase> <!-- verifyRegister -->
  <testcase classname="com.dsalgo.automation.tests.RegisterPageTest" name="verifyRegister" time="0.926">
    <skipped/>
  </testcase> <!-- verifyRegister -->
  <testcase classname="com.dsalgo.automation.tests.RegisterPageTest" name="verifyRegister" time="0.904">
    <skipped/>
  </testcase> <!-- verifyRegister -->
  <testcase classname="com.dsalgo.automation.tests.RegisterPageTest" name="verifyRegister" time="0.694">
    <failure message="Test failed: Incorrect error message displayed." type="java.lang.AssertionError">
      <![CDATA[java.lang.AssertionError: Test failed: Incorrect error message displayed.
at com.dsalgo.automation.tests.RegisterPageTest.verifyDisplayMessage(RegisterPageTest.java:188)
at com.dsalgo.automation.tests.RegisterPageTest.verifyRegister(RegisterPageTest.java:88)
at java.base/jdk.internal.reflect.DirectMethodHandleAccessor.invoke(DirectMethodHandleAccessor.java:103)
at java.base/java.lang.reflect.Method.invoke(Method.java:580)
at org.testng.internal.invokers.MethodInvocationHelper.invokeMethod(MethodInvocationHelper.java:141)
at org.testng.internal.invokers.TestInvoker.invokeMethod(TestInvoker.java:687)
at org.testng.internal.invokers.TestInvoker.retryFailed(TestInvoker.java:269)
at org.testng.internal.invokers.MethodRunner.runInSequence(MethodRunner.java:76)
at org.testng.internal.invokers.TestInvoker$MethodInvocationAgent.invoke(TestInvoker.java:995)
at org.testng.internal.invokers.TestInvoker.invokeTestMethods(TestInvoker.java:203)
at org.testng.internal.invokers.TestMethodWorker.invokeTestMethods(TestMethodWorker.java:154)
at org.testng.internal.invokers.TestMethodWorker.run(TestMethodWorker.java:134)
at java.base/java.util.concurrent.Executors$RunnableAdapter.call(Executors.java:572)
at java.base/java.util.concurrent.FutureTask.run(FutureTask.java:317)
at org.testng.internal.thread.graph.TestNGFutureTask.run(TestNGFutureTask.java:22)
at java.base/java.util.concurrent.ThreadPoolExecutor.runWorker(ThreadPoolExecutor.java:1144)
at java.base/java.util.concurrent.ThreadPoolExecutor$Worker.run(ThreadPoolExecutor.java:642)
at java.base/java.lang.Thread.run(Thread.java:1583)
]]>
    </failure>
  </testcase> <!-- verifyRegister -->
  <testcase classname="com.dsalgo.automation.tests.RegisterPageTest" name="verifyRegister" time="0.751"/>
  <testcase classname="com.dsalgo.automation.tests.RegisterPageTest" name="verifyRegister" time="0.632">
    <skipped/>
  </testcase> <!-- verifyRegister -->
  <testcase classname="com.dsalgo.automation.tests.RegisterPageTest" name="verifyLoginLink" time="0.685"/>
  <testcase classname="com.dsalgo.automation.tests.RegisterPageTest" name="verifyLoginLink" time="0.672"/>
  <testcase classname="com.dsalgo.automation.tests.RegisterPageTest" name="verifyLoginLink" time="0.649"/>
  <testcase classname="com.dsalgo.automation.tests.RegisterPageTest" name="verifySignLink" time="0.785"/>
  <testcase classname="com.dsalgo.automation.tests.RegisterPageTest" name="verifySignLink" time="0.610"/>
  <testcase classname="com.dsalgo.automation.tests.RegisterPageTest" name="verifySignLink" time="0.654"/>
  <testcase classname="com.dsalgo.automation.tests.RegisterPageTest" name="verifyNumpyNinjaLink" time="0.623"/>
  <testcase classname="com.dsalgo.automation.tests.RegisterPageTest" name="verifyNumpyNinjaLink" time="1.797"/>
  <testcase classname="com.dsalgo.automation.tests.RegisterPageTest" name="verifyNumpyNinjaLink" time="0.833"/>
</testsuite> <!-- com.dsalgo.automation.tests.RegisterPageTest -->
