<?xml version="1.0" encoding="UTF-8"?>
<!-- Generated by org.testng.reporters.JUnitReportReporter -->
<testsuite hostname="MadhaviPoreddy" failures="4" tests="22" name="com.dsalgo.automation.tests.LinkedListPageTest" time="735.695" errors="0" timestamp="2025-05-02T12:21:51 EDT" skipped="0">
  <testcase classname="com.dsalgo.automation.tests.LinkedListPageTest" name="insertionTryEdit" time="34.339"/>
  <testcase classname="com.dsalgo.automation.tests.LinkedListPageTest" name="testcodeEditor" time="34.144"/>
  <testcase classname="com.dsalgo.automation.tests.LinkedListPageTest" name="testcodeEditor" time="34.275"/>
  <testcase classname="com.dsalgo.automation.tests.LinkedListPageTest" name="traversalTryEdit" time="34.098"/>
  <testcase classname="com.dsalgo.automation.tests.LinkedListPageTest" name="TypesOfLL_SinglyLinkedListLink" time="37.059">
    <failure message="Test Case Failed: Error page is displayed when clicked on the link expected [Singly Linked List] but found [www.javatpoint.com]" type="java.lang.AssertionError">
      <![CDATA[java.lang.AssertionError: Test Case Failed: Error page is displayed when clicked on the link expected [Singly Linked List] but found [www.javatpoint.com]
at org.testng.Assert.fail(Assert.java:111)
at org.testng.Assert.failNotEquals(Assert.java:1590)
at org.testng.Assert.assertEqualsImpl(Assert.java:150)
at org.testng.Assert.assertEquals(Assert.java:132)
at org.testng.Assert.assertEquals(Assert.java:656)
at com.dsalgo.automation.tests.LinkedListPageTest.TypesOfLL_SinglyLinkedListLink(LinkedListPageTest.java:150)
at java.base/jdk.internal.reflect.DirectMethodHandleAccessor.invoke(DirectMethodHandleAccessor.java:103)
at java.base/java.lang.reflect.Method.invoke(Method.java:580)
at org.testng.internal.invokers.MethodInvocationHelper.invokeMethod(MethodInvocationHelper.java:141)
at org.testng.internal.invokers.TestInvoker.invokeMethod(TestInvoker.java:687)
at org.testng.internal.invokers.TestInvoker.invokeTestMethod(TestInvoker.java:230)
at org.testng.internal.invokers.MethodRunner.runInSequence(MethodRunner.java:63)
at org.testng.internal.invokers.TestInvoker$MethodInvocationAgent.invoke(TestInvoker.java:995)
at org.testng.internal.invokers.TestInvoker.invokeTestMethods(TestInvoker.java:203)
at org.testng.internal.invokers.TestMethodWorker.invokeTestMethods(TestMethodWorker.java:154)
at org.testng.internal.invokers.TestMethodWorker.run(TestMethodWorker.java:134)
at java.base/java.util.ArrayList.forEach(ArrayList.java:1596)
at org.testng.TestRunner.privateRun(TestRunner.java:741)
at org.testng.TestRunner.run(TestRunner.java:616)
at org.testng.SuiteRunner.runTest(SuiteRunner.java:421)
at org.testng.SuiteRunner.runSequentially(SuiteRunner.java:413)
at org.testng.SuiteRunner.privateRun(SuiteRunner.java:373)
at org.testng.SuiteRunner.run(SuiteRunner.java:312)
at org.testng.SuiteRunnerWorker.runSuite(SuiteRunnerWorker.java:52)
at org.testng.SuiteRunnerWorker.run(SuiteRunnerWorker.java:95)
at org.testng.TestNG.runSuitesSequentially(TestNG.java:1274)
at org.testng.TestNG.runSuitesLocally(TestNG.java:1208)
at org.testng.TestNG.runSuites(TestNG.java:1112)
at org.testng.TestNG.run(TestNG.java:1079)
at org.testng.remote.AbstractRemoteTestNG.run(AbstractRemoteTestNG.java:115)
at org.testng.remote.RemoteTestNG.initAndRun(RemoteTestNG.java:293)
at org.testng.remote.RemoteTestNG.main(RemoteTestNG.java:91)
]]>
    </failure>
  </testcase> <!-- TypesOfLL_SinglyLinkedListLink -->
  <testcase classname="com.dsalgo.automation.tests.LinkedListPageTest" name="typesOfListLink" time="34.097"/>
  <testcase classname="com.dsalgo.automation.tests.LinkedListPageTest" name="typesOfListTryEdit" time="34.280"/>
  <testcase classname="com.dsalgo.automation.tests.LinkedListPageTest" name="implementLinkedListTryEdit" time="34.718"/>
  <testcase classname="com.dsalgo.automation.tests.LinkedListPageTest" name="testcodeEditor" time="35.811"/>
  <testcase classname="com.dsalgo.automation.tests.LinkedListPageTest" name="traversalLink" time="33.623"/>
  <testcase classname="com.dsalgo.automation.tests.LinkedListPageTest" name="linkedListIntroductionLink" time="2.369"/>
  <testcase classname="com.dsalgo.automation.tests.LinkedListPageTest" name="TypesOfLL_LinkedListLink" time="37.304">
    <failure message="Test Case Failed: Error page is displayed when clicked on the link expected [Linked List] but found [www.javatpoint.com]" type="java.lang.AssertionError">
      <![CDATA[java.lang.AssertionError: Test Case Failed: Error page is displayed when clicked on the link expected [Linked List] but found [www.javatpoint.com]
at org.testng.Assert.fail(Assert.java:111)
at org.testng.Assert.failNotEquals(Assert.java:1590)
at org.testng.Assert.assertEqualsImpl(Assert.java:150)
at org.testng.Assert.assertEquals(Assert.java:132)
at org.testng.Assert.assertEquals(Assert.java:656)
at com.dsalgo.automation.tests.LinkedListPageTest.TypesOfLL_LinkedListLink(LinkedListPageTest.java:158)
at java.base/jdk.internal.reflect.DirectMethodHandleAccessor.invoke(DirectMethodHandleAccessor.java:103)
at java.base/java.lang.reflect.Method.invoke(Method.java:580)
at org.testng.internal.invokers.MethodInvocationHelper.invokeMethod(MethodInvocationHelper.java:141)
at org.testng.internal.invokers.TestInvoker.invokeMethod(TestInvoker.java:687)
at org.testng.internal.invokers.TestInvoker.invokeTestMethod(TestInvoker.java:230)
at org.testng.internal.invokers.MethodRunner.runInSequence(MethodRunner.java:63)
at org.testng.internal.invokers.TestInvoker$MethodInvocationAgent.invoke(TestInvoker.java:995)
at org.testng.internal.invokers.TestInvoker.invokeTestMethods(TestInvoker.java:203)
at org.testng.internal.invokers.TestMethodWorker.invokeTestMethods(TestMethodWorker.java:154)
at org.testng.internal.invokers.TestMethodWorker.run(TestMethodWorker.java:134)
at java.base/java.util.ArrayList.forEach(ArrayList.java:1596)
at org.testng.TestRunner.privateRun(TestRunner.java:741)
at org.testng.TestRunner.run(TestRunner.java:616)
at org.testng.SuiteRunner.runTest(SuiteRunner.java:421)
at org.testng.SuiteRunner.runSequentially(SuiteRunner.java:413)
at org.testng.SuiteRunner.privateRun(SuiteRunner.java:373)
at org.testng.SuiteRunner.run(SuiteRunner.java:312)
at org.testng.SuiteRunnerWorker.runSuite(SuiteRunnerWorker.java:52)
at org.testng.SuiteRunnerWorker.run(SuiteRunnerWorker.java:95)
at org.testng.TestNG.runSuitesSequentially(TestNG.java:1274)
at org.testng.TestNG.runSuitesLocally(TestNG.java:1208)
at org.testng.TestNG.runSuites(TestNG.java:1112)
at org.testng.TestNG.run(TestNG.java:1079)
at org.testng.remote.AbstractRemoteTestNG.run(AbstractRemoteTestNG.java:115)
at org.testng.remote.RemoteTestNG.initAndRun(RemoteTestNG.java:293)
at org.testng.remote.RemoteTestNG.main(RemoteTestNG.java:91)
]]>
    </failure>
  </testcase> <!-- TypesOfLL_LinkedListLink -->
  <testcase classname="com.dsalgo.automation.tests.LinkedListPageTest" name="checkLinkedListLandingPage" time="33.455"/>
  <testcase classname="com.dsalgo.automation.tests.LinkedListPageTest" name="creatingLinkedList" time="33.638"/>
  <testcase classname="com.dsalgo.automation.tests.LinkedListPageTest" name="implementLinkedList" time="33.875"/>
  <testcase classname="com.dsalgo.automation.tests.LinkedListPageTest" name="creatingLinkedListTryEdit" time="35.266"/>
  <testcase classname="com.dsalgo.automation.tests.LinkedListPageTest" name="deletionLink" time="34.063"/>
  <testcase classname="com.dsalgo.automation.tests.LinkedListPageTest" name="deletionTryEdit" time="33.852"/>
  <testcase classname="com.dsalgo.automation.tests.LinkedListPageTest" name="linkedListIntroductionTryEdit" time="34.035"/>
  <testcase classname="com.dsalgo.automation.tests.LinkedListPageTest" name="TypesOfLL_DoublyLinkedListLink" time="37.019">
    <failure message="Test Case Failed: Error page is displayed when clicked on the link expected [Doubly Linked List] but found [www.javatpoint.com]" type="java.lang.AssertionError">
      <![CDATA[java.lang.AssertionError: Test Case Failed: Error page is displayed when clicked on the link expected [Doubly Linked List] but found [www.javatpoint.com]
at org.testng.Assert.fail(Assert.java:111)
at org.testng.Assert.failNotEquals(Assert.java:1590)
at org.testng.Assert.assertEqualsImpl(Assert.java:150)
at org.testng.Assert.assertEquals(Assert.java:132)
at org.testng.Assert.assertEquals(Assert.java:656)
at com.dsalgo.automation.tests.LinkedListPageTest.TypesOfLL_DoublyLinkedListLink(LinkedListPageTest.java:166)
at java.base/jdk.internal.reflect.DirectMethodHandleAccessor.invoke(DirectMethodHandleAccessor.java:103)
at java.base/java.lang.reflect.Method.invoke(Method.java:580)
at org.testng.internal.invokers.MethodInvocationHelper.invokeMethod(MethodInvocationHelper.java:141)
at org.testng.internal.invokers.TestInvoker.invokeMethod(TestInvoker.java:687)
at org.testng.internal.invokers.TestInvoker.invokeTestMethod(TestInvoker.java:230)
at org.testng.internal.invokers.MethodRunner.runInSequence(MethodRunner.java:63)
at org.testng.internal.invokers.TestInvoker$MethodInvocationAgent.invoke(TestInvoker.java:995)
at org.testng.internal.invokers.TestInvoker.invokeTestMethods(TestInvoker.java:203)
at org.testng.internal.invokers.TestMethodWorker.invokeTestMethods(TestMethodWorker.java:154)
at org.testng.internal.invokers.TestMethodWorker.run(TestMethodWorker.java:134)
at java.base/java.util.ArrayList.forEach(ArrayList.java:1596)
at org.testng.TestRunner.privateRun(TestRunner.java:741)
at org.testng.TestRunner.run(TestRunner.java:616)
at org.testng.SuiteRunner.runTest(SuiteRunner.java:421)
at org.testng.SuiteRunner.runSequentially(SuiteRunner.java:413)
at org.testng.SuiteRunner.privateRun(SuiteRunner.java:373)
at org.testng.SuiteRunner.run(SuiteRunner.java:312)
at org.testng.SuiteRunnerWorker.runSuite(SuiteRunnerWorker.java:52)
at org.testng.SuiteRunnerWorker.run(SuiteRunnerWorker.java:95)
at org.testng.TestNG.runSuitesSequentially(TestNG.java:1274)
at org.testng.TestNG.runSuitesLocally(TestNG.java:1208)
at org.testng.TestNG.runSuites(TestNG.java:1112)
at org.testng.TestNG.run(TestNG.java:1079)
at org.testng.remote.AbstractRemoteTestNG.run(AbstractRemoteTestNG.java:115)
at org.testng.remote.RemoteTestNG.initAndRun(RemoteTestNG.java:293)
at org.testng.remote.RemoteTestNG.main(RemoteTestNG.java:91)
]]>
    </failure>
  </testcase> <!-- TypesOfLL_DoublyLinkedListLink -->
  <testcase classname="com.dsalgo.automation.tests.LinkedListPageTest" name="TypesOfLL_TypesofLinkedListLink" time="40.632">
    <failure message="Test Case Failed: Error page is displayed when clicked on the link expected [Types of Linked List] but found [www.javatpoint.com]" type="java.lang.AssertionError">
      <![CDATA[java.lang.AssertionError: Test Case Failed: Error page is displayed when clicked on the link expected [Types of Linked List] but found [www.javatpoint.com]
at org.testng.Assert.fail(Assert.java:111)
at org.testng.Assert.failNotEquals(Assert.java:1590)
at org.testng.Assert.assertEqualsImpl(Assert.java:150)
at org.testng.Assert.assertEquals(Assert.java:132)
at org.testng.Assert.assertEquals(Assert.java:656)
at com.dsalgo.automation.tests.LinkedListPageTest.TypesOfLL_TypesofLinkedListLink(LinkedListPageTest.java:174)
at java.base/jdk.internal.reflect.DirectMethodHandleAccessor.invoke(DirectMethodHandleAccessor.java:103)
at java.base/java.lang.reflect.Method.invoke(Method.java:580)
at org.testng.internal.invokers.MethodInvocationHelper.invokeMethod(MethodInvocationHelper.java:141)
at org.testng.internal.invokers.TestInvoker.invokeMethod(TestInvoker.java:687)
at org.testng.internal.invokers.TestInvoker.invokeTestMethod(TestInvoker.java:230)
at org.testng.internal.invokers.MethodRunner.runInSequence(MethodRunner.java:63)
at org.testng.internal.invokers.TestInvoker$MethodInvocationAgent.invoke(TestInvoker.java:995)
at org.testng.internal.invokers.TestInvoker.invokeTestMethods(TestInvoker.java:203)
at org.testng.internal.invokers.TestMethodWorker.invokeTestMethods(TestMethodWorker.java:154)
at org.testng.internal.invokers.TestMethodWorker.run(TestMethodWorker.java:134)
at java.base/java.util.ArrayList.forEach(ArrayList.java:1596)
at org.testng.TestRunner.privateRun(TestRunner.java:741)
at org.testng.TestRunner.run(TestRunner.java:616)
at org.testng.SuiteRunner.runTest(SuiteRunner.java:421)
at org.testng.SuiteRunner.runSequentially(SuiteRunner.java:413)
at org.testng.SuiteRunner.privateRun(SuiteRunner.java:373)
at org.testng.SuiteRunner.run(SuiteRunner.java:312)
at org.testng.SuiteRunnerWorker.runSuite(SuiteRunnerWorker.java:52)
at org.testng.SuiteRunnerWorker.run(SuiteRunnerWorker.java:95)
at org.testng.TestNG.runSuitesSequentially(TestNG.java:1274)
at org.testng.TestNG.runSuitesLocally(TestNG.java:1208)
at org.testng.TestNG.runSuites(TestNG.java:1112)
at org.testng.TestNG.run(TestNG.java:1079)
at org.testng.remote.AbstractRemoteTestNG.run(AbstractRemoteTestNG.java:115)
at org.testng.remote.RemoteTestNG.initAndRun(RemoteTestNG.java:293)
at org.testng.remote.RemoteTestNG.main(RemoteTestNG.java:91)
]]>
    </failure>
  </testcase> <!-- TypesOfLL_TypesofLinkedListLink -->
  <testcase classname="com.dsalgo.automation.tests.LinkedListPageTest" name="insertionLink" time="33.743"/>
</testsuite> <!-- com.dsalgo.automation.tests.LinkedListPageTest -->
